<?xml version="1.0" encoding="utf-8"?><TestRun id="88b9c6d2-0771-4fc6-9be5-eeba6efd93ca" name="buildadmin@spc-a-testagent 2019-05-17 05:25:02" runUser="spc-a-testagent\buildadmin" xmlns="http://microsoft.com/schemas/VisualStudio/TeamTest/2010"><Times creation="2019-05-17T05:25:02.2397404+02:00" queuing="2019-05-17T05:25:02.2397552+02:00" start="2019-05-17T05:24:40.7651183+02:00" finish="2019-05-17T06:35:16.3794803+02:00" /><TestSettings name="default" id="d5540305-cc63-4bde-a554-cee1a26e9a43"><Deployment runDeploymentRoot="buildadmin_spc-a-testagent_2019-05-17_05_25_02" /></TestSettings><Results><UnitTestResult executionId="2c55084c-329a-40ac-99d2-0a457e46aa8e" testId="63cbaa3d-efae-49d1-b6fe-9f4c437b9fde" testName="KV - Aktuelle Transaktionen - Link" computerName="spc-a-testagent" duration="00:02:06.7160000" startTime="2019-05-17T06:35:11.3971468+02:00" endTime="2019-05-17T06:35:11.3971468+02:00" testType="13cdc9d9-ddb5-4fa4-a97d-d965ccfc6d4b" outcome="Failed" testListId="8c84fa94-04c1-424b-9868-57a2d4851a1d" relativeResultsDirectory="2c55084c-329a-40ac-99d2-0a457e46aa8e"><Output><ErrorInfo><Message>OpenQA.Selenium.WebDriverException : The HTTP request to the remote WebDriver server for URL http://localhost:56261/session/07a51659-d35f-46dd-96cd-4062f48e6ee7/element timed out after 120 seconds.&#xD;
---- System.Net.WebException : Die Anfrage wurde abgebrochen: Timeout für Vorgang überschritten.</Message><StackTrace>   bei OpenQA.Selenium.Remote.HttpCommandExecutor.MakeHttpRequest(HttpRequestInfo requestInfo)&#xD;
   bei OpenQA.Selenium.Remote.HttpCommandExecutor.Execute(Command commandToExecute)&#xD;
   bei OpenQA.Selenium.Remote.DriverServiceCommandExecutor.Execute(Command commandToExecute)&#xD;
   bei OpenQA.Selenium.Remote.RemoteWebDriver.Execute(String driverCommandToExecute, Dictionary`2 parameters)&#xD;
   bei OpenQA.Selenium.Remote.RemoteWebDriver.FindElement(String mechanism, String value)&#xD;
   bei OpenQA.Selenium.Remote.RemoteWebDriver.FindElementByXPath(String xpath)&#xD;
   bei OpenQA.Selenium.By.&lt;&gt;c__DisplayClass19_0.&lt;XPath&gt;b__0(ISearchContext context)&#xD;
   bei OpenQA.Selenium.By.FindElement(ISearchContext context)&#xD;
   bei OpenQA.Selenium.Remote.RemoteWebDriver.FindElement(By by)&#xD;
   bei SwissLife.F2c.FusionUITesting.Shared.Global.SelectContract(String userId, String contractId)&#xD;
   bei lambda_method(Closure , IContextManager , String , String )&#xD;
   bei TechTalk.SpecFlow.Bindings.BindingInvoker.InvokeBinding(IBinding binding, IContextManager contextManager, Object[] arguments, ITestTracer testTracer, TimeSpan&amp; duration)&#xD;
   bei TechTalk.SpecFlow.Infrastructure.TestExecutionEngine.ExecuteStepMatch(BindingMatch match, Object[] arguments)&#xD;
   bei TechTalk.SpecFlow.Infrastructure.TestExecutionEngine.ExecuteStep(IContextManager contextManager, StepInstance stepInstance)&#xD;
   bei TechTalk.SpecFlow.Infrastructure.TestExecutionEngine.OnAfterLastStep()&#xD;
   bei TechTalk.SpecFlow.TestRunner.CollectScenarioErrors()&#xD;
   bei SwissLife.F2c.FusionUITesting.Specs.KV.CurrentTransactionsCardFeature.ScenarioCleanup()&#xD;
   bei SwissLife.F2c.FusionUITesting.Specs.KV.CurrentTransactionsCardFeature.KV_AktuelleTransaktionen_Link()&#xD;
----- Inner Stack Trace -----&#xD;
   bei System.Net.HttpWebRequest.GetResponse()&#xD;
   bei OpenQA.Selenium.Remote.HttpCommandExecutor.MakeHttpRequest(HttpRequestInfo requestInfo)</StackTrace></ErrorInfo></Output></UnitTestResult><UnitTestResult executionId="502b454c-4740-43fa-b20e-7c5c78663f51" testId="d4565e8b-effb-48dc-ac38-d0f1f364e289" testName="Hypo - Details zur Hypothek - GesamtHypothek" computerName="spc-a-testagent" duration="00:00:11.9990000" startTime="2019-05-17T06:30:14.2921693+02:00" endTime="2019-05-17T06:30:14.2921693+02:00" testType="13cdc9d9-ddb5-4fa4-a97d-d965ccfc6d4b" outcome="Passed" testListId="8c84fa94-04c1-424b-9868-57a2d4851a1d" relativeResultsDirectory="502b454c-4740-43fa-b20e-7c5c78663f51" /><UnitTestResult executionId="a8f041e3-714a-4819-b5ca-56d0bdaef143" testId="51983eae-c4a8-4b0f-8ef9-5617f195d7fd" testName="KV - Alle Transaktionen - Sortierung aufsteigen" computerName="spc-a-testagent" duration="00:02:06.6340000" startTime="2019-05-17T06:15:45.1931200+02:00" endTime="2019-05-17T06:15:45.1931200+02:00" testType="13cdc9d9-ddb5-4fa4-a97d-d965ccfc6d4b" outcome="Failed" testListId="8c84fa94-04c1-424b-9868-57a2d4851a1d" relativeResultsDirectory="a8f041e3-714a-4819-b5ca-56d0bdaef143"><Output><ErrorInfo><Message>OpenQA.Selenium.NoSuchElementException : Unable to locate element: //li[text()='3800735791']/../..</Message><StackTrace>   bei OpenQA.Selenium.Remote.RemoteWebDriver.UnpackAndThrowOnError(Response errorResponse)&#xD;
   bei OpenQA.Selenium.Remote.RemoteWebDriver.Execute(String driverCommandToExecute, Dictionary`2 parameters)&#xD;
   bei OpenQA.Selenium.Remote.RemoteWebDriver.FindElement(String mechanism, String value)&#xD;
   bei OpenQA.Selenium.Remote.RemoteWebDriver.FindElementByXPath(String xpath)&#xD;
   bei OpenQA.Selenium.By.&lt;&gt;c__DisplayClass19_0.&lt;XPath&gt;b__0(ISearchContext context)&#xD;
   bei OpenQA.Selenium.By.FindElement(ISearchContext context)&#xD;
   bei OpenQA.Selenium.Remote.RemoteWebDriver.FindElement(By by)&#xD;
   bei SwissLife.F2c.FusionUITesting.Shared.Global.SelectContract(String userId, String contractId)&#xD;
   bei lambda_method(Closure , IContextManager , String , String )&#xD;
   bei TechTalk.SpecFlow.Bindings.BindingInvoker.InvokeBinding(IBinding binding, IContextManager contextManager, Object[] arguments, ITestTracer testTracer, TimeSpan&amp; duration)&#xD;
   bei TechTalk.SpecFlow.Infrastructure.TestExecutionEngine.ExecuteStepMatch(BindingMatch match, Object[] arguments)&#xD;
   bei TechTalk.SpecFlow.Infrastructure.TestExecutionEngine.ExecuteStep(IContextManager contextManager, StepInstance stepInstance)&#xD;
   bei TechTalk.SpecFlow.Infrastructure.TestExecutionEngine.OnAfterLastStep()&#xD;
   bei TechTalk.SpecFlow.TestRunner.CollectScenarioErrors()&#xD;
   bei SwissLife.F2c.FusionUITesting.Specs.KV.AllTransactionsOfKVContractFeature.ScenarioCleanup()&#xD;
   bei SwissLife.F2c.FusionUITesting.Specs.KV.AllTransactionsOfKVContractFeature.KV_AlleTransaktionen_SortierungAufsteigen()</StackTrace></ErrorInfo></Output></UnitTestResult><UnitTestResult executionId="de65ab3f-092f-4585-b8a9-1b99b2d67311" testId="1ecc4865-9a6e-43df-8458-f7511a657c0c" testName="KV - Ihre Vertragsdaten - Image Comparison" computerName="spc-a-testagent" duration="00:02:10.7740000" startTime="2019-05-17T05:51:40.3738844+02:00" endTime="2019-05-17T05:51:40.3738844+02:00" testType="13cdc9d9-ddb5-4fa4-a97d-d965ccfc6d4b" outcome="Failed" testListId="8c84fa94-04c1-424b-9868-57a2d4851a1d" relativeResultsDirectory="de65ab3f-092f-4585-b8a9-1b99b2d67311"><Output><ErrorInfo><Message>OpenQA.Selenium.WebDriverException : The HTTP request to the remote WebDriver server for URL http://localhost:55470/session/18b5a175-c20c-4fa9-a980-1b48b45eed2b/element timed out after 120 seconds.&#xD;
---- System.Net.WebException : Die Anfrage wurde abgebrochen: Timeout für Vorgang überschritten.</Message><StackTrace>   bei OpenQA.Selenium.Remote.HttpCommandExecutor.MakeHttpRequest(HttpRequestInfo requestInfo)&#xD;
   bei OpenQA.Selenium.Remote.HttpCommandExecutor.Execute(Command commandToExecute)&#xD;
   bei OpenQA.Selenium.Remote.DriverServiceCommandExecutor.Execute(Command commandToExecute)&#xD;
   bei OpenQA.Selenium.Remote.RemoteWebDriver.Execute(String driverCommandToExecute, Dictionary`2 parameters)&#xD;
   bei OpenQA.Selenium.Remote.RemoteWebDriver.FindElement(String mechanism, String value)&#xD;
   bei OpenQA.Selenium.Remote.RemoteWebDriver.FindElementByXPath(String xpath)&#xD;
   bei OpenQA.Selenium.By.&lt;&gt;c__DisplayClass19_0.&lt;XPath&gt;b__0(ISearchContext context)&#xD;
   bei OpenQA.Selenium.By.FindElement(ISearchContext context)&#xD;
   bei OpenQA.Selenium.Remote.RemoteWebDriver.FindElement(By by)&#xD;
   bei SwissLife.F2c.FusionUITesting.Shared.Global.SelectContract(String userId, String contractId)&#xD;
   bei lambda_method(Closure , IContextManager , String , String )&#xD;
   bei TechTalk.SpecFlow.Bindings.BindingInvoker.InvokeBinding(IBinding binding, IContextManager contextManager, Object[] arguments, ITestTracer testTracer, TimeSpan&amp; duration)&#xD;
   bei TechTalk.SpecFlow.Infrastructure.TestExecutionEngine.ExecuteStepMatch(BindingMatch match, Object[] arguments)&#xD;
   bei TechTalk.SpecFlow.Infrastructure.TestExecutionEngine.ExecuteStep(IContextManager contextManager, StepInstance stepInstance)&#xD;
   bei TechTalk.SpecFlow.Infrastructure.TestExecutionEngine.OnAfterLastStep()&#xD;
   bei TechTalk.SpecFlow.TestRunner.CollectScenarioErrors()&#xD;
   bei SwissLife.F2c.FusionUITesting.Specs.KV.YourContractDataCardFeature.ScenarioCleanup()&#xD;
   bei SwissLife.F2c.FusionUITesting.Specs.KV.YourContractDataCardFeature.KV_IhreVertragsdaten_ImageComparison()&#xD;
----- Inner Stack Trace -----&#xD;
   bei System.Net.HttpWebRequest.GetResponse()&#xD;
   bei OpenQA.Selenium.Remote.HttpCommandExecutor.MakeHttpRequest(HttpRequestInfo requestInfo)</StackTrace></ErrorInfo></Output></UnitTestResult><UnitTestResult executionId="d0858be7-58dc-40ef-b96f-423a143c58ca" testId="256c00e1-dcbc-4e5e-8aba-9a49eb499291" testName="KV - Protect / Invest: Inaktive Versicherung: Wichtigste Werte" computerName="spc-a-testagent" duration="00:02:10.9360000" startTime="2019-05-17T05:39:06.1101508+02:00" endTime="2019-05-17T05:39:06.1101508+02:00" testType="13cdc9d9-ddb5-4fa4-a97d-d965ccfc6d4b" outcome="Failed" testListId="8c84fa94-04c1-424b-9868-57a2d4851a1d" relativeResultsDirectory="d0858be7-58dc-40ef-b96f-423a143c58ca"><Output><ErrorInfo><Message>OpenQA.Selenium.WebDriverException : The HTTP request to the remote WebDriver server for URL http://localhost:55132/session/8009415c-c1e5-445b-bbc5-aa4e954a856d/element timed out after 120 seconds.&#xD;
---- System.Net.WebException : Die Anfrage wurde abgebrochen: Timeout für Vorgang überschritten.</Message><StackTrace>   bei OpenQA.Selenium.Remote.HttpCommandExecutor.MakeHttpRequest(HttpRequestInfo requestInfo)&#xD;
   bei OpenQA.Selenium.Remote.HttpCommandExecutor.Execute(Command commandToExecute)&#xD;
   bei OpenQA.Selenium.Remote.DriverServiceCommandExecutor.Execute(Command commandToExecute)&#xD;
   bei OpenQA.Selenium.Remote.RemoteWebDriver.Execute(String driverCommandToExecute, Dictionary`2 parameters)&#xD;
   bei OpenQA.Selenium.Remote.RemoteWebDriver.FindElement(String mechanism, String value)&#xD;
   bei OpenQA.Selenium.Remote.RemoteWebDriver.FindElementByXPath(String xpath)&#xD;
   bei OpenQA.Selenium.By.&lt;&gt;c__DisplayClass19_0.&lt;XPath&gt;b__0(ISearchContext context)&#xD;
   bei OpenQA.Selenium.By.FindElement(ISearchContext context)&#xD;
   bei OpenQA.Selenium.Remote.RemoteWebDriver.FindElement(By by)&#xD;
   bei SwissLife.F2c.FusionUITesting.Shared.Global.SelectContract(String userId, String contractId)&#xD;
   bei lambda_method(Closure , IContextManager , String , String )&#xD;
   bei TechTalk.SpecFlow.Bindings.BindingInvoker.InvokeBinding(IBinding binding, IContextManager contextManager, Object[] arguments, ITestTracer testTracer, TimeSpan&amp; duration)&#xD;
   bei TechTalk.SpecFlow.Infrastructure.TestExecutionEngine.ExecuteStepMatch(BindingMatch match, Object[] arguments)&#xD;
   bei TechTalk.SpecFlow.Infrastructure.TestExecutionEngine.ExecuteStep(IContextManager contextManager, StepInstance stepInstance)&#xD;
   bei TechTalk.SpecFlow.Infrastructure.TestExecutionEngine.OnAfterLastStep()&#xD;
   bei TechTalk.SpecFlow.TestRunner.CollectScenarioErrors()&#xD;
   bei SwissLife.F2c.FusionUITesting.Specs.KV.CurrentValuesCardFeature.ScenarioCleanup()&#xD;
   bei SwissLife.F2c.FusionUITesting.Specs.KV.CurrentValuesCardFeature.KV_ProtectInvestInaktiveVersicherungWichtigsteWerte()&#xD;
----- Inner Stack Trace -----&#xD;
   bei System.Net.HttpWebRequest.GetResponse()&#xD;
   bei OpenQA.Selenium.Remote.HttpCommandExecutor.MakeHttpRequest(HttpRequestInfo requestInfo)</StackTrace></ErrorInfo></Output></UnitTestResult><UnitTestResult executionId="ab2e8877-971b-4856-a424-a6ba9e33783b" testId="efbc5b75-7bcd-4c25-8446-d2d7e91ea4a7" testName="KV - Seniorenplan: Kachel Ihre Leistungen - Invalidenleistungen" computerName="spc-a-testagent" duration="00:02:09.8550000" startTime="2019-05-17T05:48:26.8059088+02:00" endTime="2019-05-17T05:48:26.8059088+02:00" testType="13cdc9d9-ddb5-4fa4-a97d-d965ccfc6d4b" outcome="Failed" testListId="8c84fa94-04c1-424b-9868-57a2d4851a1d" relativeResultsDirectory="ab2e8877-971b-4856-a424-a6ba9e33783b"><Output><ErrorInfo><Message>OpenQA.Selenium.NoSuchElementException : Unable to locate element: //li[text()='630930170']/../..</Message><StackTrace>   bei OpenQA.Selenium.Remote.RemoteWebDriver.UnpackAndThrowOnError(Response errorResponse)&#xD;
   bei OpenQA.Selenium.Remote.RemoteWebDriver.Execute(String driverCommandToExecute, Dictionary`2 parameters)&#xD;
   bei OpenQA.Selenium.Remote.RemoteWebDriver.FindElement(String mechanism, String value)&#xD;
   bei OpenQA.Selenium.Remote.RemoteWebDriver.FindElementByXPath(String xpath)&#xD;
   bei OpenQA.Selenium.By.&lt;&gt;c__DisplayClass19_0.&lt;XPath&gt;b__0(ISearchContext context)&#xD;
   bei OpenQA.Selenium.By.FindElement(ISearchContext context)&#xD;
   bei OpenQA.Selenium.Remote.RemoteWebDriver.FindElement(By by)&#xD;
   bei SwissLife.F2c.FusionUITesting.Shared.Global.SelectContract(String userId, String contractId)&#xD;
   bei lambda_method(Closure , IContextManager , String , String )&#xD;
   bei TechTalk.SpecFlow.Bindings.BindingInvoker.InvokeBinding(IBinding binding, IContextManager contextManager, Object[] arguments, ITestTracer testTracer, TimeSpan&amp; duration)&#xD;
   bei TechTalk.SpecFlow.Infrastructure.TestExecutionEngine.ExecuteStepMatch(BindingMatch match, Object[] arguments)&#xD;
   bei TechTalk.SpecFlow.Infrastructure.TestExecutionEngine.ExecuteStep(IContextManager contextManager, StepInstance stepInstance)&#xD;
   bei TechTalk.SpecFlow.Infrastructure.TestExecutionEngine.OnAfterLastStep()&#xD;
   bei TechTalk.SpecFlow.TestRunner.CollectScenarioErrors()&#xD;
   bei SwissLife.F2c.FusionUITesting.Specs.KV.ProtectInvest_SeniorenplanFeature.ScenarioCleanup()&#xD;
   bei SwissLife.F2c.FusionUITesting.Specs.KV.ProtectInvest_SeniorenplanFeature.KV_SeniorenplanKachelIhreLeistungen_Invalidenleistungen()</StackTrace></ErrorInfo></Output></UnitTestResult><UnitTestResult executionId="e730944c-dd1c-48c2-a474-1ef10eb883dd" testId="0d170133-0b07-46bf-8a12-7a395f2ee012" testName="FZ - Ihre Vertragsdaten" computerName="spc-a-testagent" duration="00:00:16.6920000" startTime="2019-05-17T05:41:39.5940385+02:00" endTime="2019-05-17T05:41:39.5940385+02:00" testType="13cdc9d9-ddb5-4fa4-a97d-d965ccfc6d4b" outcome="Passed" testListId="8c84fa94-04c1-424b-9868-57a2d4851a1d" relativeResultsDirectory="e730944c-dd1c-48c2-a474-1ef10eb883dd" /><UnitTestResult executionId="14d66284-d3b9-4b94-8985-2e88e179606e" testId="c378f9b1-6ea8-4bff-a244-ae59217f1d50" testName="KV - Alle Transaktionen - Filter älter als vorletztes Jahr" computerName="spc-a-testagent" duration="00:02:06.5260000" startTime="2019-05-17T06:17:51.7220586+02:00" endTime="2019-05-17T06:17:51.7220586+02:00" testType="13cdc9d9-ddb5-4fa4-a97d-d965ccfc6d4b" outcome="Failed" testListId="8c84fa94-04c1-424b-9868-57a2d4851a1d" relativeResultsDirectory="14d66284-d3b9-4b94-8985-2e88e179606e"><Output><ErrorInfo><Message>OpenQA.Selenium.WebDriverException : The HTTP request to the remote WebDriver server for URL http://localhost:55692/session/1905f310-21c7-4c9b-bbdc-d659c9879df8/element timed out after 120 seconds.&#xD;
---- System.Net.WebException : Die Anfrage wurde abgebrochen: Timeout für Vorgang überschritten.</Message><StackTrace>   bei OpenQA.Selenium.Remote.HttpCommandExecutor.MakeHttpRequest(HttpRequestInfo requestInfo)&#xD;
   bei OpenQA.Selenium.Remote.HttpCommandExecutor.Execute(Command commandToExecute)&#xD;
   bei OpenQA.Selenium.Remote.DriverServiceCommandExecutor.Execute(Command commandToExecute)&#xD;
   bei OpenQA.Selenium.Remote.RemoteWebDriver.Execute(String driverCommandToExecute, Dictionary`2 parameters)&#xD;
   bei OpenQA.Selenium.Remote.RemoteWebDriver.FindElement(String mechanism, String value)&#xD;
   bei OpenQA.Selenium.Remote.RemoteWebDriver.FindElementByXPath(String xpath)&#xD;
   bei OpenQA.Selenium.By.&lt;&gt;c__DisplayClass19_0.&lt;XPath&gt;b__0(ISearchContext context)&#xD;
   bei OpenQA.Selenium.By.FindElement(ISearchContext context)&#xD;
   bei OpenQA.Selenium.Remote.RemoteWebDriver.FindElement(By by)&#xD;
   bei SwissLife.F2c.FusionUITesting.Shared.Global.SelectContract(String userId, String contractId)&#xD;
   bei lambda_method(Closure , IContextManager , String , String )&#xD;
   bei TechTalk.SpecFlow.Bindings.BindingInvoker.InvokeBinding(IBinding binding, IContextManager contextManager, Object[] arguments, ITestTracer testTracer, TimeSpan&amp; duration)&#xD;
   bei TechTalk.SpecFlow.Infrastructure.TestExecutionEngine.ExecuteStepMatch(BindingMatch match, Object[] arguments)&#xD;
   bei TechTalk.SpecFlow.Infrastructure.TestExecutionEngine.ExecuteStep(IContextManager contextManager, StepInstance stepInstance)&#xD;
   bei TechTalk.SpecFlow.Infrastructure.TestExecutionEngine.OnAfterLastStep()&#xD;
   bei TechTalk.SpecFlow.TestRunner.CollectScenarioErrors()&#xD;
   bei SwissLife.F2c.FusionUITesting.Specs.KV.AllTransactionsOfKVContractFeature.ScenarioCleanup()&#xD;
   bei SwissLife.F2c.FusionUITesting.Specs.KV.AllTransactionsOfKVContractFeature.KV_AlleTransaktionen_FilterAlterAlsVorletztesJahr()&#xD;
----- Inner Stack Trace -----&#xD;
   bei System.Net.HttpWebRequest.GetResponse()&#xD;
   bei OpenQA.Selenium.Remote.HttpCommandExecutor.MakeHttpRequest(HttpRequestInfo requestInfo)</StackTrace></ErrorInfo></Output></UnitTestResult><UnitTestResult executionId="0f39b585-b2bf-416b-9555-bffa512879de" testId="02919771-4532-42c8-8cba-17bb1417ac28" testName="EV - Rückkaufswert" computerName="spc-a-testagent" duration="00:00:13.7550000" startTime="2019-05-17T05:48:48.5999334+02:00" endTime="2019-05-17T05:48:48.5999334+02:00" testType="13cdc9d9-ddb5-4fa4-a97d-d965ccfc6d4b" outcome="Passed" testListId="8c84fa94-04c1-424b-9868-57a2d4851a1d" relativeResultsDirectory="0f39b585-b2bf-416b-9555-bffa512879de" /><UnitTestResult executionId="aa380f45-2905-48f3-95b4-4583c34095d3" testId="28a43fdc-6ead-4532-a38f-2a86adbf8aa1" testName="KV - Aktuelle Transaktionen - Tabelle" computerName="spc-a-testagent" duration="00:02:10.4110000" startTime="2019-05-17T06:33:04.6736508+02:00" endTime="2019-05-17T06:33:04.6736508+02:00" testType="13cdc9d9-ddb5-4fa4-a97d-d965ccfc6d4b" outcome="Failed" testListId="8c84fa94-04c1-424b-9868-57a2d4851a1d" relativeResultsDirectory="aa380f45-2905-48f3-95b4-4583c34095d3"><Output><ErrorInfo><Message>OpenQA.Selenium.WebDriverException : The HTTP request to the remote WebDriver server for URL http://localhost:56261/session/07a51659-d35f-46dd-96cd-4062f48e6ee7/element timed out after 120 seconds.&#xD;
---- System.Net.WebException : Die Anfrage wurde abgebrochen: Timeout für Vorgang überschritten.</Message><StackTrace>   bei OpenQA.Selenium.Remote.HttpCommandExecutor.MakeHttpRequest(HttpRequestInfo requestInfo)&#xD;
   bei OpenQA.Selenium.Remote.HttpCommandExecutor.Execute(Command commandToExecute)&#xD;
   bei OpenQA.Selenium.Remote.DriverServiceCommandExecutor.Execute(Command commandToExecute)&#xD;
   bei OpenQA.Selenium.Remote.RemoteWebDriver.Execute(String driverCommandToExecute, Dictionary`2 parameters)&#xD;
   bei OpenQA.Selenium.Remote.RemoteWebDriver.FindElement(String mechanism, String value)&#xD;
   bei OpenQA.Selenium.Remote.RemoteWebDriver.FindElementByXPath(String xpath)&#xD;
   bei OpenQA.Selenium.By.&lt;&gt;c__DisplayClass19_0.&lt;XPath&gt;b__0(ISearchContext context)&#xD;
   bei OpenQA.Selenium.By.FindElement(ISearchContext context)&#xD;
   bei OpenQA.Selenium.Remote.RemoteWebDriver.FindElement(By by)&#xD;
   bei SwissLife.F2c.FusionUITesting.Shared.Global.SelectContract(String userId, String contractId)&#xD;
   bei lambda_method(Closure , IContextManager , String , String )&#xD;
   bei TechTalk.SpecFlow.Bindings.BindingInvoker.InvokeBinding(IBinding binding, IContextManager contextManager, Object[] arguments, ITestTracer testTracer, TimeSpan&amp; duration)&#xD;
   bei TechTalk.SpecFlow.Infrastructure.TestExecutionEngine.ExecuteStepMatch(BindingMatch match, Object[] arguments)&#xD;
   bei TechTalk.SpecFlow.Infrastructure.TestExecutionEngine.ExecuteStep(IContextManager contextManager, StepInstance stepInstance)&#xD;
   bei TechTalk.SpecFlow.Infrastructure.TestExecutionEngine.OnAfterLastStep()&#xD;
   bei TechTalk.SpecFlow.TestRunner.CollectScenarioErrors()&#xD;
   bei SwissLife.F2c.FusionUITesting.Specs.KV.CurrentTransactionsCardFeature.ScenarioCleanup()&#xD;
   bei SwissLife.F2c.FusionUITesting.Specs.KV.CurrentTransactionsCardFeature.KV_AktuelleTransaktionen_Tabelle()&#xD;
----- Inner Stack Trace -----&#xD;
   bei System.Net.HttpWebRequest.GetResponse()&#xD;
   bei OpenQA.Selenium.Remote.HttpCommandExecutor.MakeHttpRequest(HttpRequestInfo requestInfo)</StackTrace></ErrorInfo></Output></UnitTestResult><UnitTestResult executionId="4c6e6102-5a3a-4afe-87b5-fecb9054fd3c" testId="87c28823-b083-43b5-81a4-f222623e773b" testName="KV - Test Aktuelle Werte" computerName="spc-a-testagent" duration="00:02:11.7120000" startTime="2019-05-17T05:27:22.5184952+02:00" endTime="2019-05-17T05:27:22.5184952+02:00" testType="13cdc9d9-ddb5-4fa4-a97d-d965ccfc6d4b" outcome="Failed" testListId="8c84fa94-04c1-424b-9868-57a2d4851a1d" relativeResultsDirectory="4c6e6102-5a3a-4afe-87b5-fecb9054fd3c"><Output><ErrorInfo><Message>OpenQA.Selenium.WebDriverException : The HTTP request to the remote WebDriver server for URL http://localhost:54893/session/f2ace394-0f10-43ad-9d99-cde8a4616cd7/element timed out after 120 seconds.&#xD;
---- System.Net.WebException : Die Anfrage wurde abgebrochen: Timeout für Vorgang überschritten.</Message><StackTrace>   bei OpenQA.Selenium.Remote.HttpCommandExecutor.MakeHttpRequest(HttpRequestInfo requestInfo)&#xD;
   bei OpenQA.Selenium.Remote.HttpCommandExecutor.Execute(Command commandToExecute)&#xD;
   bei OpenQA.Selenium.Remote.DriverServiceCommandExecutor.Execute(Command commandToExecute)&#xD;
   bei OpenQA.Selenium.Remote.RemoteWebDriver.Execute(String driverCommandToExecute, Dictionary`2 parameters)&#xD;
   bei OpenQA.Selenium.Remote.RemoteWebDriver.FindElement(String mechanism, String value)&#xD;
   bei OpenQA.Selenium.Remote.RemoteWebDriver.FindElementByXPath(String xpath)&#xD;
   bei OpenQA.Selenium.By.&lt;&gt;c__DisplayClass19_0.&lt;XPath&gt;b__0(ISearchContext context)&#xD;
   bei OpenQA.Selenium.By.FindElement(ISearchContext context)&#xD;
   bei OpenQA.Selenium.Remote.RemoteWebDriver.FindElement(By by)&#xD;
   bei SwissLife.F2c.FusionUITesting.Shared.Global.SelectContract(String userId, String contractId)&#xD;
   bei lambda_method(Closure , IContextManager , String , String )&#xD;
   bei TechTalk.SpecFlow.Bindings.BindingInvoker.InvokeBinding(IBinding binding, IContextManager contextManager, Object[] arguments, ITestTracer testTracer, TimeSpan&amp; duration)&#xD;
   bei TechTalk.SpecFlow.Infrastructure.TestExecutionEngine.ExecuteStepMatch(BindingMatch match, Object[] arguments)&#xD;
   bei TechTalk.SpecFlow.Infrastructure.TestExecutionEngine.ExecuteStep(IContextManager contextManager, StepInstance stepInstance)&#xD;
   bei TechTalk.SpecFlow.Infrastructure.TestExecutionEngine.OnAfterLastStep()&#xD;
   bei TechTalk.SpecFlow.TestRunner.CollectScenarioErrors()&#xD;
   bei SwissLife.F2c.FusionUITesting.Specs.KV.BenefitsCardFeature.ScenarioCleanup()&#xD;
   bei SwissLife.F2c.FusionUITesting.Specs.KV.BenefitsCardFeature.KV_TestAktuelleWerte()&#xD;
----- Inner Stack Trace -----&#xD;
   bei System.Net.HttpWebRequest.GetResponse()&#xD;
   bei OpenQA.Selenium.Remote.HttpCommandExecutor.MakeHttpRequest(HttpRequestInfo requestInfo)</StackTrace></ErrorInfo></Output></UnitTestResult><UnitTestResult executionId="d319dabe-4970-4573-8cdc-05200f18b1e2" testId="0fff9b5b-94d8-4d76-8968-adfa094f58b8" testName="KV - Alle Leistungen - Card &quot;Leistungen im Alter&quot;" computerName="spc-a-testagent" duration="00:02:06.6690000" startTime="2019-05-17T05:33:56.7507722+02:00" endTime="2019-05-17T05:33:56.7507722+02:00" testType="13cdc9d9-ddb5-4fa4-a97d-d965ccfc6d4b" outcome="Failed" testListId="8c84fa94-04c1-424b-9868-57a2d4851a1d" relativeResultsDirectory="d319dabe-4970-4573-8cdc-05200f18b1e2"><Output><ErrorInfo><Message>OpenQA.Selenium.WebDriverException : The HTTP request to the remote WebDriver server for URL http://localhost:54964/session/54d08e08-b717-439d-8828-e37a5769d54d/element timed out after 120 seconds.&#xD;
---- System.Net.WebException : Die Anfrage wurde abgebrochen: Timeout für Vorgang überschritten.</Message><StackTrace>   bei OpenQA.Selenium.Remote.HttpCommandExecutor.MakeHttpRequest(HttpRequestInfo requestInfo)&#xD;
   bei OpenQA.Selenium.Remote.HttpCommandExecutor.Execute(Command commandToExecute)&#xD;
   bei OpenQA.Selenium.Remote.DriverServiceCommandExecutor.Execute(Command commandToExecute)&#xD;
   bei OpenQA.Selenium.Remote.RemoteWebDriver.Execute(String driverCommandToExecute, Dictionary`2 parameters)&#xD;
   bei OpenQA.Selenium.Remote.RemoteWebDriver.FindElement(String mechanism, String value)&#xD;
   bei OpenQA.Selenium.Remote.RemoteWebDriver.FindElementByXPath(String xpath)&#xD;
   bei OpenQA.Selenium.By.&lt;&gt;c__DisplayClass19_0.&lt;XPath&gt;b__0(ISearchContext context)&#xD;
   bei OpenQA.Selenium.By.FindElement(ISearchContext context)&#xD;
   bei OpenQA.Selenium.Remote.RemoteWebDriver.FindElement(By by)&#xD;
   bei SwissLife.F2c.FusionUITesting.Shared.Global.SelectContract(String userId, String contractId)&#xD;
   bei lambda_method(Closure , IContextManager , String , String )&#xD;
   bei TechTalk.SpecFlow.Bindings.BindingInvoker.InvokeBinding(IBinding binding, IContextManager contextManager, Object[] arguments, ITestTracer testTracer, TimeSpan&amp; duration)&#xD;
   bei TechTalk.SpecFlow.Infrastructure.TestExecutionEngine.ExecuteStepMatch(BindingMatch match, Object[] arguments)&#xD;
   bei TechTalk.SpecFlow.Infrastructure.TestExecutionEngine.ExecuteStep(IContextManager contextManager, StepInstance stepInstance)&#xD;
   bei TechTalk.SpecFlow.Infrastructure.TestExecutionEngine.OnAfterLastStep()&#xD;
   bei TechTalk.SpecFlow.TestRunner.CollectScenarioErrors()&#xD;
   bei SwissLife.F2c.FusionUITesting.Specs.KV.BenefitsDetailsPageFeature.ScenarioCleanup()&#xD;
   bei SwissLife.F2c.FusionUITesting.Specs.KV.BenefitsDetailsPageFeature.KV_AlleLeistungen_CardLeistungenImAlter()&#xD;
----- Inner Stack Trace -----&#xD;
   bei System.Net.HttpWebRequest.GetResponse()&#xD;
   bei OpenQA.Selenium.Remote.HttpCommandExecutor.MakeHttpRequest(HttpRequestInfo requestInfo)</StackTrace></ErrorInfo></Output></UnitTestResult><UnitTestResult executionId="39eaf707-18b4-4cf0-a42d-7d893e12a117" testId="9d07fd88-25da-4137-8397-08685d93b412" testName="KV - Wording &quot;Alle Leistungen im Detail&quot;" computerName="spc-a-testagent" duration="00:02:06.7640000" startTime="2019-05-17T05:46:07.0075308+02:00" endTime="2019-05-17T05:46:07.0075308+02:00" testType="13cdc9d9-ddb5-4fa4-a97d-d965ccfc6d4b" outcome="Failed" testListId="8c84fa94-04c1-424b-9868-57a2d4851a1d" relativeResultsDirectory="39eaf707-18b4-4cf0-a42d-7d893e12a117"><Output><ErrorInfo><Message>OpenQA.Selenium.WebDriverException : The HTTP request to the remote WebDriver server for URL http://localhost:55271/session/ab2e8f5e-54f9-4fde-9caf-c70e65371bcd/element timed out after 120 seconds.&#xD;
---- System.Net.WebException : Die Anfrage wurde abgebrochen: Timeout für Vorgang überschritten.</Message><StackTrace>   bei OpenQA.Selenium.Remote.HttpCommandExecutor.MakeHttpRequest(HttpRequestInfo requestInfo)&#xD;
   bei OpenQA.Selenium.Remote.HttpCommandExecutor.Execute(Command commandToExecute)&#xD;
   bei OpenQA.Selenium.Remote.DriverServiceCommandExecutor.Execute(Command commandToExecute)&#xD;
   bei OpenQA.Selenium.Remote.RemoteWebDriver.Execute(String driverCommandToExecute, Dictionary`2 parameters)&#xD;
   bei OpenQA.Selenium.Remote.RemoteWebDriver.FindElement(String mechanism, String value)&#xD;
   bei OpenQA.Selenium.Remote.RemoteWebDriver.FindElementByXPath(String xpath)&#xD;
   bei OpenQA.Selenium.By.&lt;&gt;c__DisplayClass19_0.&lt;XPath&gt;b__0(ISearchContext context)&#xD;
   bei OpenQA.Selenium.By.FindElement(ISearchContext context)&#xD;
   bei OpenQA.Selenium.Remote.RemoteWebDriver.FindElement(By by)&#xD;
   bei SwissLife.F2c.FusionUITesting.Shared.Global.SelectContract(String userId, String contractId)&#xD;
   bei lambda_method(Closure , IContextManager , String , String )&#xD;
   bei TechTalk.SpecFlow.Bindings.BindingInvoker.InvokeBinding(IBinding binding, IContextManager contextManager, Object[] arguments, ITestTracer testTracer, TimeSpan&amp; duration)&#xD;
   bei TechTalk.SpecFlow.Infrastructure.TestExecutionEngine.ExecuteStepMatch(BindingMatch match, Object[] arguments)&#xD;
   bei TechTalk.SpecFlow.Infrastructure.TestExecutionEngine.ExecuteStep(IContextManager contextManager, StepInstance stepInstance)&#xD;
   bei TechTalk.SpecFlow.Infrastructure.TestExecutionEngine.OnAfterLastStep()&#xD;
   bei TechTalk.SpecFlow.TestRunner.CollectScenarioErrors()&#xD;
   bei SwissLife.F2c.FusionUITesting.Specs.KV.PlanPensionCardFeature.ScenarioCleanup()&#xD;
   bei SwissLife.F2c.FusionUITesting.Specs.KV.PlanPensionCardFeature.KV_WordingAlleLeistungenImDetail()&#xD;
----- Inner Stack Trace -----&#xD;
   bei System.Net.HttpWebRequest.GetResponse()&#xD;
   bei OpenQA.Selenium.Remote.HttpCommandExecutor.MakeHttpRequest(HttpRequestInfo requestInfo)</StackTrace></ErrorInfo></Output></UnitTestResult><UnitTestResult executionId="9099c892-8dce-4a1d-9766-4ae00e4a1e47" testId="a9a933c8-9235-4e4f-984a-f2d4c36eb373" testName="EV - Vertrag beauskunften (alle sichtbar)" computerName="spc-a-testagent" duration="00:00:15.8980000" startTime="2019-05-17T05:36:45.2978099+02:00" endTime="2019-05-17T05:36:45.2978099+02:00" testType="13cdc9d9-ddb5-4fa4-a97d-d965ccfc6d4b" outcome="Passed" testListId="8c84fa94-04c1-424b-9868-57a2d4851a1d" relativeResultsDirectory="9099c892-8dce-4a1d-9766-4ae00e4a1e47" /><UnitTestResult executionId="1ee1c735-4988-468a-8989-4f0c32b772ed" testId="a78faf50-1702-46df-9295-d36d0d8f8748" testName="KV - Pensionierung planen Card" computerName="spc-a-testagent" duration="00:02:10.6750000" startTime="2019-05-17T05:44:00.2370192+02:00" endTime="2019-05-17T05:44:00.2370192+02:00" testType="13cdc9d9-ddb5-4fa4-a97d-d965ccfc6d4b" outcome="Failed" testListId="8c84fa94-04c1-424b-9868-57a2d4851a1d" relativeResultsDirectory="1ee1c735-4988-468a-8989-4f0c32b772ed"><Output><ErrorInfo><Message>OpenQA.Selenium.WebDriverException : The HTTP request to the remote WebDriver server for URL http://localhost:55271/session/ab2e8f5e-54f9-4fde-9caf-c70e65371bcd/element timed out after 120 seconds.&#xD;
---- System.Net.WebException : Timeout für Vorgang überschritten</Message><StackTrace>   bei OpenQA.Selenium.Remote.HttpCommandExecutor.MakeHttpRequest(HttpRequestInfo requestInfo)&#xD;
   bei OpenQA.Selenium.Remote.HttpCommandExecutor.Execute(Command commandToExecute)&#xD;
   bei OpenQA.Selenium.Remote.DriverServiceCommandExecutor.Execute(Command commandToExecute)&#xD;
   bei OpenQA.Selenium.Remote.RemoteWebDriver.Execute(String driverCommandToExecute, Dictionary`2 parameters)&#xD;
   bei OpenQA.Selenium.Remote.RemoteWebDriver.FindElement(String mechanism, String value)&#xD;
   bei OpenQA.Selenium.Remote.RemoteWebDriver.FindElementByXPath(String xpath)&#xD;
   bei OpenQA.Selenium.By.&lt;&gt;c__DisplayClass19_0.&lt;XPath&gt;b__0(ISearchContext context)&#xD;
   bei OpenQA.Selenium.By.FindElement(ISearchContext context)&#xD;
   bei OpenQA.Selenium.Remote.RemoteWebDriver.FindElement(By by)&#xD;
   bei SwissLife.F2c.FusionUITesting.Shared.Global.SelectContract(String userId, String contractId)&#xD;
   bei lambda_method(Closure , IContextManager , String , String )&#xD;
   bei TechTalk.SpecFlow.Bindings.BindingInvoker.InvokeBinding(IBinding binding, IContextManager contextManager, Object[] arguments, ITestTracer testTracer, TimeSpan&amp; duration)&#xD;
   bei TechTalk.SpecFlow.Infrastructure.TestExecutionEngine.ExecuteStepMatch(BindingMatch match, Object[] arguments)&#xD;
   bei TechTalk.SpecFlow.Infrastructure.TestExecutionEngine.ExecuteStep(IContextManager contextManager, StepInstance stepInstance)&#xD;
   bei TechTalk.SpecFlow.Infrastructure.TestExecutionEngine.OnAfterLastStep()&#xD;
   bei TechTalk.SpecFlow.TestRunner.CollectScenarioErrors()&#xD;
   bei SwissLife.F2c.FusionUITesting.Specs.KV.PlanPensionCardFeature.ScenarioCleanup()&#xD;
   bei SwissLife.F2c.FusionUITesting.Specs.KV.PlanPensionCardFeature.KV_PensionierungPlanenCard()&#xD;
----- Inner Stack Trace -----&#xD;
   bei System.Net.HttpWebRequest.GetResponse()&#xD;
   bei OpenQA.Selenium.Remote.HttpCommandExecutor.MakeHttpRequest(HttpRequestInfo requestInfo)</StackTrace></ErrorInfo></Output></UnitTestResult><UnitTestResult executionId="59e9928a-8ef9-4b75-91d2-e9f1d1eee9b8" testId="e0369724-9a87-491e-ac1f-b3d8154c21ac" testName="3AStart - Einzahlung in die Säule 3a" computerName="spc-a-testagent" duration="00:00:10.3230000" startTime="2019-05-17T06:20:35.0945255+02:00" endTime="2019-05-17T06:20:35.0945255+02:00" testType="13cdc9d9-ddb5-4fa4-a97d-d965ccfc6d4b" outcome="Passed" testListId="8c84fa94-04c1-424b-9868-57a2d4851a1d" relativeResultsDirectory="59e9928a-8ef9-4b75-91d2-e9f1d1eee9b8" /><UnitTestResult executionId="7cd96935-79d8-4442-90b2-44c59e37782d" testId="81b33854-38a7-4de1-b224-4bca2a3f60b9" testName="Hypo - Ihre Vertragsdaten" computerName="spc-a-testagent" duration="00:00:12.5050000" startTime="2019-05-17T06:29:52.3830190+02:00" endTime="2019-05-17T06:29:52.3830190+02:00" testType="13cdc9d9-ddb5-4fa4-a97d-d965ccfc6d4b" outcome="Passed" testListId="8c84fa94-04c1-424b-9868-57a2d4851a1d" relativeResultsDirectory="7cd96935-79d8-4442-90b2-44c59e37782d" /><UnitTestResult executionId="2c1c5a0a-2b86-45da-a759-ad7f1007857d" testId="6ef09ee6-4cf4-479b-b7b1-76d2104046bd" testName="3AStart - Ihre Vertragsdaten" computerName="spc-a-testagent" duration="00:00:17.0690000" startTime="2019-05-17T06:20:24.7808271+02:00" endTime="2019-05-17T06:20:24.7808271+02:00" testType="13cdc9d9-ddb5-4fa4-a97d-d965ccfc6d4b" outcome="Passed" testListId="8c84fa94-04c1-424b-9868-57a2d4851a1d" relativeResultsDirectory="2c1c5a0a-2b86-45da-a759-ad7f1007857d" /><UnitTestResult executionId="48470c54-9d65-44dc-b9d6-97d7c0879959" testId="f07cc52f-7804-4efc-ab0d-a3e13cd4646a" testName="EV - EVAccount Navigation" computerName="spc-a-testagent" duration="00:00:12.1310000" startTime="2019-05-17T05:58:38.5904614+02:00" endTime="2019-05-17T05:58:38.5904614+02:00" testType="13cdc9d9-ddb5-4fa4-a97d-d965ccfc6d4b" outcome="Passed" testListId="8c84fa94-04c1-424b-9868-57a2d4851a1d" relativeResultsDirectory="48470c54-9d65-44dc-b9d6-97d7c0879959" /><UnitTestResult executionId="d970e3b9-6063-425e-a0d3-282f392bebef" testId="7aafba20-a924-4805-a229-f89a7e72c196" testName="KV - Einkauf in die Pensionskasse" computerName="spc-a-testagent" duration="00:02:02.7390000" startTime="2019-05-17T06:25:02.6656695+02:00" endTime="2019-05-17T06:25:02.6656695+02:00" testType="13cdc9d9-ddb5-4fa4-a97d-d965ccfc6d4b" outcome="Failed" testListId="8c84fa94-04c1-424b-9868-57a2d4851a1d" relativeResultsDirectory="d970e3b9-6063-425e-a0d3-282f392bebef"><Output><ErrorInfo><Message>OpenQA.Selenium.WebDriverException : The HTTP request to the remote WebDriver server for URL http://localhost:55943/session/c70be017-3820-419c-981d-76046844ed02/element timed out after 120 seconds.&#xD;
---- System.Net.WebException : Die Anfrage wurde abgebrochen: Timeout für Vorgang überschritten.</Message><StackTrace>   bei OpenQA.Selenium.Remote.HttpCommandExecutor.MakeHttpRequest(HttpRequestInfo requestInfo)&#xD;
   bei OpenQA.Selenium.Remote.HttpCommandExecutor.Execute(Command commandToExecute)&#xD;
   bei OpenQA.Selenium.Remote.DriverServiceCommandExecutor.Execute(Command commandToExecute)&#xD;
   bei OpenQA.Selenium.Remote.RemoteWebDriver.Execute(String driverCommandToExecute, Dictionary`2 parameters)&#xD;
   bei OpenQA.Selenium.Remote.RemoteWebDriver.FindElement(String mechanism, String value)&#xD;
   bei OpenQA.Selenium.Remote.RemoteWebDriver.FindElementByXPath(String xpath)&#xD;
   bei OpenQA.Selenium.By.&lt;&gt;c__DisplayClass19_0.&lt;XPath&gt;b__0(ISearchContext context)&#xD;
   bei OpenQA.Selenium.By.FindElement(ISearchContext context)&#xD;
   bei OpenQA.Selenium.Remote.RemoteWebDriver.FindElement(By by)&#xD;
   bei SwissLife.F2c.FusionUITesting.Shared.Global.OpenInfodesk(String url, String username, String password)&#xD;
   bei SwissLife.F2c.FusionUITesting.Shared.Hooks.IchOeffneDasKundenportal()&#xD;
   bei lambda_method(Closure , IContextManager )&#xD;
   bei TechTalk.SpecFlow.Bindings.BindingInvoker.InvokeBinding(IBinding binding, IContextManager contextManager, Object[] arguments, ITestTracer testTracer, TimeSpan&amp; duration)&#xD;
   bei TechTalk.SpecFlow.Infrastructure.TestExecutionEngine.ExecuteStepMatch(BindingMatch match, Object[] arguments)&#xD;
   bei TechTalk.SpecFlow.Infrastructure.TestExecutionEngine.ExecuteStep(IContextManager contextManager, StepInstance stepInstance)&#xD;
   bei TechTalk.SpecFlow.Infrastructure.TestExecutionEngine.OnAfterLastStep()&#xD;
   bei TechTalk.SpecFlow.TestRunner.CollectScenarioErrors()&#xD;
   bei SwissLife.F2c.FusionUITesting.Specs.KV.PurchaseCardFeature.ScenarioCleanup()&#xD;
   bei SwissLife.F2c.FusionUITesting.Specs.KV.PurchaseCardFeature.KV_EinkaufInDiePensionskasse()&#xD;
----- Inner Stack Trace -----&#xD;
   bei System.Net.HttpWebRequest.GetResponse()&#xD;
   bei OpenQA.Selenium.Remote.HttpCommandExecutor.MakeHttpRequest(HttpRequestInfo requestInfo)</StackTrace></ErrorInfo></Output></UnitTestResult><UnitTestResult executionId="a129d228-f182-4e15-985a-b395cfb41c91" testId="1b137a76-c159-4a90-b067-e890a9ba072b" testName="KV - Alle Transaktionen - Filter letzte 6 Monate" computerName="spc-a-testagent" duration="00:02:10.7090000" startTime="2019-05-17T06:00:59.4296083+02:00" endTime="2019-05-17T06:00:59.4296083+02:00" testType="13cdc9d9-ddb5-4fa4-a97d-d965ccfc6d4b" outcome="Failed" testListId="8c84fa94-04c1-424b-9868-57a2d4851a1d" relativeResultsDirectory="a129d228-f182-4e15-985a-b395cfb41c91"><Output><ErrorInfo><Message>OpenQA.Selenium.WebDriverException : The HTTP request to the remote WebDriver server for URL http://localhost:55692/session/1905f310-21c7-4c9b-bbdc-d659c9879df8/element timed out after 120 seconds.&#xD;
---- System.Net.WebException : Die Anfrage wurde abgebrochen: Timeout für Vorgang überschritten.</Message><StackTrace>   bei OpenQA.Selenium.Remote.HttpCommandExecutor.MakeHttpRequest(HttpRequestInfo requestInfo)&#xD;
   bei OpenQA.Selenium.Remote.HttpCommandExecutor.Execute(Command commandToExecute)&#xD;
   bei OpenQA.Selenium.Remote.DriverServiceCommandExecutor.Execute(Command commandToExecute)&#xD;
   bei OpenQA.Selenium.Remote.RemoteWebDriver.Execute(String driverCommandToExecute, Dictionary`2 parameters)&#xD;
   bei OpenQA.Selenium.Remote.RemoteWebDriver.FindElement(String mechanism, String value)&#xD;
   bei OpenQA.Selenium.Remote.RemoteWebDriver.FindElementByXPath(String xpath)&#xD;
   bei OpenQA.Selenium.By.&lt;&gt;c__DisplayClass19_0.&lt;XPath&gt;b__0(ISearchContext context)&#xD;
   bei OpenQA.Selenium.By.FindElement(ISearchContext context)&#xD;
   bei OpenQA.Selenium.Remote.RemoteWebDriver.FindElement(By by)&#xD;
   bei SwissLife.F2c.FusionUITesting.Shared.Global.SelectContract(String userId, String contractId)&#xD;
   bei lambda_method(Closure , IContextManager , String , String )&#xD;
   bei TechTalk.SpecFlow.Bindings.BindingInvoker.InvokeBinding(IBinding binding, IContextManager contextManager, Object[] arguments, ITestTracer testTracer, TimeSpan&amp; duration)&#xD;
   bei TechTalk.SpecFlow.Infrastructure.TestExecutionEngine.ExecuteStepMatch(BindingMatch match, Object[] arguments)&#xD;
   bei TechTalk.SpecFlow.Infrastructure.TestExecutionEngine.ExecuteStep(IContextManager contextManager, StepInstance stepInstance)&#xD;
   bei TechTalk.SpecFlow.Infrastructure.TestExecutionEngine.OnAfterLastStep()&#xD;
   bei TechTalk.SpecFlow.TestRunner.CollectScenarioErrors()&#xD;
   bei SwissLife.F2c.FusionUITesting.Specs.KV.AllTransactionsOfKVContractFeature.ScenarioCleanup()&#xD;
   bei SwissLife.F2c.FusionUITesting.Specs.KV.AllTransactionsOfKVContractFeature.KV_AlleTransaktionen_FilterLetzte6Monate()&#xD;
----- Inner Stack Trace -----&#xD;
   bei System.Net.HttpWebRequest.GetResponse()&#xD;
   bei OpenQA.Selenium.Remote.HttpCommandExecutor.MakeHttpRequest(HttpRequestInfo requestInfo)</StackTrace></ErrorInfo></Output></UnitTestResult><UnitTestResult executionId="c064b1ad-9a4b-4c8a-b45c-ebf698881f95" testId="1a5d6976-c853-48f1-a581-4fedcfdedbec" testName="KV - Alle Transaktionen - Validate the title of the widget" computerName="spc-a-testagent" duration="00:02:06.5300000" startTime="2019-05-17T06:19:58.2602538+02:00" endTime="2019-05-17T06:19:58.2602538+02:00" testType="13cdc9d9-ddb5-4fa4-a97d-d965ccfc6d4b" outcome="Failed" testListId="8c84fa94-04c1-424b-9868-57a2d4851a1d" relativeResultsDirectory="c064b1ad-9a4b-4c8a-b45c-ebf698881f95"><Output><ErrorInfo><Message>OpenQA.Selenium.WebDriverException : The HTTP request to the remote WebDriver server for URL http://localhost:55692/session/1905f310-21c7-4c9b-bbdc-d659c9879df8/element timed out after 120 seconds.&#xD;
---- System.Net.WebException : Die Anfrage wurde abgebrochen: Timeout für Vorgang überschritten.</Message><StackTrace>   bei OpenQA.Selenium.Remote.HttpCommandExecutor.MakeHttpRequest(HttpRequestInfo requestInfo)&#xD;
   bei OpenQA.Selenium.Remote.HttpCommandExecutor.Execute(Command commandToExecute)&#xD;
   bei OpenQA.Selenium.Remote.DriverServiceCommandExecutor.Execute(Command commandToExecute)&#xD;
   bei OpenQA.Selenium.Remote.RemoteWebDriver.Execute(String driverCommandToExecute, Dictionary`2 parameters)&#xD;
   bei OpenQA.Selenium.Remote.RemoteWebDriver.FindElement(String mechanism, String value)&#xD;
   bei OpenQA.Selenium.Remote.RemoteWebDriver.FindElementByXPath(String xpath)&#xD;
   bei OpenQA.Selenium.By.&lt;&gt;c__DisplayClass19_0.&lt;XPath&gt;b__0(ISearchContext context)&#xD;
   bei OpenQA.Selenium.By.FindElement(ISearchContext context)&#xD;
   bei OpenQA.Selenium.Remote.RemoteWebDriver.FindElement(By by)&#xD;
   bei SwissLife.F2c.FusionUITesting.Shared.Global.SelectContract(String userId, String contractId)&#xD;
   bei lambda_method(Closure , IContextManager , String , String )&#xD;
   bei TechTalk.SpecFlow.Bindings.BindingInvoker.InvokeBinding(IBinding binding, IContextManager contextManager, Object[] arguments, ITestTracer testTracer, TimeSpan&amp; duration)&#xD;
   bei TechTalk.SpecFlow.Infrastructure.TestExecutionEngine.ExecuteStepMatch(BindingMatch match, Object[] arguments)&#xD;
   bei TechTalk.SpecFlow.Infrastructure.TestExecutionEngine.ExecuteStep(IContextManager contextManager, StepInstance stepInstance)&#xD;
   bei TechTalk.SpecFlow.Infrastructure.TestExecutionEngine.OnAfterLastStep()&#xD;
   bei TechTalk.SpecFlow.TestRunner.CollectScenarioErrors()&#xD;
   bei SwissLife.F2c.FusionUITesting.Specs.KV.AllTransactionsOfKVContractFeature.ScenarioCleanup()&#xD;
   bei SwissLife.F2c.FusionUITesting.Specs.KV.AllTransactionsOfKVContractFeature.KV_AlleTransaktionen_ValidateTheTitleOfTheWidget()&#xD;
----- Inner Stack Trace -----&#xD;
   bei System.Net.HttpWebRequest.GetResponse()&#xD;
   bei OpenQA.Selenium.Remote.HttpCommandExecutor.MakeHttpRequest(HttpRequestInfo requestInfo)</StackTrace></ErrorInfo></Output></UnitTestResult><UnitTestResult executionId="37731df2-51df-4544-9368-09408fa782b8" testId="78d9460c-03f3-4def-8e7c-f4c3a2704c60" testName="KV - Alle Transaktionen - Validate the table content" computerName="spc-a-testagent" duration="00:02:05.7320000" startTime="2019-05-17T06:03:05.1637148+02:00" endTime="2019-05-17T06:03:05.1637148+02:00" testType="13cdc9d9-ddb5-4fa4-a97d-d965ccfc6d4b" outcome="Failed" testListId="8c84fa94-04c1-424b-9868-57a2d4851a1d" relativeResultsDirectory="37731df2-51df-4544-9368-09408fa782b8"><Output><ErrorInfo><Message>OpenQA.Selenium.NoSuchElementException : Unable to locate element: //li[text()='3800735791']/../..</Message><StackTrace>   bei OpenQA.Selenium.Remote.RemoteWebDriver.UnpackAndThrowOnError(Response errorResponse)&#xD;
   bei OpenQA.Selenium.Remote.RemoteWebDriver.Execute(String driverCommandToExecute, Dictionary`2 parameters)&#xD;
   bei OpenQA.Selenium.Remote.RemoteWebDriver.FindElement(String mechanism, String value)&#xD;
   bei OpenQA.Selenium.Remote.RemoteWebDriver.FindElementByXPath(String xpath)&#xD;
   bei OpenQA.Selenium.By.&lt;&gt;c__DisplayClass19_0.&lt;XPath&gt;b__0(ISearchContext context)&#xD;
   bei OpenQA.Selenium.By.FindElement(ISearchContext context)&#xD;
   bei OpenQA.Selenium.Remote.RemoteWebDriver.FindElement(By by)&#xD;
   bei SwissLife.F2c.FusionUITesting.Shared.Global.SelectContract(String userId, String contractId)&#xD;
   bei lambda_method(Closure , IContextManager , String , String )&#xD;
   bei TechTalk.SpecFlow.Bindings.BindingInvoker.InvokeBinding(IBinding binding, IContextManager contextManager, Object[] arguments, ITestTracer testTracer, TimeSpan&amp; duration)&#xD;
   bei TechTalk.SpecFlow.Infrastructure.TestExecutionEngine.ExecuteStepMatch(BindingMatch match, Object[] arguments)&#xD;
   bei TechTalk.SpecFlow.Infrastructure.TestExecutionEngine.ExecuteStep(IContextManager contextManager, StepInstance stepInstance)&#xD;
   bei TechTalk.SpecFlow.Infrastructure.TestExecutionEngine.OnAfterLastStep()&#xD;
   bei TechTalk.SpecFlow.TestRunner.CollectScenarioErrors()&#xD;
   bei SwissLife.F2c.FusionUITesting.Specs.KV.AllTransactionsOfKVContractFeature.ScenarioCleanup()&#xD;
   bei SwissLife.F2c.FusionUITesting.Specs.KV.AllTransactionsOfKVContractFeature.KV_AlleTransaktionen_ValidateTheTableContent()</StackTrace></ErrorInfo></Output></UnitTestResult><UnitTestResult executionId="2c7bb191-442b-4c02-86f2-e71c5ec52dfc" testId="30b803fd-1dae-4989-9d4e-27800e5db0dd" testName="3AStart - No_Einzahlung in die Säule 3a" computerName="spc-a-testagent" duration="00:00:09.1280000" startTime="2019-05-17T06:20:44.2353183+02:00" endTime="2019-05-17T06:20:44.2353183+02:00" testType="13cdc9d9-ddb5-4fa4-a97d-d965ccfc6d4b" outcome="Passed" testListId="8c84fa94-04c1-424b-9868-57a2d4851a1d" relativeResultsDirectory="2c7bb191-442b-4c02-86f2-e71c5ec52dfc" /><UnitTestResult executionId="b4a1b723-f1c4-4381-9819-f4bd91569f69" testId="f706bd90-6606-443c-ba7b-67fe00c4fa20" testName="Zahlungsübersicht" computerName="spc-a-testagent" duration="00:00:12.1430000" startTime="2019-05-17T06:30:43.8613614+02:00" endTime="2019-05-17T06:30:43.8613614+02:00" testType="13cdc9d9-ddb5-4fa4-a97d-d965ccfc6d4b" outcome="Passed" testListId="8c84fa94-04c1-424b-9868-57a2d4851a1d" relativeResultsDirectory="b4a1b723-f1c4-4381-9819-f4bd91569f69" /><UnitTestResult executionId="95817ae0-4108-43c0-a59c-59b5c833ee82" testId="c56beb0a-153c-4224-aaf1-9ba5c5112043" testName="KV - Test der Texte" computerName="spc-a-testagent" duration="00:02:06.6890000" startTime="2019-05-17T05:41:12.8020416+02:00" endTime="2019-05-17T05:41:12.8020416+02:00" testType="13cdc9d9-ddb5-4fa4-a97d-d965ccfc6d4b" outcome="Failed" testListId="8c84fa94-04c1-424b-9868-57a2d4851a1d" relativeResultsDirectory="95817ae0-4108-43c0-a59c-59b5c833ee82"><Output><ErrorInfo><Message>OpenQA.Selenium.WebDriverException : The HTTP request to the remote WebDriver server for URL http://localhost:55132/session/8009415c-c1e5-445b-bbc5-aa4e954a856d/element timed out after 120 seconds.&#xD;
---- System.Net.WebException : Die Anfrage wurde abgebrochen: Timeout für Vorgang überschritten.</Message><StackTrace>   bei OpenQA.Selenium.Remote.HttpCommandExecutor.MakeHttpRequest(HttpRequestInfo requestInfo)&#xD;
   bei OpenQA.Selenium.Remote.HttpCommandExecutor.Execute(Command commandToExecute)&#xD;
   bei OpenQA.Selenium.Remote.DriverServiceCommandExecutor.Execute(Command commandToExecute)&#xD;
   bei OpenQA.Selenium.Remote.RemoteWebDriver.Execute(String driverCommandToExecute, Dictionary`2 parameters)&#xD;
   bei OpenQA.Selenium.Remote.RemoteWebDriver.FindElement(String mechanism, String value)&#xD;
   bei OpenQA.Selenium.Remote.RemoteWebDriver.FindElementByXPath(String xpath)&#xD;
   bei OpenQA.Selenium.By.&lt;&gt;c__DisplayClass19_0.&lt;XPath&gt;b__0(ISearchContext context)&#xD;
   bei OpenQA.Selenium.By.FindElement(ISearchContext context)&#xD;
   bei OpenQA.Selenium.Remote.RemoteWebDriver.FindElement(By by)&#xD;
   bei SwissLife.F2c.FusionUITesting.Shared.Global.SelectContract(String userId, String contractId)&#xD;
   bei lambda_method(Closure , IContextManager , String , String )&#xD;
   bei TechTalk.SpecFlow.Bindings.BindingInvoker.InvokeBinding(IBinding binding, IContextManager contextManager, Object[] arguments, ITestTracer testTracer, TimeSpan&amp; duration)&#xD;
   bei TechTalk.SpecFlow.Infrastructure.TestExecutionEngine.ExecuteStepMatch(BindingMatch match, Object[] arguments)&#xD;
   bei TechTalk.SpecFlow.Infrastructure.TestExecutionEngine.ExecuteStep(IContextManager contextManager, StepInstance stepInstance)&#xD;
   bei TechTalk.SpecFlow.Infrastructure.TestExecutionEngine.OnAfterLastStep()&#xD;
   bei TechTalk.SpecFlow.TestRunner.CollectScenarioErrors()&#xD;
   bei SwissLife.F2c.FusionUITesting.Specs.KV.CurrentValuesCardFeature.ScenarioCleanup()&#xD;
   bei SwissLife.F2c.FusionUITesting.Specs.KV.CurrentValuesCardFeature.KV_TestDerTexte()&#xD;
----- Inner Stack Trace -----&#xD;
   bei System.Net.HttpWebRequest.GetResponse()&#xD;
   bei OpenQA.Selenium.Remote.HttpCommandExecutor.MakeHttpRequest(HttpRequestInfo requestInfo)</StackTrace></ErrorInfo></Output></UnitTestResult><UnitTestResult executionId="aad90066-7b14-4edf-854e-fff738637307" testId="f913975a-8cb0-4dff-94ae-d927fbb6d766" testName="Startpage - Allgemein" computerName="spc-a-testagent" duration="00:00:10.8380000" startTime="2019-05-17T05:25:00.9542485+02:00" endTime="2019-05-17T05:25:00.9542485+02:00" testType="13cdc9d9-ddb5-4fa4-a97d-d965ccfc6d4b" outcome="Passed" testListId="8c84fa94-04c1-424b-9868-57a2d4851a1d" relativeResultsDirectory="aad90066-7b14-4edf-854e-fff738637307" /><UnitTestResult executionId="45f8eca1-9c22-4c5d-8af3-9a29d6af392f" testId="fc94329c-07a0-4871-9aec-bbe5202352fa" testName="KV - Alle Transaktionen - Sortierung absteigend" computerName="spc-a-testagent" duration="00:02:06.5820000" startTime="2019-05-17T06:09:26.3024001+02:00" endTime="2019-05-17T06:09:26.3024001+02:00" testType="13cdc9d9-ddb5-4fa4-a97d-d965ccfc6d4b" outcome="Failed" testListId="8c84fa94-04c1-424b-9868-57a2d4851a1d" relativeResultsDirectory="45f8eca1-9c22-4c5d-8af3-9a29d6af392f"><Output><ErrorInfo><Message>OpenQA.Selenium.WebDriverException : The HTTP request to the remote WebDriver server for URL http://localhost:55692/session/1905f310-21c7-4c9b-bbdc-d659c9879df8/element timed out after 120 seconds.&#xD;
---- System.Net.WebException : Die Anfrage wurde abgebrochen: Timeout für Vorgang überschritten.</Message><StackTrace>   bei OpenQA.Selenium.Remote.HttpCommandExecutor.MakeHttpRequest(HttpRequestInfo requestInfo)&#xD;
   bei OpenQA.Selenium.Remote.HttpCommandExecutor.Execute(Command commandToExecute)&#xD;
   bei OpenQA.Selenium.Remote.DriverServiceCommandExecutor.Execute(Command commandToExecute)&#xD;
   bei OpenQA.Selenium.Remote.RemoteWebDriver.Execute(String driverCommandToExecute, Dictionary`2 parameters)&#xD;
   bei OpenQA.Selenium.Remote.RemoteWebDriver.FindElement(String mechanism, String value)&#xD;
   bei OpenQA.Selenium.Remote.RemoteWebDriver.FindElementByXPath(String xpath)&#xD;
   bei OpenQA.Selenium.By.&lt;&gt;c__DisplayClass19_0.&lt;XPath&gt;b__0(ISearchContext context)&#xD;
   bei OpenQA.Selenium.By.FindElement(ISearchContext context)&#xD;
   bei OpenQA.Selenium.Remote.RemoteWebDriver.FindElement(By by)&#xD;
   bei SwissLife.F2c.FusionUITesting.Shared.Global.SelectContract(String userId, String contractId)&#xD;
   bei lambda_method(Closure , IContextManager , String , String )&#xD;
   bei TechTalk.SpecFlow.Bindings.BindingInvoker.InvokeBinding(IBinding binding, IContextManager contextManager, Object[] arguments, ITestTracer testTracer, TimeSpan&amp; duration)&#xD;
   bei TechTalk.SpecFlow.Infrastructure.TestExecutionEngine.ExecuteStepMatch(BindingMatch match, Object[] arguments)&#xD;
   bei TechTalk.SpecFlow.Infrastructure.TestExecutionEngine.ExecuteStep(IContextManager contextManager, StepInstance stepInstance)&#xD;
   bei TechTalk.SpecFlow.Infrastructure.TestExecutionEngine.OnAfterLastStep()&#xD;
   bei TechTalk.SpecFlow.TestRunner.CollectScenarioErrors()&#xD;
   bei SwissLife.F2c.FusionUITesting.Specs.KV.AllTransactionsOfKVContractFeature.ScenarioCleanup()&#xD;
   bei SwissLife.F2c.FusionUITesting.Specs.KV.AllTransactionsOfKVContractFeature.KV_AlleTransaktionen_SortierungAbsteigend()&#xD;
----- Inner Stack Trace -----&#xD;
   bei System.Net.HttpWebRequest.GetResponse()&#xD;
   bei OpenQA.Selenium.Remote.HttpCommandExecutor.MakeHttpRequest(HttpRequestInfo requestInfo)</StackTrace></ErrorInfo></Output></UnitTestResult><UnitTestResult executionId="04745ecf-0be2-4e2f-bbae-06859e972cf6" testId="2951e806-824a-4e29-bec2-2d2abd9fccd4" testName="KV - Protect / Invest: Inaktive Versicherung: Vertragsdaten" computerName="spc-a-testagent" duration="00:02:06.8500000" startTime="2019-05-17T05:53:47.2225577+02:00" endTime="2019-05-17T05:53:47.2225577+02:00" testType="13cdc9d9-ddb5-4fa4-a97d-d965ccfc6d4b" outcome="Failed" testListId="8c84fa94-04c1-424b-9868-57a2d4851a1d" relativeResultsDirectory="04745ecf-0be2-4e2f-bbae-06859e972cf6"><Output><ErrorInfo><Message>OpenQA.Selenium.WebDriverException : The HTTP request to the remote WebDriver server for URL http://localhost:55470/session/18b5a175-c20c-4fa9-a980-1b48b45eed2b/element timed out after 120 seconds.&#xD;
---- System.Net.WebException : Die Anfrage wurde abgebrochen: Timeout für Vorgang überschritten.</Message><StackTrace>   bei OpenQA.Selenium.Remote.HttpCommandExecutor.MakeHttpRequest(HttpRequestInfo requestInfo)&#xD;
   bei OpenQA.Selenium.Remote.HttpCommandExecutor.Execute(Command commandToExecute)&#xD;
   bei OpenQA.Selenium.Remote.DriverServiceCommandExecutor.Execute(Command commandToExecute)&#xD;
   bei OpenQA.Selenium.Remote.RemoteWebDriver.Execute(String driverCommandToExecute, Dictionary`2 parameters)&#xD;
   bei OpenQA.Selenium.Remote.RemoteWebDriver.FindElement(String mechanism, String value)&#xD;
   bei OpenQA.Selenium.Remote.RemoteWebDriver.FindElementByXPath(String xpath)&#xD;
   bei OpenQA.Selenium.By.&lt;&gt;c__DisplayClass19_0.&lt;XPath&gt;b__0(ISearchContext context)&#xD;
   bei OpenQA.Selenium.By.FindElement(ISearchContext context)&#xD;
   bei OpenQA.Selenium.Remote.RemoteWebDriver.FindElement(By by)&#xD;
   bei SwissLife.F2c.FusionUITesting.Shared.Global.SelectContract(String userId, String contractId)&#xD;
   bei lambda_method(Closure , IContextManager , String , String )&#xD;
   bei TechTalk.SpecFlow.Bindings.BindingInvoker.InvokeBinding(IBinding binding, IContextManager contextManager, Object[] arguments, ITestTracer testTracer, TimeSpan&amp; duration)&#xD;
   bei TechTalk.SpecFlow.Infrastructure.TestExecutionEngine.ExecuteStepMatch(BindingMatch match, Object[] arguments)&#xD;
   bei TechTalk.SpecFlow.Infrastructure.TestExecutionEngine.ExecuteStep(IContextManager contextManager, StepInstance stepInstance)&#xD;
   bei TechTalk.SpecFlow.Infrastructure.TestExecutionEngine.OnAfterLastStep()&#xD;
   bei TechTalk.SpecFlow.TestRunner.CollectScenarioErrors()&#xD;
   bei SwissLife.F2c.FusionUITesting.Specs.KV.YourContractDataCardFeature.ScenarioCleanup()&#xD;
   bei SwissLife.F2c.FusionUITesting.Specs.KV.YourContractDataCardFeature.KV_ProtectInvestInaktiveVersicherungVertragsdaten()&#xD;
----- Inner Stack Trace -----&#xD;
   bei System.Net.HttpWebRequest.GetResponse()&#xD;
   bei OpenQA.Selenium.Remote.HttpCommandExecutor.MakeHttpRequest(HttpRequestInfo requestInfo)</StackTrace></ErrorInfo></Output></UnitTestResult><UnitTestResult executionId="7ae46036-24cf-40d6-908f-b7664217cc99" testId="9611fbc7-c830-4ab1-bda1-a3e643c0ae03" testName="EV - Prämienübersicht" computerName="spc-a-testagent" duration="00:00:10.3660000" startTime="2019-05-17T05:49:10.5306904+02:00" endTime="2019-05-17T05:49:10.5306904+02:00" testType="13cdc9d9-ddb5-4fa4-a97d-d965ccfc6d4b" outcome="Passed" testListId="8c84fa94-04c1-424b-9868-57a2d4851a1d" relativeResultsDirectory="7ae46036-24cf-40d6-908f-b7664217cc99" /><UnitTestResult executionId="38852d7a-3bda-45bf-890a-c19f98b90f1a" testId="bbef83a9-6730-42bc-afcb-4bb022c74a55" testName="KV - Alle Transaktionen - Filter vorletztes Jahr" computerName="spc-a-testagent" duration="00:02:07.7460000" startTime="2019-05-17T06:05:12.9054551+02:00" endTime="2019-05-17T06:05:12.9054551+02:00" testType="13cdc9d9-ddb5-4fa4-a97d-d965ccfc6d4b" outcome="Failed" testListId="8c84fa94-04c1-424b-9868-57a2d4851a1d" relativeResultsDirectory="38852d7a-3bda-45bf-890a-c19f98b90f1a"><Output><ErrorInfo><Message>OpenQA.Selenium.WebDriverException : The HTTP request to the remote WebDriver server for URL http://localhost:55692/session/1905f310-21c7-4c9b-bbdc-d659c9879df8/element timed out after 120 seconds.&#xD;
---- System.Net.WebException : Die Anfrage wurde abgebrochen: Timeout für Vorgang überschritten.</Message><StackTrace>   bei OpenQA.Selenium.Remote.HttpCommandExecutor.MakeHttpRequest(HttpRequestInfo requestInfo)&#xD;
   bei OpenQA.Selenium.Remote.HttpCommandExecutor.Execute(Command commandToExecute)&#xD;
   bei OpenQA.Selenium.Remote.DriverServiceCommandExecutor.Execute(Command commandToExecute)&#xD;
   bei OpenQA.Selenium.Remote.RemoteWebDriver.Execute(String driverCommandToExecute, Dictionary`2 parameters)&#xD;
   bei OpenQA.Selenium.Remote.RemoteWebDriver.FindElement(String mechanism, String value)&#xD;
   bei OpenQA.Selenium.Remote.RemoteWebDriver.FindElementByXPath(String xpath)&#xD;
   bei OpenQA.Selenium.By.&lt;&gt;c__DisplayClass19_0.&lt;XPath&gt;b__0(ISearchContext context)&#xD;
   bei OpenQA.Selenium.By.FindElement(ISearchContext context)&#xD;
   bei OpenQA.Selenium.Remote.RemoteWebDriver.FindElement(By by)&#xD;
   bei SwissLife.F2c.FusionUITesting.Shared.Global.SelectContract(String userId, String contractId)&#xD;
   bei lambda_method(Closure , IContextManager , String , String )&#xD;
   bei TechTalk.SpecFlow.Bindings.BindingInvoker.InvokeBinding(IBinding binding, IContextManager contextManager, Object[] arguments, ITestTracer testTracer, TimeSpan&amp; duration)&#xD;
   bei TechTalk.SpecFlow.Infrastructure.TestExecutionEngine.ExecuteStepMatch(BindingMatch match, Object[] arguments)&#xD;
   bei TechTalk.SpecFlow.Infrastructure.TestExecutionEngine.ExecuteStep(IContextManager contextManager, StepInstance stepInstance)&#xD;
   bei TechTalk.SpecFlow.Infrastructure.TestExecutionEngine.OnAfterLastStep()&#xD;
   bei TechTalk.SpecFlow.TestRunner.CollectScenarioErrors()&#xD;
   bei SwissLife.F2c.FusionUITesting.Specs.KV.AllTransactionsOfKVContractFeature.ScenarioCleanup()&#xD;
   bei SwissLife.F2c.FusionUITesting.Specs.KV.AllTransactionsOfKVContractFeature.KV_AlleTransaktionen_FilterVorletztesJahr()&#xD;
----- Inner Stack Trace -----&#xD;
   bei System.Net.HttpWebRequest.GetResponse()&#xD;
   bei OpenQA.Selenium.Remote.HttpCommandExecutor.MakeHttpRequest(HttpRequestInfo requestInfo)</StackTrace></ErrorInfo></Output></UnitTestResult><UnitTestResult executionId="f27d8a5b-2268-4da0-82eb-5053e3afa0ba" testId="3b023143-67b5-42e3-beea-eb7e2e606f93" testName="KV - Alle Leistungen - Card &quot;Leistungen bei Invalidität&quot;" computerName="spc-a-testagent" duration="00:02:06.6980000" startTime="2019-05-17T05:31:50.0624050+02:00" endTime="2019-05-17T05:31:50.0780240+02:00" testType="13cdc9d9-ddb5-4fa4-a97d-d965ccfc6d4b" outcome="Failed" testListId="8c84fa94-04c1-424b-9868-57a2d4851a1d" relativeResultsDirectory="f27d8a5b-2268-4da0-82eb-5053e3afa0ba"><Output><ErrorInfo><Message>OpenQA.Selenium.WebDriverException : The HTTP request to the remote WebDriver server for URL http://localhost:54964/session/54d08e08-b717-439d-8828-e37a5769d54d/element timed out after 120 seconds.&#xD;
---- System.Net.WebException : Die Anfrage wurde abgebrochen: Timeout für Vorgang überschritten.</Message><StackTrace>   bei OpenQA.Selenium.Remote.HttpCommandExecutor.MakeHttpRequest(HttpRequestInfo requestInfo)&#xD;
   bei OpenQA.Selenium.Remote.HttpCommandExecutor.Execute(Command commandToExecute)&#xD;
   bei OpenQA.Selenium.Remote.DriverServiceCommandExecutor.Execute(Command commandToExecute)&#xD;
   bei OpenQA.Selenium.Remote.RemoteWebDriver.Execute(String driverCommandToExecute, Dictionary`2 parameters)&#xD;
   bei OpenQA.Selenium.Remote.RemoteWebDriver.FindElement(String mechanism, String value)&#xD;
   bei OpenQA.Selenium.Remote.RemoteWebDriver.FindElementByXPath(String xpath)&#xD;
   bei OpenQA.Selenium.By.&lt;&gt;c__DisplayClass19_0.&lt;XPath&gt;b__0(ISearchContext context)&#xD;
   bei OpenQA.Selenium.By.FindElement(ISearchContext context)&#xD;
   bei OpenQA.Selenium.Remote.RemoteWebDriver.FindElement(By by)&#xD;
   bei SwissLife.F2c.FusionUITesting.Shared.Global.SelectContract(String userId, String contractId)&#xD;
   bei lambda_method(Closure , IContextManager , String , String )&#xD;
   bei TechTalk.SpecFlow.Bindings.BindingInvoker.InvokeBinding(IBinding binding, IContextManager contextManager, Object[] arguments, ITestTracer testTracer, TimeSpan&amp; duration)&#xD;
   bei TechTalk.SpecFlow.Infrastructure.TestExecutionEngine.ExecuteStepMatch(BindingMatch match, Object[] arguments)&#xD;
   bei TechTalk.SpecFlow.Infrastructure.TestExecutionEngine.ExecuteStep(IContextManager contextManager, StepInstance stepInstance)&#xD;
   bei TechTalk.SpecFlow.Infrastructure.TestExecutionEngine.OnAfterLastStep()&#xD;
   bei TechTalk.SpecFlow.TestRunner.CollectScenarioErrors()&#xD;
   bei SwissLife.F2c.FusionUITesting.Specs.KV.BenefitsDetailsPageFeature.ScenarioCleanup()&#xD;
   bei SwissLife.F2c.FusionUITesting.Specs.KV.BenefitsDetailsPageFeature.KV_AlleLeistungen_CardLeistungenBeiInvaliditat()&#xD;
----- Inner Stack Trace -----&#xD;
   bei System.Net.HttpWebRequest.GetResponse()&#xD;
   bei OpenQA.Selenium.Remote.HttpCommandExecutor.MakeHttpRequest(HttpRequestInfo requestInfo)</StackTrace></ErrorInfo></Output></UnitTestResult><UnitTestResult executionId="c9af3b56-a3ca-4a4e-a634-04b9b998759e" testId="6a1a3d34-79d2-40f7-9af9-1c47ea41f6fc" testName="KV - Protect / Invest: Senioren - Anpassung Kachel Einkauf" computerName="spc-a-testagent" duration="00:02:05.7000000" startTime="2019-05-17T06:22:59.9157845+02:00" endTime="2019-05-17T06:22:59.9157845+02:00" testType="13cdc9d9-ddb5-4fa4-a97d-d965ccfc6d4b" outcome="Failed" testListId="8c84fa94-04c1-424b-9868-57a2d4851a1d" relativeResultsDirectory="c9af3b56-a3ca-4a4e-a634-04b9b998759e"><Output><ErrorInfo><Message>OpenQA.Selenium.WebDriverException : The HTTP request to the remote WebDriver server for URL http://localhost:55943/session/c70be017-3820-419c-981d-76046844ed02/element timed out after 120 seconds.&#xD;
---- System.Net.WebException : Die Anfrage wurde abgebrochen: Timeout für Vorgang überschritten.</Message><StackTrace>   bei OpenQA.Selenium.Remote.HttpCommandExecutor.MakeHttpRequest(HttpRequestInfo requestInfo)&#xD;
   bei OpenQA.Selenium.Remote.HttpCommandExecutor.Execute(Command commandToExecute)&#xD;
   bei OpenQA.Selenium.Remote.DriverServiceCommandExecutor.Execute(Command commandToExecute)&#xD;
   bei OpenQA.Selenium.Remote.RemoteWebDriver.Execute(String driverCommandToExecute, Dictionary`2 parameters)&#xD;
   bei OpenQA.Selenium.Remote.RemoteWebDriver.FindElement(String mechanism, String value)&#xD;
   bei OpenQA.Selenium.Remote.RemoteWebDriver.FindElementByCssSelector(String cssSelector)&#xD;
   bei OpenQA.Selenium.By.&lt;&gt;c__DisplayClass23_0.&lt;CssSelector&gt;b__0(ISearchContext context)&#xD;
   bei OpenQA.Selenium.By.FindElement(ISearchContext context)&#xD;
   bei OpenQA.Selenium.Remote.RemoteWebDriver.FindElement(By by)&#xD;
   bei SwissLife.F2c.FusionUITesting.Shared.Global.OpenInfodesk(String url, String username, String password)&#xD;
   bei SwissLife.F2c.FusionUITesting.Shared.Hooks.IchOeffneDasKundenportal()&#xD;
   bei lambda_method(Closure , IContextManager )&#xD;
   bei TechTalk.SpecFlow.Bindings.BindingInvoker.InvokeBinding(IBinding binding, IContextManager contextManager, Object[] arguments, ITestTracer testTracer, TimeSpan&amp; duration)&#xD;
   bei TechTalk.SpecFlow.Infrastructure.TestExecutionEngine.ExecuteStepMatch(BindingMatch match, Object[] arguments)&#xD;
   bei TechTalk.SpecFlow.Infrastructure.TestExecutionEngine.ExecuteStep(IContextManager contextManager, StepInstance stepInstance)&#xD;
   bei TechTalk.SpecFlow.Infrastructure.TestExecutionEngine.OnAfterLastStep()&#xD;
   bei TechTalk.SpecFlow.TestRunner.CollectScenarioErrors()&#xD;
   bei SwissLife.F2c.FusionUITesting.Specs.KV.PurchaseCardFeature.ScenarioCleanup()&#xD;
   bei SwissLife.F2c.FusionUITesting.Specs.KV.PurchaseCardFeature.KV_ProtectInvestSenioren_AnpassungKachelEinkauf()&#xD;
----- Inner Stack Trace -----&#xD;
   bei System.Net.HttpWebRequest.GetResponse()&#xD;
   bei OpenQA.Selenium.Remote.HttpCommandExecutor.MakeHttpRequest(HttpRequestInfo requestInfo)</StackTrace></ErrorInfo></Output></UnitTestResult><UnitTestResult executionId="eedf1c60-fc97-4c87-97b5-09da8c973913" testId="7b0e1f20-5f0f-4787-80fd-77ca0a683772" testName="KV - Alle Leistungen - Card &quot;Leistungen im Todesfall&quot;" computerName="spc-a-testagent" duration="00:02:10.9260000" startTime="2019-05-17T05:29:43.3639472+02:00" endTime="2019-05-17T05:29:43.3639472+02:00" testType="13cdc9d9-ddb5-4fa4-a97d-d965ccfc6d4b" outcome="Failed" testListId="8c84fa94-04c1-424b-9868-57a2d4851a1d" relativeResultsDirectory="eedf1c60-fc97-4c87-97b5-09da8c973913"><Output><ErrorInfo><Message>OpenQA.Selenium.WebDriverException : The HTTP request to the remote WebDriver server for URL http://localhost:54964/session/54d08e08-b717-439d-8828-e37a5769d54d/element timed out after 120 seconds.&#xD;
---- System.Net.WebException : Die Anfrage wurde abgebrochen: Timeout für Vorgang überschritten.</Message><StackTrace>   bei OpenQA.Selenium.Remote.HttpCommandExecutor.MakeHttpRequest(HttpRequestInfo requestInfo)&#xD;
   bei OpenQA.Selenium.Remote.HttpCommandExecutor.Execute(Command commandToExecute)&#xD;
   bei OpenQA.Selenium.Remote.DriverServiceCommandExecutor.Execute(Command commandToExecute)&#xD;
   bei OpenQA.Selenium.Remote.RemoteWebDriver.Execute(String driverCommandToExecute, Dictionary`2 parameters)&#xD;
   bei OpenQA.Selenium.Remote.RemoteWebDriver.FindElement(String mechanism, String value)&#xD;
   bei OpenQA.Selenium.Remote.RemoteWebDriver.FindElementByXPath(String xpath)&#xD;
   bei OpenQA.Selenium.By.&lt;&gt;c__DisplayClass19_0.&lt;XPath&gt;b__0(ISearchContext context)&#xD;
   bei OpenQA.Selenium.By.FindElement(ISearchContext context)&#xD;
   bei OpenQA.Selenium.Remote.RemoteWebDriver.FindElement(By by)&#xD;
   bei SwissLife.F2c.FusionUITesting.Shared.Global.SelectContract(String userId, String contractId)&#xD;
   bei lambda_method(Closure , IContextManager , String , String )&#xD;
   bei TechTalk.SpecFlow.Bindings.BindingInvoker.InvokeBinding(IBinding binding, IContextManager contextManager, Object[] arguments, ITestTracer testTracer, TimeSpan&amp; duration)&#xD;
   bei TechTalk.SpecFlow.Infrastructure.TestExecutionEngine.ExecuteStepMatch(BindingMatch match, Object[] arguments)&#xD;
   bei TechTalk.SpecFlow.Infrastructure.TestExecutionEngine.ExecuteStep(IContextManager contextManager, StepInstance stepInstance)&#xD;
   bei TechTalk.SpecFlow.Infrastructure.TestExecutionEngine.OnAfterLastStep()&#xD;
   bei TechTalk.SpecFlow.TestRunner.CollectScenarioErrors()&#xD;
   bei SwissLife.F2c.FusionUITesting.Specs.KV.BenefitsDetailsPageFeature.ScenarioCleanup()&#xD;
   bei SwissLife.F2c.FusionUITesting.Specs.KV.BenefitsDetailsPageFeature.KV_AlleLeistungen_CardLeistungenImTodesfall()&#xD;
----- Inner Stack Trace -----&#xD;
   bei System.Net.HttpWebRequest.GetResponse()&#xD;
   bei OpenQA.Selenium.Remote.HttpCommandExecutor.MakeHttpRequest(HttpRequestInfo requestInfo)</StackTrace></ErrorInfo></Output></UnitTestResult><UnitTestResult executionId="0a3e9eaf-7c59-4e10-9cbe-2ef94dc700b9" testId="41a24d46-188d-441b-ad61-9a5f7a1aa0b3" testName="EV - Vertrag beauskunften (Ablaufleistung &amp; Einzahlung 3a nicht sichtbar)" computerName="spc-a-testagent" duration="00:00:16.2910000" startTime="2019-05-17T05:36:29.3979534+02:00" endTime="2019-05-17T05:36:29.3979534+02:00" testType="13cdc9d9-ddb5-4fa4-a97d-d965ccfc6d4b" outcome="Passed" testListId="8c84fa94-04c1-424b-9868-57a2d4851a1d" relativeResultsDirectory="0a3e9eaf-7c59-4e10-9cbe-2ef94dc700b9" /><UnitTestResult executionId="c2365349-9208-4eb5-9374-96a8014fdae1" testId="967f8ca6-f128-4092-8627-b49f2c035789" testName="KV - Alle Transaktionen - Filter letztes Jahr" computerName="spc-a-testagent" duration="00:02:05.5900000" startTime="2019-05-17T06:13:38.5539603+02:00" endTime="2019-05-17T06:13:38.5539603+02:00" testType="13cdc9d9-ddb5-4fa4-a97d-d965ccfc6d4b" outcome="Failed" testListId="8c84fa94-04c1-424b-9868-57a2d4851a1d" relativeResultsDirectory="c2365349-9208-4eb5-9374-96a8014fdae1"><Output><ErrorInfo><Message>OpenQA.Selenium.NoSuchElementException : Unable to locate element: //li[text()='3800735791']/../..</Message><StackTrace>   bei OpenQA.Selenium.Remote.RemoteWebDriver.UnpackAndThrowOnError(Response errorResponse)&#xD;
   bei OpenQA.Selenium.Remote.RemoteWebDriver.Execute(String driverCommandToExecute, Dictionary`2 parameters)&#xD;
   bei OpenQA.Selenium.Remote.RemoteWebDriver.FindElement(String mechanism, String value)&#xD;
   bei OpenQA.Selenium.Remote.RemoteWebDriver.FindElementByXPath(String xpath)&#xD;
   bei OpenQA.Selenium.By.&lt;&gt;c__DisplayClass19_0.&lt;XPath&gt;b__0(ISearchContext context)&#xD;
   bei OpenQA.Selenium.By.FindElement(ISearchContext context)&#xD;
   bei OpenQA.Selenium.Remote.RemoteWebDriver.FindElement(By by)&#xD;
   bei SwissLife.F2c.FusionUITesting.Shared.Global.SelectContract(String userId, String contractId)&#xD;
   bei lambda_method(Closure , IContextManager , String , String )&#xD;
   bei TechTalk.SpecFlow.Bindings.BindingInvoker.InvokeBinding(IBinding binding, IContextManager contextManager, Object[] arguments, ITestTracer testTracer, TimeSpan&amp; duration)&#xD;
   bei TechTalk.SpecFlow.Infrastructure.TestExecutionEngine.ExecuteStepMatch(BindingMatch match, Object[] arguments)&#xD;
   bei TechTalk.SpecFlow.Infrastructure.TestExecutionEngine.ExecuteStep(IContextManager contextManager, StepInstance stepInstance)&#xD;
   bei TechTalk.SpecFlow.Infrastructure.TestExecutionEngine.OnAfterLastStep()&#xD;
   bei TechTalk.SpecFlow.TestRunner.CollectScenarioErrors()&#xD;
   bei SwissLife.F2c.FusionUITesting.Specs.KV.AllTransactionsOfKVContractFeature.ScenarioCleanup()&#xD;
   bei SwissLife.F2c.FusionUITesting.Specs.KV.AllTransactionsOfKVContractFeature.KV_AlleTransaktionen_FilterLetztesJahr()</StackTrace></ErrorInfo></Output></UnitTestResult><UnitTestResult executionId="8670ea19-3e4d-4e85-8198-bf74079e7266" testId="a99957d3-262a-4f0b-93a0-01da002c892d" testName="EV - Ihre Vertragsdaten" computerName="spc-a-testagent" duration="00:00:08.7220000" startTime="2019-05-17T05:49:19.2453784+02:00" endTime="2019-05-17T05:49:19.2453784+02:00" testType="13cdc9d9-ddb5-4fa4-a97d-d965ccfc6d4b" outcome="Passed" testListId="8c84fa94-04c1-424b-9868-57a2d4851a1d" relativeResultsDirectory="8670ea19-3e4d-4e85-8198-bf74079e7266" /><UnitTestResult executionId="29283093-18e1-43bf-9739-fab542949762" testId="88873f5d-0834-416a-8c79-bf34bea185eb" testName="KV: Übersicht inaktive Versicherungen" computerName="spc-a-testagent" duration="00:02:12.3680000" startTime="2019-05-17T05:58:16.8519535+02:00" endTime="2019-05-17T05:58:16.8519535+02:00" testType="13cdc9d9-ddb5-4fa4-a97d-d965ccfc6d4b" outcome="Failed" testListId="8c84fa94-04c1-424b-9868-57a2d4851a1d" relativeResultsDirectory="29283093-18e1-43bf-9739-fab542949762"><Output><ErrorInfo><Message>OpenQA.Selenium.WebDriverException : The HTTP request to the remote WebDriver server for URL http://localhost:55568/session/85cfa12a-b08b-4c10-8c49-238588faf903/element timed out after 120 seconds.&#xD;
---- System.Net.WebException : Die Anfrage wurde abgebrochen: Timeout für Vorgang überschritten.</Message><StackTrace>   bei OpenQA.Selenium.Remote.HttpCommandExecutor.MakeHttpRequest(HttpRequestInfo requestInfo)&#xD;
   bei OpenQA.Selenium.Remote.HttpCommandExecutor.Execute(Command commandToExecute)&#xD;
   bei OpenQA.Selenium.Remote.DriverServiceCommandExecutor.Execute(Command commandToExecute)&#xD;
   bei OpenQA.Selenium.Remote.RemoteWebDriver.Execute(String driverCommandToExecute, Dictionary`2 parameters)&#xD;
   bei OpenQA.Selenium.Remote.RemoteWebDriver.FindElement(String mechanism, String value)&#xD;
   bei OpenQA.Selenium.Remote.RemoteWebDriver.FindElementByXPath(String xpath)&#xD;
   bei OpenQA.Selenium.By.&lt;&gt;c__DisplayClass19_0.&lt;XPath&gt;b__0(ISearchContext context)&#xD;
   bei OpenQA.Selenium.By.FindElement(ISearchContext context)&#xD;
   bei OpenQA.Selenium.Remote.RemoteWebDriver.FindElement(By by)&#xD;
   bei SwissLife.F2c.FusionUITesting.Shared.Global.SelectContract(String userId, String contractId)&#xD;
   bei lambda_method(Closure , IContextManager , String , String )&#xD;
   bei TechTalk.SpecFlow.Bindings.BindingInvoker.InvokeBinding(IBinding binding, IContextManager contextManager, Object[] arguments, ITestTracer testTracer, TimeSpan&amp; duration)&#xD;
   bei TechTalk.SpecFlow.Infrastructure.TestExecutionEngine.ExecuteStepMatch(BindingMatch match, Object[] arguments)&#xD;
   bei TechTalk.SpecFlow.Infrastructure.TestExecutionEngine.ExecuteStep(IContextManager contextManager, StepInstance stepInstance)&#xD;
   bei TechTalk.SpecFlow.Infrastructure.TestExecutionEngine.OnAfterLastStep()&#xD;
   bei TechTalk.SpecFlow.TestRunner.CollectScenarioErrors()&#xD;
   bei SwissLife.F2c.FusionUITesting.Specs.KV.OverviewPageFeature.ScenarioCleanup()&#xD;
   bei SwissLife.F2c.FusionUITesting.Specs.KV.OverviewPageFeature.KVUbersichtInaktiveVersicherungen()&#xD;
----- Inner Stack Trace -----&#xD;
   bei System.Net.HttpWebRequest.GetResponse()&#xD;
   bei OpenQA.Selenium.Remote.HttpCommandExecutor.MakeHttpRequest(HttpRequestInfo requestInfo)</StackTrace></ErrorInfo></Output></UnitTestResult><UnitTestResult executionId="19751cf3-f823-4eb2-b510-81696ee82934" testId="d19080e1-6c7f-4818-ba2d-a4e79fafa370" testName="KV - Ihre Vertragsdaten" computerName="spc-a-testagent" duration="00:02:06.7690000" startTime="2019-05-17T05:55:54.0087293+02:00" endTime="2019-05-17T05:55:54.0087293+02:00" testType="13cdc9d9-ddb5-4fa4-a97d-d965ccfc6d4b" outcome="Failed" testListId="8c84fa94-04c1-424b-9868-57a2d4851a1d" relativeResultsDirectory="19751cf3-f823-4eb2-b510-81696ee82934"><Output><ErrorInfo><Message>OpenQA.Selenium.WebDriverException : The HTTP request to the remote WebDriver server for URL http://localhost:55470/session/18b5a175-c20c-4fa9-a980-1b48b45eed2b/element timed out after 120 seconds.&#xD;
---- System.Net.WebException : Die Anfrage wurde abgebrochen: Timeout für Vorgang überschritten.</Message><StackTrace>   bei OpenQA.Selenium.Remote.HttpCommandExecutor.MakeHttpRequest(HttpRequestInfo requestInfo)&#xD;
   bei OpenQA.Selenium.Remote.HttpCommandExecutor.Execute(Command commandToExecute)&#xD;
   bei OpenQA.Selenium.Remote.DriverServiceCommandExecutor.Execute(Command commandToExecute)&#xD;
   bei OpenQA.Selenium.Remote.RemoteWebDriver.Execute(String driverCommandToExecute, Dictionary`2 parameters)&#xD;
   bei OpenQA.Selenium.Remote.RemoteWebDriver.FindElement(String mechanism, String value)&#xD;
   bei OpenQA.Selenium.Remote.RemoteWebDriver.FindElementByXPath(String xpath)&#xD;
   bei OpenQA.Selenium.By.&lt;&gt;c__DisplayClass19_0.&lt;XPath&gt;b__0(ISearchContext context)&#xD;
   bei OpenQA.Selenium.By.FindElement(ISearchContext context)&#xD;
   bei OpenQA.Selenium.Remote.RemoteWebDriver.FindElement(By by)&#xD;
   bei SwissLife.F2c.FusionUITesting.Shared.Global.SelectContract(String userId, String contractId)&#xD;
   bei lambda_method(Closure , IContextManager , String , String )&#xD;
   bei TechTalk.SpecFlow.Bindings.BindingInvoker.InvokeBinding(IBinding binding, IContextManager contextManager, Object[] arguments, ITestTracer testTracer, TimeSpan&amp; duration)&#xD;
   bei TechTalk.SpecFlow.Infrastructure.TestExecutionEngine.ExecuteStepMatch(BindingMatch match, Object[] arguments)&#xD;
   bei TechTalk.SpecFlow.Infrastructure.TestExecutionEngine.ExecuteStep(IContextManager contextManager, StepInstance stepInstance)&#xD;
   bei TechTalk.SpecFlow.Infrastructure.TestExecutionEngine.OnAfterLastStep()&#xD;
   bei TechTalk.SpecFlow.TestRunner.CollectScenarioErrors()&#xD;
   bei SwissLife.F2c.FusionUITesting.Specs.KV.YourContractDataCardFeature.ScenarioCleanup()&#xD;
   bei SwissLife.F2c.FusionUITesting.Specs.KV.YourContractDataCardFeature.KV_IhreVertragsdaten()&#xD;
----- Inner Stack Trace -----&#xD;
   bei System.Net.HttpWebRequest.GetResponse()&#xD;
   bei OpenQA.Selenium.Remote.HttpCommandExecutor.MakeHttpRequest(HttpRequestInfo requestInfo)</StackTrace></ErrorInfo></Output></UnitTestResult><UnitTestResult executionId="6c469968-3f3c-4013-bdb3-557cde8d87cd" testId="9c41bad8-c110-4bf6-922e-f3dc7997de61" testName="EV - Ablaufleistung" computerName="spc-a-testagent" duration="00:00:11.5630000" startTime="2019-05-17T05:49:00.1535652+02:00" endTime="2019-05-17T05:49:00.1535652+02:00" testType="13cdc9d9-ddb5-4fa4-a97d-d965ccfc6d4b" outcome="Passed" testListId="8c84fa94-04c1-424b-9868-57a2d4851a1d" relativeResultsDirectory="6c469968-3f3c-4013-bdb3-557cde8d87cd" /><UnitTestResult executionId="446b2284-bad4-41c7-a6d1-676b10227819" testId="1042abb5-85f9-458c-b130-6b6f68db15e3" testName="KV - Alle Transaktionen - Filter dieses Jahr" computerName="spc-a-testagent" duration="00:02:06.6480000" startTime="2019-05-17T06:11:32.9574406+02:00" endTime="2019-05-17T06:11:32.9574406+02:00" testType="13cdc9d9-ddb5-4fa4-a97d-d965ccfc6d4b" outcome="Failed" testListId="8c84fa94-04c1-424b-9868-57a2d4851a1d" relativeResultsDirectory="446b2284-bad4-41c7-a6d1-676b10227819"><Output><ErrorInfo><Message>OpenQA.Selenium.WebDriverException : The HTTP request to the remote WebDriver server for URL http://localhost:55692/session/1905f310-21c7-4c9b-bbdc-d659c9879df8/element timed out after 120 seconds.&#xD;
---- System.Net.WebException : Die Anfrage wurde abgebrochen: Timeout für Vorgang überschritten.</Message><StackTrace>   bei OpenQA.Selenium.Remote.HttpCommandExecutor.MakeHttpRequest(HttpRequestInfo requestInfo)&#xD;
   bei OpenQA.Selenium.Remote.HttpCommandExecutor.Execute(Command commandToExecute)&#xD;
   bei OpenQA.Selenium.Remote.DriverServiceCommandExecutor.Execute(Command commandToExecute)&#xD;
   bei OpenQA.Selenium.Remote.RemoteWebDriver.Execute(String driverCommandToExecute, Dictionary`2 parameters)&#xD;
   bei OpenQA.Selenium.Remote.RemoteWebDriver.FindElement(String mechanism, String value)&#xD;
   bei OpenQA.Selenium.Remote.RemoteWebDriver.FindElementByXPath(String xpath)&#xD;
   bei OpenQA.Selenium.By.&lt;&gt;c__DisplayClass19_0.&lt;XPath&gt;b__0(ISearchContext context)&#xD;
   bei OpenQA.Selenium.By.FindElement(ISearchContext context)&#xD;
   bei OpenQA.Selenium.Remote.RemoteWebDriver.FindElement(By by)&#xD;
   bei SwissLife.F2c.FusionUITesting.Shared.Global.SelectContract(String userId, String contractId)&#xD;
   bei lambda_method(Closure , IContextManager , String , String )&#xD;
   bei TechTalk.SpecFlow.Bindings.BindingInvoker.InvokeBinding(IBinding binding, IContextManager contextManager, Object[] arguments, ITestTracer testTracer, TimeSpan&amp; duration)&#xD;
   bei TechTalk.SpecFlow.Infrastructure.TestExecutionEngine.ExecuteStepMatch(BindingMatch match, Object[] arguments)&#xD;
   bei TechTalk.SpecFlow.Infrastructure.TestExecutionEngine.ExecuteStep(IContextManager contextManager, StepInstance stepInstance)&#xD;
   bei TechTalk.SpecFlow.Infrastructure.TestExecutionEngine.OnAfterLastStep()&#xD;
   bei TechTalk.SpecFlow.TestRunner.CollectScenarioErrors()&#xD;
   bei SwissLife.F2c.FusionUITesting.Specs.KV.AllTransactionsOfKVContractFeature.ScenarioCleanup()&#xD;
   bei SwissLife.F2c.FusionUITesting.Specs.KV.AllTransactionsOfKVContractFeature.KV_AlleTransaktionen_FilterDiesesJahr()&#xD;
----- Inner Stack Trace -----&#xD;
   bei System.Net.HttpWebRequest.GetResponse()&#xD;
   bei OpenQA.Selenium.Remote.HttpCommandExecutor.MakeHttpRequest(HttpRequestInfo requestInfo)</StackTrace></ErrorInfo></Output></UnitTestResult><UnitTestResult executionId="5e6b6fbf-6415-4bcf-a009-15b8925cbf7e" testId="58622f29-6bc8-48f7-9d9c-671b1b65e0b4" testName="Hypo - Details zur Hypothek - FestHypotheke" computerName="spc-a-testagent" duration="00:00:07.5350000" startTime="2019-05-17T06:30:21.8322492+02:00" endTime="2019-05-17T06:30:21.8322492+02:00" testType="13cdc9d9-ddb5-4fa4-a97d-d965ccfc6d4b" outcome="Passed" testListId="8c84fa94-04c1-424b-9868-57a2d4851a1d" relativeResultsDirectory="5e6b6fbf-6415-4bcf-a009-15b8925cbf7e" /><UnitTestResult executionId="35f55ed7-e744-4061-818d-25bfe941c5e0" testId="7966150a-3be0-4cfb-805a-9fb8883292f7" testName="KV - Alle Leistungen - Reihenfolge validieren" computerName="spc-a-testagent" duration="00:02:06.9160000" startTime="2019-05-17T05:36:03.6720354+02:00" endTime="2019-05-17T05:36:03.6720354+02:00" testType="13cdc9d9-ddb5-4fa4-a97d-d965ccfc6d4b" outcome="Failed" testListId="8c84fa94-04c1-424b-9868-57a2d4851a1d" relativeResultsDirectory="35f55ed7-e744-4061-818d-25bfe941c5e0"><Output><ErrorInfo><Message>OpenQA.Selenium.WebDriverException : The HTTP request to the remote WebDriver server for URL http://localhost:54964/session/54d08e08-b717-439d-8828-e37a5769d54d/element timed out after 120 seconds.&#xD;
---- System.Net.WebException : Die Anfrage wurde abgebrochen: Timeout für Vorgang überschritten.</Message><StackTrace>   bei OpenQA.Selenium.Remote.HttpCommandExecutor.MakeHttpRequest(HttpRequestInfo requestInfo)&#xD;
   bei OpenQA.Selenium.Remote.HttpCommandExecutor.Execute(Command commandToExecute)&#xD;
   bei OpenQA.Selenium.Remote.DriverServiceCommandExecutor.Execute(Command commandToExecute)&#xD;
   bei OpenQA.Selenium.Remote.RemoteWebDriver.Execute(String driverCommandToExecute, Dictionary`2 parameters)&#xD;
   bei OpenQA.Selenium.Remote.RemoteWebDriver.FindElement(String mechanism, String value)&#xD;
   bei OpenQA.Selenium.Remote.RemoteWebDriver.FindElementByXPath(String xpath)&#xD;
   bei OpenQA.Selenium.By.&lt;&gt;c__DisplayClass19_0.&lt;XPath&gt;b__0(ISearchContext context)&#xD;
   bei OpenQA.Selenium.By.FindElement(ISearchContext context)&#xD;
   bei OpenQA.Selenium.Remote.RemoteWebDriver.FindElement(By by)&#xD;
   bei SwissLife.F2c.FusionUITesting.Shared.Global.SelectContract(String userId, String contractId)&#xD;
   bei lambda_method(Closure , IContextManager , String , String )&#xD;
   bei TechTalk.SpecFlow.Bindings.BindingInvoker.InvokeBinding(IBinding binding, IContextManager contextManager, Object[] arguments, ITestTracer testTracer, TimeSpan&amp; duration)&#xD;
   bei TechTalk.SpecFlow.Infrastructure.TestExecutionEngine.ExecuteStepMatch(BindingMatch match, Object[] arguments)&#xD;
   bei TechTalk.SpecFlow.Infrastructure.TestExecutionEngine.ExecuteStep(IContextManager contextManager, StepInstance stepInstance)&#xD;
   bei TechTalk.SpecFlow.Infrastructure.TestExecutionEngine.OnAfterLastStep()&#xD;
   bei TechTalk.SpecFlow.TestRunner.CollectScenarioErrors()&#xD;
   bei SwissLife.F2c.FusionUITesting.Specs.KV.BenefitsDetailsPageFeature.ScenarioCleanup()&#xD;
   bei SwissLife.F2c.FusionUITesting.Specs.KV.BenefitsDetailsPageFeature.KV_AlleLeistungen_ReihenfolgeValidieren()&#xD;
----- Inner Stack Trace -----&#xD;
   bei System.Net.HttpWebRequest.GetResponse()&#xD;
   bei OpenQA.Selenium.Remote.HttpCommandExecutor.MakeHttpRequest(HttpRequestInfo requestInfo)</StackTrace></ErrorInfo></Output></UnitTestResult><UnitTestResult executionId="26d1983c-dbb7-40a4-b43a-991de6d3e3dd" testId="2fa48b5d-c89b-4497-9e7e-46f49b4ed59f" testName="KV - Withdrawal Capital Card - Werte validieren" computerName="spc-a-testagent" duration="00:02:06.7310000" startTime="2019-05-17T06:29:30.4788142+02:00" endTime="2019-05-17T06:29:30.4788142+02:00" testType="13cdc9d9-ddb5-4fa4-a97d-d965ccfc6d4b" outcome="Failed" testListId="8c84fa94-04c1-424b-9868-57a2d4851a1d" relativeResultsDirectory="26d1983c-dbb7-40a4-b43a-991de6d3e3dd"><Output><ErrorInfo><Message>OpenQA.Selenium.WebDriverException : The HTTP request to the remote WebDriver server for URL http://localhost:56011/session/1c9e61a9-d68e-4031-906f-3c066433e31f/element timed out after 120 seconds.&#xD;
---- System.Net.WebException : Die Anfrage wurde abgebrochen: Timeout für Vorgang überschritten.</Message><StackTrace>   bei OpenQA.Selenium.Remote.HttpCommandExecutor.MakeHttpRequest(HttpRequestInfo requestInfo)&#xD;
   bei OpenQA.Selenium.Remote.HttpCommandExecutor.Execute(Command commandToExecute)&#xD;
   bei OpenQA.Selenium.Remote.DriverServiceCommandExecutor.Execute(Command commandToExecute)&#xD;
   bei OpenQA.Selenium.Remote.RemoteWebDriver.Execute(String driverCommandToExecute, Dictionary`2 parameters)&#xD;
   bei OpenQA.Selenium.Remote.RemoteWebDriver.FindElement(String mechanism, String value)&#xD;
   bei OpenQA.Selenium.Remote.RemoteWebDriver.FindElementByXPath(String xpath)&#xD;
   bei OpenQA.Selenium.By.&lt;&gt;c__DisplayClass19_0.&lt;XPath&gt;b__0(ISearchContext context)&#xD;
   bei OpenQA.Selenium.By.FindElement(ISearchContext context)&#xD;
   bei OpenQA.Selenium.Remote.RemoteWebDriver.FindElement(By by)&#xD;
   bei SwissLife.F2c.FusionUITesting.Shared.Global.SelectContract(String userId, String contractId)&#xD;
   bei lambda_method(Closure , IContextManager , String , String )&#xD;
   bei TechTalk.SpecFlow.Bindings.BindingInvoker.InvokeBinding(IBinding binding, IContextManager contextManager, Object[] arguments, ITestTracer testTracer, TimeSpan&amp; duration)&#xD;
   bei TechTalk.SpecFlow.Infrastructure.TestExecutionEngine.ExecuteStepMatch(BindingMatch match, Object[] arguments)&#xD;
   bei TechTalk.SpecFlow.Infrastructure.TestExecutionEngine.ExecuteStep(IContextManager contextManager, StepInstance stepInstance)&#xD;
   bei TechTalk.SpecFlow.Infrastructure.TestExecutionEngine.OnAfterLastStep()&#xD;
   bei TechTalk.SpecFlow.TestRunner.CollectScenarioErrors()&#xD;
   bei SwissLife.F2c.FusionUITesting.Specs.KV.WithdrawalCapitalCardFeature.ScenarioCleanup()&#xD;
   bei SwissLife.F2c.FusionUITesting.Specs.KV.WithdrawalCapitalCardFeature.KV_WithdrawalCapitalCard_WerteValidieren()&#xD;
----- Inner Stack Trace -----&#xD;
   bei System.Net.HttpWebRequest.GetResponse()&#xD;
   bei OpenQA.Selenium.Remote.HttpCommandExecutor.MakeHttpRequest(HttpRequestInfo requestInfo)</StackTrace></ErrorInfo></Output></UnitTestResult><UnitTestResult executionId="e7aec252-7225-453a-8cff-41d794af89a5" testId="318fdf97-b15c-49a8-b220-c30a0a0a2102" testName="KV - Withdrawal Capital Card - Image Comparison" computerName="spc-a-testagent" duration="00:02:10.6550000" startTime="2019-05-17T06:27:23.7549001+02:00" endTime="2019-05-17T06:27:23.7549001+02:00" testType="13cdc9d9-ddb5-4fa4-a97d-d965ccfc6d4b" outcome="Failed" testListId="8c84fa94-04c1-424b-9868-57a2d4851a1d" relativeResultsDirectory="e7aec252-7225-453a-8cff-41d794af89a5"><Output><ErrorInfo><Message>OpenQA.Selenium.WebDriverException : The HTTP request to the remote WebDriver server for URL http://localhost:56011/session/1c9e61a9-d68e-4031-906f-3c066433e31f/element timed out after 120 seconds.&#xD;
---- System.Net.WebException : Die Anfrage wurde abgebrochen: Timeout für Vorgang überschritten.</Message><StackTrace>   bei OpenQA.Selenium.Remote.HttpCommandExecutor.MakeHttpRequest(HttpRequestInfo requestInfo)&#xD;
   bei OpenQA.Selenium.Remote.HttpCommandExecutor.Execute(Command commandToExecute)&#xD;
   bei OpenQA.Selenium.Remote.DriverServiceCommandExecutor.Execute(Command commandToExecute)&#xD;
   bei OpenQA.Selenium.Remote.RemoteWebDriver.Execute(String driverCommandToExecute, Dictionary`2 parameters)&#xD;
   bei OpenQA.Selenium.Remote.RemoteWebDriver.FindElement(String mechanism, String value)&#xD;
   bei OpenQA.Selenium.Remote.RemoteWebDriver.FindElementByXPath(String xpath)&#xD;
   bei OpenQA.Selenium.By.&lt;&gt;c__DisplayClass19_0.&lt;XPath&gt;b__0(ISearchContext context)&#xD;
   bei OpenQA.Selenium.By.FindElement(ISearchContext context)&#xD;
   bei OpenQA.Selenium.Remote.RemoteWebDriver.FindElement(By by)&#xD;
   bei SwissLife.F2c.FusionUITesting.Shared.Global.SelectContract(String userId, String contractId)&#xD;
   bei lambda_method(Closure , IContextManager , String , String )&#xD;
   bei TechTalk.SpecFlow.Bindings.BindingInvoker.InvokeBinding(IBinding binding, IContextManager contextManager, Object[] arguments, ITestTracer testTracer, TimeSpan&amp; duration)&#xD;
   bei TechTalk.SpecFlow.Infrastructure.TestExecutionEngine.ExecuteStepMatch(BindingMatch match, Object[] arguments)&#xD;
   bei TechTalk.SpecFlow.Infrastructure.TestExecutionEngine.ExecuteStep(IContextManager contextManager, StepInstance stepInstance)&#xD;
   bei TechTalk.SpecFlow.Infrastructure.TestExecutionEngine.OnAfterLastStep()&#xD;
   bei TechTalk.SpecFlow.TestRunner.CollectScenarioErrors()&#xD;
   bei SwissLife.F2c.FusionUITesting.Specs.KV.WithdrawalCapitalCardFeature.ScenarioCleanup()&#xD;
   bei SwissLife.F2c.FusionUITesting.Specs.KV.WithdrawalCapitalCardFeature.KV_WithdrawalCapitalCard_ImageComparison()&#xD;
----- Inner Stack Trace -----&#xD;
   bei System.Net.HttpWebRequest.GetResponse()&#xD;
   bei OpenQA.Selenium.Remote.HttpCommandExecutor.MakeHttpRequest(HttpRequestInfo requestInfo)</StackTrace></ErrorInfo></Output></UnitTestResult><UnitTestResult executionId="d0e20716-44e0-452d-bb22-ba8f82ab911f" testId="59f441dd-0642-4b2e-a0ed-b0c591afa32c" testName="KV - Alle Transaktionen - Validate the table header" computerName="spc-a-testagent" duration="00:02:06.8030000" startTime="2019-05-17T06:07:19.7138589+02:00" endTime="2019-05-17T06:07:19.7138589+02:00" testType="13cdc9d9-ddb5-4fa4-a97d-d965ccfc6d4b" outcome="Failed" testListId="8c84fa94-04c1-424b-9868-57a2d4851a1d" relativeResultsDirectory="d0e20716-44e0-452d-bb22-ba8f82ab911f"><Output><ErrorInfo><Message>OpenQA.Selenium.WebDriverException : The HTTP request to the remote WebDriver server for URL http://localhost:55692/session/1905f310-21c7-4c9b-bbdc-d659c9879df8/element timed out after 120 seconds.&#xD;
---- System.Net.WebException : Die Anfrage wurde abgebrochen: Timeout für Vorgang überschritten.</Message><StackTrace>   bei OpenQA.Selenium.Remote.HttpCommandExecutor.MakeHttpRequest(HttpRequestInfo requestInfo)&#xD;
   bei OpenQA.Selenium.Remote.HttpCommandExecutor.Execute(Command commandToExecute)&#xD;
   bei OpenQA.Selenium.Remote.DriverServiceCommandExecutor.Execute(Command commandToExecute)&#xD;
   bei OpenQA.Selenium.Remote.RemoteWebDriver.Execute(String driverCommandToExecute, Dictionary`2 parameters)&#xD;
   bei OpenQA.Selenium.Remote.RemoteWebDriver.FindElement(String mechanism, String value)&#xD;
   bei OpenQA.Selenium.Remote.RemoteWebDriver.FindElementByXPath(String xpath)&#xD;
   bei OpenQA.Selenium.By.&lt;&gt;c__DisplayClass19_0.&lt;XPath&gt;b__0(ISearchContext context)&#xD;
   bei OpenQA.Selenium.By.FindElement(ISearchContext context)&#xD;
   bei OpenQA.Selenium.Remote.RemoteWebDriver.FindElement(By by)&#xD;
   bei SwissLife.F2c.FusionUITesting.Shared.Global.SelectContract(String userId, String contractId)&#xD;
   bei lambda_method(Closure , IContextManager , String , String )&#xD;
   bei TechTalk.SpecFlow.Bindings.BindingInvoker.InvokeBinding(IBinding binding, IContextManager contextManager, Object[] arguments, ITestTracer testTracer, TimeSpan&amp; duration)&#xD;
   bei TechTalk.SpecFlow.Infrastructure.TestExecutionEngine.ExecuteStepMatch(BindingMatch match, Object[] arguments)&#xD;
   bei TechTalk.SpecFlow.Infrastructure.TestExecutionEngine.ExecuteStep(IContextManager contextManager, StepInstance stepInstance)&#xD;
   bei TechTalk.SpecFlow.Infrastructure.TestExecutionEngine.OnAfterLastStep()&#xD;
   bei TechTalk.SpecFlow.TestRunner.CollectScenarioErrors()&#xD;
   bei SwissLife.F2c.FusionUITesting.Specs.KV.AllTransactionsOfKVContractFeature.ScenarioCleanup()&#xD;
   bei SwissLife.F2c.FusionUITesting.Specs.KV.AllTransactionsOfKVContractFeature.KV_AlleTransaktionen_ValidateTheTableHeader()&#xD;
----- Inner Stack Trace -----&#xD;
   bei System.Net.HttpWebRequest.GetResponse()&#xD;
   bei OpenQA.Selenium.Remote.HttpCommandExecutor.MakeHttpRequest(HttpRequestInfo requestInfo)</StackTrace></ErrorInfo></Output></UnitTestResult></Results><TestDefinitions><UnitTest name="KV - Alle Transaktionen - Sortierung absteigend" storage="c:\b\3\3\s\src\fusion-uitesting\bin\release\net461\swisslife.f2c.fusionuitesting.exe" id="fc94329c-07a0-4871-9aec-bbe5202352fa"><Execution id="45f8eca1-9c22-4c5d-8af3-9a29d6af392f" /><TestMethod codeBase="C:\B\3\3\s\src\Fusion-UITesting\bin\Release\net461\SwissLife.F2c.FusionUITesting.exe" adapterTypeName="executor://xunit/VsTestRunner2/net" className="SwissLife.F2c.FusionUITesting.Specs.KV.AllTransactionsOfKVContractFeature" name="KV - Alle Transaktionen - Sortierung absteigend" /></UnitTest><UnitTest name="KV - Aktuelle Transaktionen - Tabelle" storage="c:\b\3\3\s\src\fusion-uitesting\bin\release\net461\swisslife.f2c.fusionuitesting.exe" id="28a43fdc-6ead-4532-a38f-2a86adbf8aa1"><Execution id="aa380f45-2905-48f3-95b4-4583c34095d3" /><TestMethod codeBase="C:\B\3\3\s\src\Fusion-UITesting\bin\Release\net461\SwissLife.F2c.FusionUITesting.exe" adapterTypeName="executor://xunit/VsTestRunner2/net" className="SwissLife.F2c.FusionUITesting.Specs.KV.CurrentTransactionsCardFeature" name="KV - Aktuelle Transaktionen - Tabelle" /></UnitTest><UnitTest name="KV - Alle Transaktionen - Filter letztes Jahr" storage="c:\b\3\3\s\src\fusion-uitesting\bin\release\net461\swisslife.f2c.fusionuitesting.exe" id="967f8ca6-f128-4092-8627-b49f2c035789"><Execution id="c2365349-9208-4eb5-9374-96a8014fdae1" /><TestMethod codeBase="C:\B\3\3\s\src\Fusion-UITesting\bin\Release\net461\SwissLife.F2c.FusionUITesting.exe" adapterTypeName="executor://xunit/VsTestRunner2/net" className="SwissLife.F2c.FusionUITesting.Specs.KV.AllTransactionsOfKVContractFeature" name="KV - Alle Transaktionen - Filter letztes Jahr" /></UnitTest><UnitTest name="KV - Ihre Vertragsdaten - Image Comparison" storage="c:\b\3\3\s\src\fusion-uitesting\bin\release\net461\swisslife.f2c.fusionuitesting.exe" id="1ecc4865-9a6e-43df-8458-f7511a657c0c"><Execution id="de65ab3f-092f-4585-b8a9-1b99b2d67311" /><TestMethod codeBase="C:\B\3\3\s\src\Fusion-UITesting\bin\Release\net461\SwissLife.F2c.FusionUITesting.exe" adapterTypeName="executor://xunit/VsTestRunner2/net" className="SwissLife.F2c.FusionUITesting.Specs.KV.YourContractDataCardFeature" name="KV - Ihre Vertragsdaten - Image Comparison" /></UnitTest><UnitTest name="KV - Alle Leistungen - Card &quot;Leistungen im Todesfall&quot;" storage="c:\b\3\3\s\src\fusion-uitesting\bin\release\net461\swisslife.f2c.fusionuitesting.exe" id="7b0e1f20-5f0f-4787-80fd-77ca0a683772"><Execution id="eedf1c60-fc97-4c87-97b5-09da8c973913" /><TestMethod codeBase="C:\B\3\3\s\src\Fusion-UITesting\bin\Release\net461\SwissLife.F2c.FusionUITesting.exe" adapterTypeName="executor://xunit/VsTestRunner2/net" className="SwissLife.F2c.FusionUITesting.Specs.KV.BenefitsDetailsPageFeature" name="KV - Alle Leistungen - Card &quot;Leistungen im Todesfall&quot;" /></UnitTest><UnitTest name="EV - Prämienübersicht" storage="c:\b\3\3\s\src\fusion-uitesting\bin\release\net461\swisslife.f2c.fusionuitesting.exe" id="9611fbc7-c830-4ab1-bda1-a3e643c0ae03"><Execution id="7ae46036-24cf-40d6-908f-b7664217cc99" /><TestMethod codeBase="C:\B\3\3\s\src\Fusion-UITesting\bin\Release\net461\SwissLife.F2c.FusionUITesting.exe" adapterTypeName="executor://xunit/VsTestRunner2/net" className="SwissLife.F2c.FusionUITesting.Specs.EV.EVContractOverviewCardFeature" name="EV - Prämienübersicht" /></UnitTest><UnitTest name="KV - Withdrawal Capital Card - Werte validieren" storage="c:\b\3\3\s\src\fusion-uitesting\bin\release\net461\swisslife.f2c.fusionuitesting.exe" id="2fa48b5d-c89b-4497-9e7e-46f49b4ed59f"><Execution id="26d1983c-dbb7-40a4-b43a-991de6d3e3dd" /><TestMethod codeBase="C:\B\3\3\s\src\Fusion-UITesting\bin\Release\net461\SwissLife.F2c.FusionUITesting.exe" adapterTypeName="executor://xunit/VsTestRunner2/net" className="SwissLife.F2c.FusionUITesting.Specs.KV.WithdrawalCapitalCardFeature" name="KV - Withdrawal Capital Card - Werte validieren" /></UnitTest><UnitTest name="FZ - Ihre Vertragsdaten" storage="c:\b\3\3\s\src\fusion-uitesting\bin\release\net461\swisslife.f2c.fusionuitesting.exe" id="0d170133-0b07-46bf-8a12-7a395f2ee012"><Execution id="e730944c-dd1c-48c2-a474-1ef10eb883dd" /><TestMethod codeBase="C:\B\3\3\s\src\Fusion-UITesting\bin\Release\net461\SwissLife.F2c.FusionUITesting.exe" adapterTypeName="executor://xunit/VsTestRunner2/net" className="SwissLife.F2c.FusionUITesting.Specs.FZ.FZContractCardsFeature" name="FZ - Ihre Vertragsdaten" /></UnitTest><UnitTest name="KV - Einkauf in die Pensionskasse" storage="c:\b\3\3\s\src\fusion-uitesting\bin\release\net461\swisslife.f2c.fusionuitesting.exe" id="7aafba20-a924-4805-a229-f89a7e72c196"><Execution id="d970e3b9-6063-425e-a0d3-282f392bebef" /><TestMethod codeBase="C:\B\3\3\s\src\Fusion-UITesting\bin\Release\net461\SwissLife.F2c.FusionUITesting.exe" adapterTypeName="executor://xunit/VsTestRunner2/net" className="SwissLife.F2c.FusionUITesting.Specs.KV.PurchaseCardFeature" name="KV - Einkauf in die Pensionskasse" /></UnitTest><UnitTest name="KV: Übersicht inaktive Versicherungen" storage="c:\b\3\3\s\src\fusion-uitesting\bin\release\net461\swisslife.f2c.fusionuitesting.exe" id="88873f5d-0834-416a-8c79-bf34bea185eb"><Execution id="29283093-18e1-43bf-9739-fab542949762" /><TestMethod codeBase="C:\B\3\3\s\src\Fusion-UITesting\bin\Release\net461\SwissLife.F2c.FusionUITesting.exe" adapterTypeName="executor://xunit/VsTestRunner2/net" className="SwissLife.F2c.FusionUITesting.Specs.KV.OverviewPageFeature" name="KV: Übersicht inaktive Versicherungen" /></UnitTest><UnitTest name="KV - Withdrawal Capital Card - Image Comparison" storage="c:\b\3\3\s\src\fusion-uitesting\bin\release\net461\swisslife.f2c.fusionuitesting.exe" id="318fdf97-b15c-49a8-b220-c30a0a0a2102"><Execution id="e7aec252-7225-453a-8cff-41d794af89a5" /><TestMethod codeBase="C:\B\3\3\s\src\Fusion-UITesting\bin\Release\net461\SwissLife.F2c.FusionUITesting.exe" adapterTypeName="executor://xunit/VsTestRunner2/net" className="SwissLife.F2c.FusionUITesting.Specs.KV.WithdrawalCapitalCardFeature" name="KV - Withdrawal Capital Card - Image Comparison" /></UnitTest><UnitTest name="KV - Ihre Vertragsdaten" storage="c:\b\3\3\s\src\fusion-uitesting\bin\release\net461\swisslife.f2c.fusionuitesting.exe" id="d19080e1-6c7f-4818-ba2d-a4e79fafa370"><Execution id="19751cf3-f823-4eb2-b510-81696ee82934" /><TestMethod codeBase="C:\B\3\3\s\src\Fusion-UITesting\bin\Release\net461\SwissLife.F2c.FusionUITesting.exe" adapterTypeName="executor://xunit/VsTestRunner2/net" className="SwissLife.F2c.FusionUITesting.Specs.KV.YourContractDataCardFeature" name="KV - Ihre Vertragsdaten" /></UnitTest><UnitTest name="KV - Alle Leistungen - Card &quot;Leistungen bei Invalidität&quot;" storage="c:\b\3\3\s\src\fusion-uitesting\bin\release\net461\swisslife.f2c.fusionuitesting.exe" id="3b023143-67b5-42e3-beea-eb7e2e606f93"><Execution id="f27d8a5b-2268-4da0-82eb-5053e3afa0ba" /><TestMethod codeBase="C:\B\3\3\s\src\Fusion-UITesting\bin\Release\net461\SwissLife.F2c.FusionUITesting.exe" adapterTypeName="executor://xunit/VsTestRunner2/net" className="SwissLife.F2c.FusionUITesting.Specs.KV.BenefitsDetailsPageFeature" name="KV - Alle Leistungen - Card &quot;Leistungen bei Invalidität&quot;" /></UnitTest><UnitTest name="KV - Alle Transaktionen - Validate the title of the widget" storage="c:\b\3\3\s\src\fusion-uitesting\bin\release\net461\swisslife.f2c.fusionuitesting.exe" id="1a5d6976-c853-48f1-a581-4fedcfdedbec"><Execution id="c064b1ad-9a4b-4c8a-b45c-ebf698881f95" /><TestMethod codeBase="C:\B\3\3\s\src\Fusion-UITesting\bin\Release\net461\SwissLife.F2c.FusionUITesting.exe" adapterTypeName="executor://xunit/VsTestRunner2/net" className="SwissLife.F2c.FusionUITesting.Specs.KV.AllTransactionsOfKVContractFeature" name="KV - Alle Transaktionen - Validate the title of the widget" /></UnitTest><UnitTest name="KV - Protect / Invest: Inaktive Versicherung: Vertragsdaten" storage="c:\b\3\3\s\src\fusion-uitesting\bin\release\net461\swisslife.f2c.fusionuitesting.exe" id="2951e806-824a-4e29-bec2-2d2abd9fccd4"><Execution id="04745ecf-0be2-4e2f-bbae-06859e972cf6" /><TestMethod codeBase="C:\B\3\3\s\src\Fusion-UITesting\bin\Release\net461\SwissLife.F2c.FusionUITesting.exe" adapterTypeName="executor://xunit/VsTestRunner2/net" className="SwissLife.F2c.FusionUITesting.Specs.KV.YourContractDataCardFeature" name="KV - Protect / Invest: Inaktive Versicherung: Vertragsdaten" /></UnitTest><UnitTest name="KV - Alle Leistungen - Card &quot;Leistungen im Alter&quot;" storage="c:\b\3\3\s\src\fusion-uitesting\bin\release\net461\swisslife.f2c.fusionuitesting.exe" id="0fff9b5b-94d8-4d76-8968-adfa094f58b8"><Execution id="d319dabe-4970-4573-8cdc-05200f18b1e2" /><TestMethod codeBase="C:\B\3\3\s\src\Fusion-UITesting\bin\Release\net461\SwissLife.F2c.FusionUITesting.exe" adapterTypeName="executor://xunit/VsTestRunner2/net" className="SwissLife.F2c.FusionUITesting.Specs.KV.BenefitsDetailsPageFeature" name="KV - Alle Leistungen - Card &quot;Leistungen im Alter&quot;" /></UnitTest><UnitTest name="KV - Alle Transaktionen - Validate the table header" storage="c:\b\3\3\s\src\fusion-uitesting\bin\release\net461\swisslife.f2c.fusionuitesting.exe" id="59f441dd-0642-4b2e-a0ed-b0c591afa32c"><Execution id="d0e20716-44e0-452d-bb22-ba8f82ab911f" /><TestMethod codeBase="C:\B\3\3\s\src\Fusion-UITesting\bin\Release\net461\SwissLife.F2c.FusionUITesting.exe" adapterTypeName="executor://xunit/VsTestRunner2/net" className="SwissLife.F2c.FusionUITesting.Specs.KV.AllTransactionsOfKVContractFeature" name="KV - Alle Transaktionen - Validate the table header" /></UnitTest><UnitTest name="Zahlungsübersicht" storage="c:\b\3\3\s\src\fusion-uitesting\bin\release\net461\swisslife.f2c.fusionuitesting.exe" id="f706bd90-6606-443c-ba7b-67fe00c4fa20"><Execution id="b4a1b723-f1c4-4381-9819-f4bd91569f69" /><TestMethod codeBase="C:\B\3\3\s\src\Fusion-UITesting\bin\Release\net461\SwissLife.F2c.FusionUITesting.exe" adapterTypeName="executor://xunit/VsTestRunner2/net" className="SwissLife.F2c.FusionUITesting.Specs.Mortgage.PaymentOverviewCardFeature" name="Zahlungsübersicht" /></UnitTest><UnitTest name="KV - Alle Transaktionen - Filter älter als vorletztes Jahr" storage="c:\b\3\3\s\src\fusion-uitesting\bin\release\net461\swisslife.f2c.fusionuitesting.exe" id="c378f9b1-6ea8-4bff-a244-ae59217f1d50"><Execution id="14d66284-d3b9-4b94-8985-2e88e179606e" /><TestMethod codeBase="C:\B\3\3\s\src\Fusion-UITesting\bin\Release\net461\SwissLife.F2c.FusionUITesting.exe" adapterTypeName="executor://xunit/VsTestRunner2/net" className="SwissLife.F2c.FusionUITesting.Specs.KV.AllTransactionsOfKVContractFeature" name="KV - Alle Transaktionen - Filter älter als vorletztes Jahr" /></UnitTest><UnitTest name="KV - Wording &quot;Alle Leistungen im Detail&quot;" storage="c:\b\3\3\s\src\fusion-uitesting\bin\release\net461\swisslife.f2c.fusionuitesting.exe" id="9d07fd88-25da-4137-8397-08685d93b412"><Execution id="39eaf707-18b4-4cf0-a42d-7d893e12a117" /><TestMethod codeBase="C:\B\3\3\s\src\Fusion-UITesting\bin\Release\net461\SwissLife.F2c.FusionUITesting.exe" adapterTypeName="executor://xunit/VsTestRunner2/net" className="SwissLife.F2c.FusionUITesting.Specs.KV.PlanPensionCardFeature" name="KV - Wording &quot;Alle Leistungen im Detail&quot;" /></UnitTest><UnitTest name="Hypo - Details zur Hypothek - FestHypotheke" storage="c:\b\3\3\s\src\fusion-uitesting\bin\release\net461\swisslife.f2c.fusionuitesting.exe" id="58622f29-6bc8-48f7-9d9c-671b1b65e0b4"><Execution id="5e6b6fbf-6415-4bcf-a009-15b8925cbf7e" /><TestMethod codeBase="C:\B\3\3\s\src\Fusion-UITesting\bin\Release\net461\SwissLife.F2c.FusionUITesting.exe" adapterTypeName="executor://xunit/VsTestRunner2/net" className="SwissLife.F2c.FusionUITesting.Specs.Mortgage.MortgageDetailsCardFeature" name="Hypo - Details zur Hypothek - FestHypotheke" /></UnitTest><UnitTest name="KV - Test Aktuelle Werte" storage="c:\b\3\3\s\src\fusion-uitesting\bin\release\net461\swisslife.f2c.fusionuitesting.exe" id="87c28823-b083-43b5-81a4-f222623e773b"><Execution id="4c6e6102-5a3a-4afe-87b5-fecb9054fd3c" /><TestMethod codeBase="C:\B\3\3\s\src\Fusion-UITesting\bin\Release\net461\SwissLife.F2c.FusionUITesting.exe" adapterTypeName="executor://xunit/VsTestRunner2/net" className="SwissLife.F2c.FusionUITesting.Specs.KV.BenefitsCardFeature" name="KV - Test Aktuelle Werte" /></UnitTest><UnitTest name="EV - EVAccount Navigation" storage="c:\b\3\3\s\src\fusion-uitesting\bin\release\net461\swisslife.f2c.fusionuitesting.exe" id="f07cc52f-7804-4efc-ab0d-a3e13cd4646a"><Execution id="48470c54-9d65-44dc-b9d6-97d7c0879959" /><TestMethod codeBase="C:\B\3\3\s\src\Fusion-UITesting\bin\Release\net461\SwissLife.F2c.FusionUITesting.exe" adapterTypeName="executor://xunit/VsTestRunner2/net" className="SwissLife.F2c.FusionUITesting.Specs.EV.EVVerlinkungZumPramiendepotAktivierenFeature" name="EV - EVAccount Navigation" /></UnitTest><UnitTest name="EV - Rückkaufswert" storage="c:\b\3\3\s\src\fusion-uitesting\bin\release\net461\swisslife.f2c.fusionuitesting.exe" id="02919771-4532-42c8-8cba-17bb1417ac28"><Execution id="0f39b585-b2bf-416b-9555-bffa512879de" /><TestMethod codeBase="C:\B\3\3\s\src\Fusion-UITesting\bin\Release\net461\SwissLife.F2c.FusionUITesting.exe" adapterTypeName="executor://xunit/VsTestRunner2/net" className="SwissLife.F2c.FusionUITesting.Specs.EV.EVContractOverviewCardFeature" name="EV - Rückkaufswert" /></UnitTest><UnitTest name="Hypo - Details zur Hypothek - GesamtHypothek" storage="c:\b\3\3\s\src\fusion-uitesting\bin\release\net461\swisslife.f2c.fusionuitesting.exe" id="d4565e8b-effb-48dc-ac38-d0f1f364e289"><Execution id="502b454c-4740-43fa-b20e-7c5c78663f51" /><TestMethod codeBase="C:\B\3\3\s\src\Fusion-UITesting\bin\Release\net461\SwissLife.F2c.FusionUITesting.exe" adapterTypeName="executor://xunit/VsTestRunner2/net" className="SwissLife.F2c.FusionUITesting.Specs.Mortgage.MortgageDetailsCardFeature" name="Hypo - Details zur Hypothek - GesamtHypothek" /></UnitTest><UnitTest name="KV - Alle Transaktionen - Sortierung aufsteigen" storage="c:\b\3\3\s\src\fusion-uitesting\bin\release\net461\swisslife.f2c.fusionuitesting.exe" id="51983eae-c4a8-4b0f-8ef9-5617f195d7fd"><Execution id="a8f041e3-714a-4819-b5ca-56d0bdaef143" /><TestMethod codeBase="C:\B\3\3\s\src\Fusion-UITesting\bin\Release\net461\SwissLife.F2c.FusionUITesting.exe" adapterTypeName="executor://xunit/VsTestRunner2/net" className="SwissLife.F2c.FusionUITesting.Specs.KV.AllTransactionsOfKVContractFeature" name="KV - Alle Transaktionen - Sortierung aufsteigen" /></UnitTest><UnitTest name="Startpage - Allgemein" storage="c:\b\3\3\s\src\fusion-uitesting\bin\release\net461\swisslife.f2c.fusionuitesting.exe" id="f913975a-8cb0-4dff-94ae-d927fbb6d766"><Execution id="aad90066-7b14-4edf-854e-fff738637307" /><TestMethod codeBase="C:\B\3\3\s\src\Fusion-UITesting\bin\Release\net461\SwissLife.F2c.FusionUITesting.exe" adapterTypeName="executor://xunit/VsTestRunner2/net" className="SwissLife.F2c.FusionUITesting.Specs.Startpage.StartpageFeature" name="Startpage - Allgemein" /></UnitTest><UnitTest name="3AStart - Ihre Vertragsdaten" storage="c:\b\3\3\s\src\fusion-uitesting\bin\release\net461\swisslife.f2c.fusionuitesting.exe" id="6ef09ee6-4cf4-479b-b7b1-76d2104046bd"><Execution id="2c1c5a0a-2b86-45da-a759-ad7f1007857d" /><TestMethod codeBase="C:\B\3\3\s\src\Fusion-UITesting\bin\Release\net461\SwissLife.F2c.FusionUITesting.exe" adapterTypeName="executor://xunit/VsTestRunner2/net" className="SwissLife.F2c.FusionUITesting.Specs._3AStart.ThreeAStartContractCardFeature" name="3AStart - Ihre Vertragsdaten" /></UnitTest><UnitTest name="KV - Test der Texte" storage="c:\b\3\3\s\src\fusion-uitesting\bin\release\net461\swisslife.f2c.fusionuitesting.exe" id="c56beb0a-153c-4224-aaf1-9ba5c5112043"><Execution id="95817ae0-4108-43c0-a59c-59b5c833ee82" /><TestMethod codeBase="C:\B\3\3\s\src\Fusion-UITesting\bin\Release\net461\SwissLife.F2c.FusionUITesting.exe" adapterTypeName="executor://xunit/VsTestRunner2/net" className="SwissLife.F2c.FusionUITesting.Specs.KV.CurrentValuesCardFeature" name="KV - Test der Texte" /></UnitTest><UnitTest name="EV - Vertrag beauskunften (Ablaufleistung &amp; Einzahlung 3a nicht sichtbar)" storage="c:\b\3\3\s\src\fusion-uitesting\bin\release\net461\swisslife.f2c.fusionuitesting.exe" id="41a24d46-188d-441b-ad61-9a5f7a1aa0b3"><Execution id="0a3e9eaf-7c59-4e10-9cbe-2ef94dc700b9" /><TestMethod codeBase="C:\B\3\3\s\src\Fusion-UITesting\bin\Release\net461\SwissLife.F2c.FusionUITesting.exe" adapterTypeName="executor://xunit/VsTestRunner2/net" className="SwissLife.F2c.FusionUITesting.Specs.EV.EV_VertragsbeauskunftungFeature" name="EV - Vertrag beauskunften (Ablaufleistung &amp; Einzahlung 3a nicht sichtbar)" /></UnitTest><UnitTest name="KV - Protect / Invest: Senioren - Anpassung Kachel Einkauf" storage="c:\b\3\3\s\src\fusion-uitesting\bin\release\net461\swisslife.f2c.fusionuitesting.exe" id="6a1a3d34-79d2-40f7-9af9-1c47ea41f6fc"><Execution id="c9af3b56-a3ca-4a4e-a634-04b9b998759e" /><TestMethod codeBase="C:\B\3\3\s\src\Fusion-UITesting\bin\Release\net461\SwissLife.F2c.FusionUITesting.exe" adapterTypeName="executor://xunit/VsTestRunner2/net" className="SwissLife.F2c.FusionUITesting.Specs.KV.PurchaseCardFeature" name="KV - Protect / Invest: Senioren - Anpassung Kachel Einkauf" /></UnitTest><UnitTest name="EV - Ihre Vertragsdaten" storage="c:\b\3\3\s\src\fusion-uitesting\bin\release\net461\swisslife.f2c.fusionuitesting.exe" id="a99957d3-262a-4f0b-93a0-01da002c892d"><Execution id="8670ea19-3e4d-4e85-8198-bf74079e7266" /><TestMethod codeBase="C:\B\3\3\s\src\Fusion-UITesting\bin\Release\net461\SwissLife.F2c.FusionUITesting.exe" adapterTypeName="executor://xunit/VsTestRunner2/net" className="SwissLife.F2c.FusionUITesting.Specs.EV.EVContractOverviewCardFeature" name="EV - Ihre Vertragsdaten" /></UnitTest><UnitTest name="KV - Seniorenplan: Kachel Ihre Leistungen - Invalidenleistungen" storage="c:\b\3\3\s\src\fusion-uitesting\bin\release\net461\swisslife.f2c.fusionuitesting.exe" id="efbc5b75-7bcd-4c25-8446-d2d7e91ea4a7"><Execution id="ab2e8877-971b-4856-a424-a6ba9e33783b" /><TestMethod codeBase="C:\B\3\3\s\src\Fusion-UITesting\bin\Release\net461\SwissLife.F2c.FusionUITesting.exe" adapterTypeName="executor://xunit/VsTestRunner2/net" className="SwissLife.F2c.FusionUITesting.Specs.KV.ProtectInvest_SeniorenplanFeature" name="KV - Seniorenplan: Kachel Ihre Leistungen - Invalidenleistungen" /></UnitTest><UnitTest name="KV - Aktuelle Transaktionen - Link" storage="c:\b\3\3\s\src\fusion-uitesting\bin\release\net461\swisslife.f2c.fusionuitesting.exe" id="63cbaa3d-efae-49d1-b6fe-9f4c437b9fde"><Execution id="2c55084c-329a-40ac-99d2-0a457e46aa8e" /><TestMethod codeBase="C:\B\3\3\s\src\Fusion-UITesting\bin\Release\net461\SwissLife.F2c.FusionUITesting.exe" adapterTypeName="executor://xunit/VsTestRunner2/net" className="SwissLife.F2c.FusionUITesting.Specs.KV.CurrentTransactionsCardFeature" name="KV - Aktuelle Transaktionen - Link" /></UnitTest><UnitTest name="3AStart - Einzahlung in die Säule 3a" storage="c:\b\3\3\s\src\fusion-uitesting\bin\release\net461\swisslife.f2c.fusionuitesting.exe" id="e0369724-9a87-491e-ac1f-b3d8154c21ac"><Execution id="59e9928a-8ef9-4b75-91d2-e9f1d1eee9b8" /><TestMethod codeBase="C:\B\3\3\s\src\Fusion-UITesting\bin\Release\net461\SwissLife.F2c.FusionUITesting.exe" adapterTypeName="executor://xunit/VsTestRunner2/net" className="SwissLife.F2c.FusionUITesting.Specs._3AStart.ThreeAStartContractCardFeature" name="3AStart - Einzahlung in die Säule 3a" /></UnitTest><UnitTest name="KV - Protect / Invest: Inaktive Versicherung: Wichtigste Werte" storage="c:\b\3\3\s\src\fusion-uitesting\bin\release\net461\swisslife.f2c.fusionuitesting.exe" id="256c00e1-dcbc-4e5e-8aba-9a49eb499291"><Execution id="d0858be7-58dc-40ef-b96f-423a143c58ca" /><TestMethod codeBase="C:\B\3\3\s\src\Fusion-UITesting\bin\Release\net461\SwissLife.F2c.FusionUITesting.exe" adapterTypeName="executor://xunit/VsTestRunner2/net" className="SwissLife.F2c.FusionUITesting.Specs.KV.CurrentValuesCardFeature" name="KV - Protect / Invest: Inaktive Versicherung: Wichtigste Werte" /></UnitTest><UnitTest name="KV - Alle Transaktionen - Filter dieses Jahr" storage="c:\b\3\3\s\src\fusion-uitesting\bin\release\net461\swisslife.f2c.fusionuitesting.exe" id="1042abb5-85f9-458c-b130-6b6f68db15e3"><Execution id="446b2284-bad4-41c7-a6d1-676b10227819" /><TestMethod codeBase="C:\B\3\3\s\src\Fusion-UITesting\bin\Release\net461\SwissLife.F2c.FusionUITesting.exe" adapterTypeName="executor://xunit/VsTestRunner2/net" className="SwissLife.F2c.FusionUITesting.Specs.KV.AllTransactionsOfKVContractFeature" name="KV - Alle Transaktionen - Filter dieses Jahr" /></UnitTest><UnitTest name="KV - Alle Transaktionen - Filter letzte 6 Monate" storage="c:\b\3\3\s\src\fusion-uitesting\bin\release\net461\swisslife.f2c.fusionuitesting.exe" id="1b137a76-c159-4a90-b067-e890a9ba072b"><Execution id="a129d228-f182-4e15-985a-b395cfb41c91" /><TestMethod codeBase="C:\B\3\3\s\src\Fusion-UITesting\bin\Release\net461\SwissLife.F2c.FusionUITesting.exe" adapterTypeName="executor://xunit/VsTestRunner2/net" className="SwissLife.F2c.FusionUITesting.Specs.KV.AllTransactionsOfKVContractFeature" name="KV - Alle Transaktionen - Filter letzte 6 Monate" /></UnitTest><UnitTest name="KV - Alle Leistungen - Reihenfolge validieren" storage="c:\b\3\3\s\src\fusion-uitesting\bin\release\net461\swisslife.f2c.fusionuitesting.exe" id="7966150a-3be0-4cfb-805a-9fb8883292f7"><Execution id="35f55ed7-e744-4061-818d-25bfe941c5e0" /><TestMethod codeBase="C:\B\3\3\s\src\Fusion-UITesting\bin\Release\net461\SwissLife.F2c.FusionUITesting.exe" adapterTypeName="executor://xunit/VsTestRunner2/net" className="SwissLife.F2c.FusionUITesting.Specs.KV.BenefitsDetailsPageFeature" name="KV - Alle Leistungen - Reihenfolge validieren" /></UnitTest><UnitTest name="3AStart - No_Einzahlung in die Säule 3a" storage="c:\b\3\3\s\src\fusion-uitesting\bin\release\net461\swisslife.f2c.fusionuitesting.exe" id="30b803fd-1dae-4989-9d4e-27800e5db0dd"><Execution id="2c7bb191-442b-4c02-86f2-e71c5ec52dfc" /><TestMethod codeBase="C:\B\3\3\s\src\Fusion-UITesting\bin\Release\net461\SwissLife.F2c.FusionUITesting.exe" adapterTypeName="executor://xunit/VsTestRunner2/net" className="SwissLife.F2c.FusionUITesting.Specs._3AStart.ThreeAStartContractCardFeature" name="3AStart - No_Einzahlung in die Säule 3a" /></UnitTest><UnitTest name="KV - Alle Transaktionen - Filter vorletztes Jahr" storage="c:\b\3\3\s\src\fusion-uitesting\bin\release\net461\swisslife.f2c.fusionuitesting.exe" id="bbef83a9-6730-42bc-afcb-4bb022c74a55"><Execution id="38852d7a-3bda-45bf-890a-c19f98b90f1a" /><TestMethod codeBase="C:\B\3\3\s\src\Fusion-UITesting\bin\Release\net461\SwissLife.F2c.FusionUITesting.exe" adapterTypeName="executor://xunit/VsTestRunner2/net" className="SwissLife.F2c.FusionUITesting.Specs.KV.AllTransactionsOfKVContractFeature" name="KV - Alle Transaktionen - Filter vorletztes Jahr" /></UnitTest><UnitTest name="KV - Pensionierung planen Card" storage="c:\b\3\3\s\src\fusion-uitesting\bin\release\net461\swisslife.f2c.fusionuitesting.exe" id="a78faf50-1702-46df-9295-d36d0d8f8748"><Execution id="1ee1c735-4988-468a-8989-4f0c32b772ed" /><TestMethod codeBase="C:\B\3\3\s\src\Fusion-UITesting\bin\Release\net461\SwissLife.F2c.FusionUITesting.exe" adapterTypeName="executor://xunit/VsTestRunner2/net" className="SwissLife.F2c.FusionUITesting.Specs.KV.PlanPensionCardFeature" name="KV - Pensionierung planen Card" /></UnitTest><UnitTest name="KV - Alle Transaktionen - Validate the table content" storage="c:\b\3\3\s\src\fusion-uitesting\bin\release\net461\swisslife.f2c.fusionuitesting.exe" id="78d9460c-03f3-4def-8e7c-f4c3a2704c60"><Execution id="37731df2-51df-4544-9368-09408fa782b8" /><TestMethod codeBase="C:\B\3\3\s\src\Fusion-UITesting\bin\Release\net461\SwissLife.F2c.FusionUITesting.exe" adapterTypeName="executor://xunit/VsTestRunner2/net" className="SwissLife.F2c.FusionUITesting.Specs.KV.AllTransactionsOfKVContractFeature" name="KV - Alle Transaktionen - Validate the table content" /></UnitTest><UnitTest name="EV - Ablaufleistung" storage="c:\b\3\3\s\src\fusion-uitesting\bin\release\net461\swisslife.f2c.fusionuitesting.exe" id="9c41bad8-c110-4bf6-922e-f3dc7997de61"><Execution id="6c469968-3f3c-4013-bdb3-557cde8d87cd" /><TestMethod codeBase="C:\B\3\3\s\src\Fusion-UITesting\bin\Release\net461\SwissLife.F2c.FusionUITesting.exe" adapterTypeName="executor://xunit/VsTestRunner2/net" className="SwissLife.F2c.FusionUITesting.Specs.EV.EVContractOverviewCardFeature" name="EV - Ablaufleistung" /></UnitTest><UnitTest name="EV - Vertrag beauskunften (alle sichtbar)" storage="c:\b\3\3\s\src\fusion-uitesting\bin\release\net461\swisslife.f2c.fusionuitesting.exe" id="a9a933c8-9235-4e4f-984a-f2d4c36eb373"><Execution id="9099c892-8dce-4a1d-9766-4ae00e4a1e47" /><TestMethod codeBase="C:\B\3\3\s\src\Fusion-UITesting\bin\Release\net461\SwissLife.F2c.FusionUITesting.exe" adapterTypeName="executor://xunit/VsTestRunner2/net" className="SwissLife.F2c.FusionUITesting.Specs.EV.EV_VertragsbeauskunftungFeature" name="EV - Vertrag beauskunften (alle sichtbar)" /></UnitTest><UnitTest name="Hypo - Ihre Vertragsdaten" storage="c:\b\3\3\s\src\fusion-uitesting\bin\release\net461\swisslife.f2c.fusionuitesting.exe" id="81b33854-38a7-4de1-b224-4bca2a3f60b9"><Execution id="7cd96935-79d8-4442-90b2-44c59e37782d" /><TestMethod codeBase="C:\B\3\3\s\src\Fusion-UITesting\bin\Release\net461\SwissLife.F2c.FusionUITesting.exe" adapterTypeName="executor://xunit/VsTestRunner2/net" className="SwissLife.F2c.FusionUITesting.Specs.Mortgage.ContractOverviewCardFeature" name="Hypo - Ihre Vertragsdaten" /></UnitTest></TestDefinitions><TestEntries><TestEntry testId="63cbaa3d-efae-49d1-b6fe-9f4c437b9fde" executionId="2c55084c-329a-40ac-99d2-0a457e46aa8e" testListId="8c84fa94-04c1-424b-9868-57a2d4851a1d" /><TestEntry testId="d4565e8b-effb-48dc-ac38-d0f1f364e289" executionId="502b454c-4740-43fa-b20e-7c5c78663f51" testListId="8c84fa94-04c1-424b-9868-57a2d4851a1d" /><TestEntry testId="51983eae-c4a8-4b0f-8ef9-5617f195d7fd" executionId="a8f041e3-714a-4819-b5ca-56d0bdaef143" testListId="8c84fa94-04c1-424b-9868-57a2d4851a1d" /><TestEntry testId="1ecc4865-9a6e-43df-8458-f7511a657c0c" executionId="de65ab3f-092f-4585-b8a9-1b99b2d67311" testListId="8c84fa94-04c1-424b-9868-57a2d4851a1d" /><TestEntry testId="256c00e1-dcbc-4e5e-8aba-9a49eb499291" executionId="d0858be7-58dc-40ef-b96f-423a143c58ca" testListId="8c84fa94-04c1-424b-9868-57a2d4851a1d" /><TestEntry testId="efbc5b75-7bcd-4c25-8446-d2d7e91ea4a7" executionId="ab2e8877-971b-4856-a424-a6ba9e33783b" testListId="8c84fa94-04c1-424b-9868-57a2d4851a1d" /><TestEntry testId="0d170133-0b07-46bf-8a12-7a395f2ee012" executionId="e730944c-dd1c-48c2-a474-1ef10eb883dd" testListId="8c84fa94-04c1-424b-9868-57a2d4851a1d" /><TestEntry testId="c378f9b1-6ea8-4bff-a244-ae59217f1d50" executionId="14d66284-d3b9-4b94-8985-2e88e179606e" testListId="8c84fa94-04c1-424b-9868-57a2d4851a1d" /><TestEntry testId="02919771-4532-42c8-8cba-17bb1417ac28" executionId="0f39b585-b2bf-416b-9555-bffa512879de" testListId="8c84fa94-04c1-424b-9868-57a2d4851a1d" /><TestEntry testId="28a43fdc-6ead-4532-a38f-2a86adbf8aa1" executionId="aa380f45-2905-48f3-95b4-4583c34095d3" testListId="8c84fa94-04c1-424b-9868-57a2d4851a1d" /><TestEntry testId="87c28823-b083-43b5-81a4-f222623e773b" executionId="4c6e6102-5a3a-4afe-87b5-fecb9054fd3c" testListId="8c84fa94-04c1-424b-9868-57a2d4851a1d" /><TestEntry testId="0fff9b5b-94d8-4d76-8968-adfa094f58b8" executionId="d319dabe-4970-4573-8cdc-05200f18b1e2" testListId="8c84fa94-04c1-424b-9868-57a2d4851a1d" /><TestEntry testId="9d07fd88-25da-4137-8397-08685d93b412" executionId="39eaf707-18b4-4cf0-a42d-7d893e12a117" testListId="8c84fa94-04c1-424b-9868-57a2d4851a1d" /><TestEntry testId="a9a933c8-9235-4e4f-984a-f2d4c36eb373" executionId="9099c892-8dce-4a1d-9766-4ae00e4a1e47" testListId="8c84fa94-04c1-424b-9868-57a2d4851a1d" /><TestEntry testId="a78faf50-1702-46df-9295-d36d0d8f8748" executionId="1ee1c735-4988-468a-8989-4f0c32b772ed" testListId="8c84fa94-04c1-424b-9868-57a2d4851a1d" /><TestEntry testId="e0369724-9a87-491e-ac1f-b3d8154c21ac" executionId="59e9928a-8ef9-4b75-91d2-e9f1d1eee9b8" testListId="8c84fa94-04c1-424b-9868-57a2d4851a1d" /><TestEntry testId="81b33854-38a7-4de1-b224-4bca2a3f60b9" executionId="7cd96935-79d8-4442-90b2-44c59e37782d" testListId="8c84fa94-04c1-424b-9868-57a2d4851a1d" /><TestEntry testId="6ef09ee6-4cf4-479b-b7b1-76d2104046bd" executionId="2c1c5a0a-2b86-45da-a759-ad7f1007857d" testListId="8c84fa94-04c1-424b-9868-57a2d4851a1d" /><TestEntry testId="f07cc52f-7804-4efc-ab0d-a3e13cd4646a" executionId="48470c54-9d65-44dc-b9d6-97d7c0879959" testListId="8c84fa94-04c1-424b-9868-57a2d4851a1d" /><TestEntry testId="7aafba20-a924-4805-a229-f89a7e72c196" executionId="d970e3b9-6063-425e-a0d3-282f392bebef" testListId="8c84fa94-04c1-424b-9868-57a2d4851a1d" /><TestEntry testId="1b137a76-c159-4a90-b067-e890a9ba072b" executionId="a129d228-f182-4e15-985a-b395cfb41c91" testListId="8c84fa94-04c1-424b-9868-57a2d4851a1d" /><TestEntry testId="1a5d6976-c853-48f1-a581-4fedcfdedbec" executionId="c064b1ad-9a4b-4c8a-b45c-ebf698881f95" testListId="8c84fa94-04c1-424b-9868-57a2d4851a1d" /><TestEntry testId="78d9460c-03f3-4def-8e7c-f4c3a2704c60" executionId="37731df2-51df-4544-9368-09408fa782b8" testListId="8c84fa94-04c1-424b-9868-57a2d4851a1d" /><TestEntry testId="30b803fd-1dae-4989-9d4e-27800e5db0dd" executionId="2c7bb191-442b-4c02-86f2-e71c5ec52dfc" testListId="8c84fa94-04c1-424b-9868-57a2d4851a1d" /><TestEntry testId="f706bd90-6606-443c-ba7b-67fe00c4fa20" executionId="b4a1b723-f1c4-4381-9819-f4bd91569f69" testListId="8c84fa94-04c1-424b-9868-57a2d4851a1d" /><TestEntry testId="c56beb0a-153c-4224-aaf1-9ba5c5112043" executionId="95817ae0-4108-43c0-a59c-59b5c833ee82" testListId="8c84fa94-04c1-424b-9868-57a2d4851a1d" /><TestEntry testId="f913975a-8cb0-4dff-94ae-d927fbb6d766" executionId="aad90066-7b14-4edf-854e-fff738637307" testListId="8c84fa94-04c1-424b-9868-57a2d4851a1d" /><TestEntry testId="fc94329c-07a0-4871-9aec-bbe5202352fa" executionId="45f8eca1-9c22-4c5d-8af3-9a29d6af392f" testListId="8c84fa94-04c1-424b-9868-57a2d4851a1d" /><TestEntry testId="2951e806-824a-4e29-bec2-2d2abd9fccd4" executionId="04745ecf-0be2-4e2f-bbae-06859e972cf6" testListId="8c84fa94-04c1-424b-9868-57a2d4851a1d" /><TestEntry testId="9611fbc7-c830-4ab1-bda1-a3e643c0ae03" executionId="7ae46036-24cf-40d6-908f-b7664217cc99" testListId="8c84fa94-04c1-424b-9868-57a2d4851a1d" /><TestEntry testId="bbef83a9-6730-42bc-afcb-4bb022c74a55" executionId="38852d7a-3bda-45bf-890a-c19f98b90f1a" testListId="8c84fa94-04c1-424b-9868-57a2d4851a1d" /><TestEntry testId="3b023143-67b5-42e3-beea-eb7e2e606f93" executionId="f27d8a5b-2268-4da0-82eb-5053e3afa0ba" testListId="8c84fa94-04c1-424b-9868-57a2d4851a1d" /><TestEntry testId="6a1a3d34-79d2-40f7-9af9-1c47ea41f6fc" executionId="c9af3b56-a3ca-4a4e-a634-04b9b998759e" testListId="8c84fa94-04c1-424b-9868-57a2d4851a1d" /><TestEntry testId="7b0e1f20-5f0f-4787-80fd-77ca0a683772" executionId="eedf1c60-fc97-4c87-97b5-09da8c973913" testListId="8c84fa94-04c1-424b-9868-57a2d4851a1d" /><TestEntry testId="41a24d46-188d-441b-ad61-9a5f7a1aa0b3" executionId="0a3e9eaf-7c59-4e10-9cbe-2ef94dc700b9" testListId="8c84fa94-04c1-424b-9868-57a2d4851a1d" /><TestEntry testId="967f8ca6-f128-4092-8627-b49f2c035789" executionId="c2365349-9208-4eb5-9374-96a8014fdae1" testListId="8c84fa94-04c1-424b-9868-57a2d4851a1d" /><TestEntry testId="a99957d3-262a-4f0b-93a0-01da002c892d" executionId="8670ea19-3e4d-4e85-8198-bf74079e7266" testListId="8c84fa94-04c1-424b-9868-57a2d4851a1d" /><TestEntry testId="88873f5d-0834-416a-8c79-bf34bea185eb" executionId="29283093-18e1-43bf-9739-fab542949762" testListId="8c84fa94-04c1-424b-9868-57a2d4851a1d" /><TestEntry testId="d19080e1-6c7f-4818-ba2d-a4e79fafa370" executionId="19751cf3-f823-4eb2-b510-81696ee82934" testListId="8c84fa94-04c1-424b-9868-57a2d4851a1d" /><TestEntry testId="9c41bad8-c110-4bf6-922e-f3dc7997de61" executionId="6c469968-3f3c-4013-bdb3-557cde8d87cd" testListId="8c84fa94-04c1-424b-9868-57a2d4851a1d" /><TestEntry testId="1042abb5-85f9-458c-b130-6b6f68db15e3" executionId="446b2284-bad4-41c7-a6d1-676b10227819" testListId="8c84fa94-04c1-424b-9868-57a2d4851a1d" /><TestEntry testId="58622f29-6bc8-48f7-9d9c-671b1b65e0b4" executionId="5e6b6fbf-6415-4bcf-a009-15b8925cbf7e" testListId="8c84fa94-04c1-424b-9868-57a2d4851a1d" /><TestEntry testId="7966150a-3be0-4cfb-805a-9fb8883292f7" executionId="35f55ed7-e744-4061-818d-25bfe941c5e0" testListId="8c84fa94-04c1-424b-9868-57a2d4851a1d" /><TestEntry testId="2fa48b5d-c89b-4497-9e7e-46f49b4ed59f" executionId="26d1983c-dbb7-40a4-b43a-991de6d3e3dd" testListId="8c84fa94-04c1-424b-9868-57a2d4851a1d" /><TestEntry testId="318fdf97-b15c-49a8-b220-c30a0a0a2102" executionId="e7aec252-7225-453a-8cff-41d794af89a5" testListId="8c84fa94-04c1-424b-9868-57a2d4851a1d" /><TestEntry testId="59f441dd-0642-4b2e-a0ed-b0c591afa32c" executionId="d0e20716-44e0-452d-bb22-ba8f82ab911f" testListId="8c84fa94-04c1-424b-9868-57a2d4851a1d" /></TestEntries><TestLists><TestList name="Results Not in a List" id="8c84fa94-04c1-424b-9868-57a2d4851a1d" /><TestList name="All Loaded Results" id="19431567-8539-422a-85d7-44ee4e166bda" /></TestLists><ResultSummary outcome="Failed"><Counters total="46" executed="46" passed="16" failed="30" error="0" timeout="0" aborted="0" inconclusive="0" passedButRunAborted="0" notRunnable="0" notExecuted="0" disconnected="0" warning="0" completed="0" inProgress="0" pending="0" /><Output><StdOut>[xUnit.net 00:00:00.00] xUnit.net VSTest Adapter v2.4.1 (32-bit Desktop .NET 4.0.30319.42000)[xUnit.net 00:00:01.12]   Discovering: SwissLife.F2c.FusionUITesting[xUnit.net 00:00:01.45]   Discovered:  SwissLife.F2c.FusionUITesting[xUnit.net 00:00:01.48]   Starting:    SwissLife.F2c.FusionUITesting[xUnit.net 00:02:40.75]       OpenQA.Selenium.WebDriverException : The HTTP request to the remote WebDriver server for URL http://localhost:54893/session/f2ace394-0f10-43ad-9d99-cde8a4616cd7/element timed out after 120 seconds.[xUnit.net 00:02:40.75]       ---- System.Net.WebException : Die Anfrage wurde abgebrochen: Timeout für Vorgang überschritten.[xUnit.net 00:02:40.75]       Stack Trace:[xUnit.net 00:02:40.75]            bei OpenQA.Selenium.Remote.HttpCommandExecutor.MakeHttpRequest(HttpRequestInfo requestInfo)[xUnit.net 00:02:40.75]            bei OpenQA.Selenium.Remote.HttpCommandExecutor.Execute(Command commandToExecute)[xUnit.net 00:02:40.75]            bei OpenQA.Selenium.Remote.DriverServiceCommandExecutor.Execute(Command commandToExecute)[xUnit.net 00:02:40.75]            bei OpenQA.Selenium.Remote.RemoteWebDriver.Execute(String driverCommandToExecute, Dictionary`2 parameters)[xUnit.net 00:02:40.75]            bei OpenQA.Selenium.Remote.RemoteWebDriver.FindElement(String mechanism, String value)[xUnit.net 00:02:40.75]            bei OpenQA.Selenium.Remote.RemoteWebDriver.FindElementByXPath(String xpath)[xUnit.net 00:02:40.75]            bei OpenQA.Selenium.By.&lt;&gt;c__DisplayClass19_0.&lt;XPath&gt;b__0(ISearchContext context)[xUnit.net 00:02:40.75]            bei OpenQA.Selenium.By.FindElement(ISearchContext context)[xUnit.net 00:02:40.76]            bei OpenQA.Selenium.Remote.RemoteWebDriver.FindElement(By by)[xUnit.net 00:02:40.76]            bei SwissLife.F2c.FusionUITesting.Shared.Global.SelectContract(String userId, String contractId)[xUnit.net 00:02:40.76]            bei lambda_method(Closure , IContextManager , String , String )[xUnit.net 00:02:40.76]            bei TechTalk.SpecFlow.Bindings.BindingInvoker.InvokeBinding(IBinding binding, IContextManager contextManager, Object[] arguments, ITestTracer testTracer, TimeSpan&amp; duration)[xUnit.net 00:02:40.76]            bei TechTalk.SpecFlow.Infrastructure.TestExecutionEngine.ExecuteStepMatch(BindingMatch match, Object[] arguments)[xUnit.net 00:02:40.76]            bei TechTalk.SpecFlow.Infrastructure.TestExecutionEngine.ExecuteStep(IContextManager contextManager, StepInstance stepInstance)[xUnit.net 00:02:40.76]            bei TechTalk.SpecFlow.Infrastructure.TestExecutionEngine.OnAfterLastStep()[xUnit.net 00:02:40.76]            bei TechTalk.SpecFlow.TestRunner.CollectScenarioErrors()[xUnit.net 00:02:40.76]            bei SwissLife.F2c.FusionUITesting.Specs.KV.BenefitsCardFeature.ScenarioCleanup()[xUnit.net 00:02:40.76]            bei SwissLife.F2c.FusionUITesting.Specs.KV.BenefitsCardFeature.KV_TestAktuelleWerte()[xUnit.net 00:02:40.76]         ----- Inner Stack Trace -----[xUnit.net 00:02:40.76]            bei System.Net.HttpWebRequest.GetResponse()[xUnit.net 00:02:40.76]            bei OpenQA.Selenium.Remote.HttpCommandExecutor.MakeHttpRequest(HttpRequestInfo requestInfo)[xUnit.net 00:05:01.59]       OpenQA.Selenium.WebDriverException : The HTTP request to the remote WebDriver server for URL http://localhost:54964/session/54d08e08-b717-439d-8828-e37a5769d54d/element timed out after 120 seconds.[xUnit.net 00:05:01.59]       ---- System.Net.WebException : Die Anfrage wurde abgebrochen: Timeout für Vorgang überschritten.[xUnit.net 00:05:01.60]       Stack Trace:[xUnit.net 00:05:01.60]            bei OpenQA.Selenium.Remote.HttpCommandExecutor.MakeHttpRequest(HttpRequestInfo requestInfo)[xUnit.net 00:05:01.60]            bei OpenQA.Selenium.Remote.HttpCommandExecutor.Execute(Command commandToExecute)[xUnit.net 00:05:01.60]            bei OpenQA.Selenium.Remote.DriverServiceCommandExecutor.Execute(Command commandToExecute)[xUnit.net 00:05:01.60]            bei OpenQA.Selenium.Remote.RemoteWebDriver.Execute(String driverCommandToExecute, Dictionary`2 parameters)[xUnit.net 00:05:01.60]            bei OpenQA.Selenium.Remote.RemoteWebDriver.FindElement(String mechanism, String value)[xUnit.net 00:05:01.60]            bei OpenQA.Selenium.Remote.RemoteWebDriver.FindElementByXPath(String xpath)[xUnit.net 00:05:01.60]            bei OpenQA.Selenium.By.&lt;&gt;c__DisplayClass19_0.&lt;XPath&gt;b__0(ISearchContext context)[xUnit.net 00:05:01.60]            bei OpenQA.Selenium.By.FindElement(ISearchContext context)[xUnit.net 00:05:01.60]            bei OpenQA.Selenium.Remote.RemoteWebDriver.FindElement(By by)[xUnit.net 00:05:01.60]            bei SwissLife.F2c.FusionUITesting.Shared.Global.SelectContract(String userId, String contractId)[xUnit.net 00:05:01.60]            bei lambda_method(Closure , IContextManager , String , String )[xUnit.net 00:05:01.60]            bei TechTalk.SpecFlow.Bindings.BindingInvoker.InvokeBinding(IBinding binding, IContextManager contextManager, Object[] arguments, ITestTracer testTracer, TimeSpan&amp; duration)[xUnit.net 00:05:01.60]            bei TechTalk.SpecFlow.Infrastructure.TestExecutionEngine.ExecuteStepMatch(BindingMatch match, Object[] arguments)[xUnit.net 00:05:01.60]            bei TechTalk.SpecFlow.Infrastructure.TestExecutionEngine.ExecuteStep(IContextManager contextManager, StepInstance stepInstance)[xUnit.net 00:05:01.60]            bei TechTalk.SpecFlow.Infrastructure.TestExecutionEngine.OnAfterLastStep()[xUnit.net 00:05:01.60]            bei TechTalk.SpecFlow.TestRunner.CollectScenarioErrors()[xUnit.net 00:05:01.60]            bei SwissLife.F2c.FusionUITesting.Specs.KV.BenefitsDetailsPageFeature.ScenarioCleanup()[xUnit.net 00:05:01.60]            bei SwissLife.F2c.FusionUITesting.Specs.KV.BenefitsDetailsPageFeature.KV_AlleLeistungen_CardLeistungenImTodesfall()[xUnit.net 00:05:01.60]         ----- Inner Stack Trace -----[xUnit.net 00:05:01.60]            bei System.Net.HttpWebRequest.GetResponse()[xUnit.net 00:05:01.60]            bei OpenQA.Selenium.Remote.HttpCommandExecutor.MakeHttpRequest(HttpRequestInfo requestInfo)[xUnit.net 00:07:08.29]       OpenQA.Selenium.WebDriverException : The HTTP request to the remote WebDriver server for URL http://localhost:54964/session/54d08e08-b717-439d-8828-e37a5769d54d/element timed out after 120 seconds.[xUnit.net 00:07:08.29]       ---- System.Net.WebException : Die Anfrage wurde abgebrochen: Timeout für Vorgang überschritten.[xUnit.net 00:07:08.29]       Stack Trace:[xUnit.net 00:07:08.29]            bei OpenQA.Selenium.Remote.HttpCommandExecutor.MakeHttpRequest(HttpRequestInfo requestInfo)[xUnit.net 00:07:08.29]            bei OpenQA.Selenium.Remote.HttpCommandExecutor.Execute(Command commandToExecute)[xUnit.net 00:07:08.29]            bei OpenQA.Selenium.Remote.DriverServiceCommandExecutor.Execute(Command commandToExecute)[xUnit.net 00:07:08.29]            bei OpenQA.Selenium.Remote.RemoteWebDriver.Execute(String driverCommandToExecute, Dictionary`2 parameters)[xUnit.net 00:07:08.29]            bei OpenQA.Selenium.Remote.RemoteWebDriver.FindElement(String mechanism, String value)[xUnit.net 00:07:08.29]            bei OpenQA.Selenium.Remote.RemoteWebDriver.FindElementByXPath(String xpath)[xUnit.net 00:07:08.29]            bei OpenQA.Selenium.By.&lt;&gt;c__DisplayClass19_0.&lt;XPath&gt;b__0(ISearchContext context)[xUnit.net 00:07:08.29]            bei OpenQA.Selenium.By.FindElement(ISearchContext context)[xUnit.net 00:07:08.29]            bei OpenQA.Selenium.Remote.RemoteWebDriver.FindElement(By by)[xUnit.net 00:07:08.29]            bei SwissLife.F2c.FusionUITesting.Shared.Global.SelectContract(String userId, String contractId)[xUnit.net 00:07:08.29]            bei lambda_method(Closure , IContextManager , String , String )[xUnit.net 00:07:08.30]            bei TechTalk.SpecFlow.Bindings.BindingInvoker.InvokeBinding(IBinding binding, IContextManager contextManager, Object[] arguments, ITestTracer testTracer, TimeSpan&amp; duration)[xUnit.net 00:07:08.30]            bei TechTalk.SpecFlow.Infrastructure.TestExecutionEngine.ExecuteStepMatch(BindingMatch match, Object[] arguments)[xUnit.net 00:07:08.30]            bei TechTalk.SpecFlow.Infrastructure.TestExecutionEngine.ExecuteStep(IContextManager contextManager, StepInstance stepInstance)[xUnit.net 00:07:08.30]            bei TechTalk.SpecFlow.Infrastructure.TestExecutionEngine.OnAfterLastStep()[xUnit.net 00:07:08.30]            bei TechTalk.SpecFlow.TestRunner.CollectScenarioErrors()[xUnit.net 00:07:08.30]            bei SwissLife.F2c.FusionUITesting.Specs.KV.BenefitsDetailsPageFeature.ScenarioCleanup()[xUnit.net 00:07:08.30]            bei SwissLife.F2c.FusionUITesting.Specs.KV.BenefitsDetailsPageFeature.KV_AlleLeistungen_CardLeistungenBeiInvaliditat()[xUnit.net 00:07:08.30]         ----- Inner Stack Trace -----[xUnit.net 00:07:08.30]            bei System.Net.HttpWebRequest.GetResponse()[xUnit.net 00:07:08.30]            bei OpenQA.Selenium.Remote.HttpCommandExecutor.MakeHttpRequest(HttpRequestInfo requestInfo)[xUnit.net 00:09:14.96]       OpenQA.Selenium.WebDriverException : The HTTP request to the remote WebDriver server for URL http://localhost:54964/session/54d08e08-b717-439d-8828-e37a5769d54d/element timed out after 120 seconds.[xUnit.net 00:09:14.96]       ---- System.Net.WebException : Die Anfrage wurde abgebrochen: Timeout für Vorgang überschritten.[xUnit.net 00:09:14.96]       Stack Trace:[xUnit.net 00:09:14.96]            bei OpenQA.Selenium.Remote.HttpCommandExecutor.MakeHttpRequest(HttpRequestInfo requestInfo)[xUnit.net 00:09:14.96]            bei OpenQA.Selenium.Remote.HttpCommandExecutor.Execute(Command commandToExecute)[xUnit.net 00:09:14.96]            bei OpenQA.Selenium.Remote.DriverServiceCommandExecutor.Execute(Command commandToExecute)[xUnit.net 00:09:14.96]            bei OpenQA.Selenium.Remote.RemoteWebDriver.Execute(String driverCommandToExecute, Dictionary`2 parameters)[xUnit.net 00:09:14.96]            bei OpenQA.Selenium.Remote.RemoteWebDriver.FindElement(String mechanism, String value)[xUnit.net 00:09:14.96]            bei OpenQA.Selenium.Remote.RemoteWebDriver.FindElementByXPath(String xpath)[xUnit.net 00:09:14.96]            bei OpenQA.Selenium.By.&lt;&gt;c__DisplayClass19_0.&lt;XPath&gt;b__0(ISearchContext context)[xUnit.net 00:09:14.96]            bei OpenQA.Selenium.By.FindElement(ISearchContext context)[xUnit.net 00:09:14.97]            bei OpenQA.Selenium.Remote.RemoteWebDriver.FindElement(By by)[xUnit.net 00:09:14.97]            bei SwissLife.F2c.FusionUITesting.Shared.Global.SelectContract(String userId, String contractId)[xUnit.net 00:09:14.97]            bei lambda_method(Closure , IContextManager , String , String )[xUnit.net 00:09:14.97]            bei TechTalk.SpecFlow.Bindings.BindingInvoker.InvokeBinding(IBinding binding, IContextManager contextManager, Object[] arguments, ITestTracer testTracer, TimeSpan&amp; duration)[xUnit.net 00:09:14.97]            bei TechTalk.SpecFlow.Infrastructure.TestExecutionEngine.ExecuteStepMatch(BindingMatch match, Object[] arguments)[xUnit.net 00:09:14.97]            bei TechTalk.SpecFlow.Infrastructure.TestExecutionEngine.ExecuteStep(IContextManager contextManager, StepInstance stepInstance)[xUnit.net 00:09:14.97]            bei TechTalk.SpecFlow.Infrastructure.TestExecutionEngine.OnAfterLastStep()[xUnit.net 00:09:14.97]            bei TechTalk.SpecFlow.TestRunner.CollectScenarioErrors()[xUnit.net 00:09:14.97]            bei SwissLife.F2c.FusionUITesting.Specs.KV.BenefitsDetailsPageFeature.ScenarioCleanup()[xUnit.net 00:09:14.97]            bei SwissLife.F2c.FusionUITesting.Specs.KV.BenefitsDetailsPageFeature.KV_AlleLeistungen_CardLeistungenImAlter()[xUnit.net 00:09:14.97]         ----- Inner Stack Trace -----[xUnit.net 00:09:14.97]            bei System.Net.HttpWebRequest.GetResponse()[xUnit.net 00:09:14.97]            bei OpenQA.Selenium.Remote.HttpCommandExecutor.MakeHttpRequest(HttpRequestInfo requestInfo)[xUnit.net 00:11:21.88]       OpenQA.Selenium.WebDriverException : The HTTP request to the remote WebDriver server for URL http://localhost:54964/session/54d08e08-b717-439d-8828-e37a5769d54d/element timed out after 120 seconds.[xUnit.net 00:11:21.88]       ---- System.Net.WebException : Die Anfrage wurde abgebrochen: Timeout für Vorgang überschritten.[xUnit.net 00:11:21.88]       Stack Trace:[xUnit.net 00:11:21.88]            bei OpenQA.Selenium.Remote.HttpCommandExecutor.MakeHttpRequest(HttpRequestInfo requestInfo)[xUnit.net 00:11:21.88]            bei OpenQA.Selenium.Remote.HttpCommandExecutor.Execute(Command commandToExecute)[xUnit.net 00:11:21.88]            bei OpenQA.Selenium.Remote.DriverServiceCommandExecutor.Execute(Command commandToExecute)[xUnit.net 00:11:21.88]            bei OpenQA.Selenium.Remote.RemoteWebDriver.Execute(String driverCommandToExecute, Dictionary`2 parameters)[xUnit.net 00:11:21.88]            bei OpenQA.Selenium.Remote.RemoteWebDriver.FindElement(String mechanism, String value)[xUnit.net 00:11:21.88]            bei OpenQA.Selenium.Remote.RemoteWebDriver.FindElementByXPath(String xpath)[xUnit.net 00:11:21.88]            bei OpenQA.Selenium.By.&lt;&gt;c__DisplayClass19_0.&lt;XPath&gt;b__0(ISearchContext context)[xUnit.net 00:11:21.88]            bei OpenQA.Selenium.By.FindElement(ISearchContext context)[xUnit.net 00:11:21.88]            bei OpenQA.Selenium.Remote.RemoteWebDriver.FindElement(By by)[xUnit.net 00:11:21.88]            bei SwissLife.F2c.FusionUITesting.Shared.Global.SelectContract(String userId, String contractId)[xUnit.net 00:11:21.88]            bei lambda_method(Closure , IContextManager , String , String )[xUnit.net 00:11:21.88]            bei TechTalk.SpecFlow.Bindings.BindingInvoker.InvokeBinding(IBinding binding, IContextManager contextManager, Object[] arguments, ITestTracer testTracer, TimeSpan&amp; duration)[xUnit.net 00:11:21.88]            bei TechTalk.SpecFlow.Infrastructure.TestExecutionEngine.ExecuteStepMatch(BindingMatch match, Object[] arguments)[xUnit.net 00:11:21.88]            bei TechTalk.SpecFlow.Infrastructure.TestExecutionEngine.ExecuteStep(IContextManager contextManager, StepInstance stepInstance)[xUnit.net 00:11:21.88]            bei TechTalk.SpecFlow.Infrastructure.TestExecutionEngine.OnAfterLastStep()[xUnit.net 00:11:21.88]            bei TechTalk.SpecFlow.TestRunner.CollectScenarioErrors()[xUnit.net 00:11:21.88]            bei SwissLife.F2c.FusionUITesting.Specs.KV.BenefitsDetailsPageFeature.ScenarioCleanup()[xUnit.net 00:11:21.88]            bei SwissLife.F2c.FusionUITesting.Specs.KV.BenefitsDetailsPageFeature.KV_AlleLeistungen_ReihenfolgeValidieren()[xUnit.net 00:11:21.88]         ----- Inner Stack Trace -----[xUnit.net 00:11:21.88]            bei System.Net.HttpWebRequest.GetResponse()[xUnit.net 00:11:21.88]            bei OpenQA.Selenium.Remote.HttpCommandExecutor.MakeHttpRequest(HttpRequestInfo requestInfo)[xUnit.net 00:14:24.32]       OpenQA.Selenium.WebDriverException : The HTTP request to the remote WebDriver server for URL http://localhost:55132/session/8009415c-c1e5-445b-bbc5-aa4e954a856d/element timed out after 120 seconds.[xUnit.net 00:14:24.32]       ---- System.Net.WebException : Die Anfrage wurde abgebrochen: Timeout für Vorgang überschritten.[xUnit.net 00:14:24.32]       Stack Trace:[xUnit.net 00:14:24.32]            bei OpenQA.Selenium.Remote.HttpCommandExecutor.MakeHttpRequest(HttpRequestInfo requestInfo)[xUnit.net 00:14:24.32]            bei OpenQA.Selenium.Remote.HttpCommandExecutor.Execute(Command commandToExecute)[xUnit.net 00:14:24.32]            bei OpenQA.Selenium.Remote.DriverServiceCommandExecutor.Execute(Command commandToExecute)[xUnit.net 00:14:24.32]            bei OpenQA.Selenium.Remote.RemoteWebDriver.Execute(String driverCommandToExecute, Dictionary`2 parameters)[xUnit.net 00:14:24.32]            bei OpenQA.Selenium.Remote.RemoteWebDriver.FindElement(String mechanism, String value)[xUnit.net 00:14:24.32]            bei OpenQA.Selenium.Remote.RemoteWebDriver.FindElementByXPath(String xpath)[xUnit.net 00:14:24.32]            bei OpenQA.Selenium.By.&lt;&gt;c__DisplayClass19_0.&lt;XPath&gt;b__0(ISearchContext context)[xUnit.net 00:14:24.32]            bei OpenQA.Selenium.By.FindElement(ISearchContext context)[xUnit.net 00:14:24.32]            bei OpenQA.Selenium.Remote.RemoteWebDriver.FindElement(By by)[xUnit.net 00:14:24.32]            bei SwissLife.F2c.FusionUITesting.Shared.Global.SelectContract(String userId, String contractId)[xUnit.net 00:14:24.32]            bei lambda_method(Closure , IContextManager , String , String )[xUnit.net 00:14:24.32]            bei TechTalk.SpecFlow.Bindings.BindingInvoker.InvokeBinding(IBinding binding, IContextManager contextManager, Object[] arguments, ITestTracer testTracer, TimeSpan&amp; duration)[xUnit.net 00:14:24.32]            bei TechTalk.SpecFlow.Infrastructure.TestExecutionEngine.ExecuteStepMatch(BindingMatch match, Object[] arguments)[xUnit.net 00:14:24.32]            bei TechTalk.SpecFlow.Infrastructure.TestExecutionEngine.ExecuteStep(IContextManager contextManager, StepInstance stepInstance)[xUnit.net 00:14:24.32]            bei TechTalk.SpecFlow.Infrastructure.TestExecutionEngine.OnAfterLastStep()[xUnit.net 00:14:24.32]            bei TechTalk.SpecFlow.TestRunner.CollectScenarioErrors()[xUnit.net 00:14:24.32]            bei SwissLife.F2c.FusionUITesting.Specs.KV.CurrentValuesCardFeature.ScenarioCleanup()[xUnit.net 00:14:24.32]            bei SwissLife.F2c.FusionUITesting.Specs.KV.CurrentValuesCardFeature.KV_ProtectInvestInaktiveVersicherungWichtigsteWerte()[xUnit.net 00:14:24.32]         ----- Inner Stack Trace -----[xUnit.net 00:14:24.32]            bei System.Net.HttpWebRequest.GetResponse()[xUnit.net 00:14:24.32]            bei OpenQA.Selenium.Remote.HttpCommandExecutor.MakeHttpRequest(HttpRequestInfo requestInfo)[xUnit.net 00:16:31.01]       OpenQA.Selenium.WebDriverException : The HTTP request to the remote WebDriver server for URL http://localhost:55132/session/8009415c-c1e5-445b-bbc5-aa4e954a856d/element timed out after 120 seconds.[xUnit.net 00:16:31.01]       ---- System.Net.WebException : Die Anfrage wurde abgebrochen: Timeout für Vorgang überschritten.[xUnit.net 00:16:31.01]       Stack Trace:[xUnit.net 00:16:31.01]            bei OpenQA.Selenium.Remote.HttpCommandExecutor.MakeHttpRequest(HttpRequestInfo requestInfo)[xUnit.net 00:16:31.01]            bei OpenQA.Selenium.Remote.HttpCommandExecutor.Execute(Command commandToExecute)[xUnit.net 00:16:31.01]            bei OpenQA.Selenium.Remote.DriverServiceCommandExecutor.Execute(Command commandToExecute)[xUnit.net 00:16:31.01]            bei OpenQA.Selenium.Remote.RemoteWebDriver.Execute(String driverCommandToExecute, Dictionary`2 parameters)[xUnit.net 00:16:31.01]            bei OpenQA.Selenium.Remote.RemoteWebDriver.FindElement(String mechanism, String value)[xUnit.net 00:16:31.01]            bei OpenQA.Selenium.Remote.RemoteWebDriver.FindElementByXPath(String xpath)[xUnit.net 00:16:31.01]            bei OpenQA.Selenium.By.&lt;&gt;c__DisplayClass19_0.&lt;XPath&gt;b__0(ISearchContext context)[xUnit.net 00:16:31.01]            bei OpenQA.Selenium.By.FindElement(ISearchContext context)[xUnit.net 00:16:31.01]            bei OpenQA.Selenium.Remote.RemoteWebDriver.FindElement(By by)[xUnit.net 00:16:31.01]            bei SwissLife.F2c.FusionUITesting.Shared.Global.SelectContract(String userId, String contractId)[xUnit.net 00:16:31.01]            bei lambda_method(Closure , IContextManager , String , String )[xUnit.net 00:16:31.01]            bei TechTalk.SpecFlow.Bindings.BindingInvoker.InvokeBinding(IBinding binding, IContextManager contextManager, Object[] arguments, ITestTracer testTracer, TimeSpan&amp; duration)[xUnit.net 00:16:31.01]            bei TechTalk.SpecFlow.Infrastructure.TestExecutionEngine.ExecuteStepMatch(BindingMatch match, Object[] arguments)[xUnit.net 00:16:31.01]            bei TechTalk.SpecFlow.Infrastructure.TestExecutionEngine.ExecuteStep(IContextManager contextManager, StepInstance stepInstance)[xUnit.net 00:16:31.01]            bei TechTalk.SpecFlow.Infrastructure.TestExecutionEngine.OnAfterLastStep()[xUnit.net 00:16:31.01]            bei TechTalk.SpecFlow.TestRunner.CollectScenarioErrors()[xUnit.net 00:16:31.01]            bei SwissLife.F2c.FusionUITesting.Specs.KV.CurrentValuesCardFeature.ScenarioCleanup()[xUnit.net 00:16:31.01]            bei SwissLife.F2c.FusionUITesting.Specs.KV.CurrentValuesCardFeature.KV_TestDerTexte()[xUnit.net 00:16:31.01]         ----- Inner Stack Trace -----[xUnit.net 00:16:31.01]            bei System.Net.HttpWebRequest.GetResponse()[xUnit.net 00:16:31.01]            bei OpenQA.Selenium.Remote.HttpCommandExecutor.MakeHttpRequest(HttpRequestInfo requestInfo)[xUnit.net 00:19:18.42]       OpenQA.Selenium.WebDriverException : The HTTP request to the remote WebDriver server for URL http://localhost:55271/session/ab2e8f5e-54f9-4fde-9caf-c70e65371bcd/element timed out after 120 seconds.[xUnit.net 00:19:18.42]       ---- System.Net.WebException : Timeout für Vorgang überschritten[xUnit.net 00:19:18.43]       Stack Trace:[xUnit.net 00:19:18.43]            bei OpenQA.Selenium.Remote.HttpCommandExecutor.MakeHttpRequest(HttpRequestInfo requestInfo)[xUnit.net 00:19:18.43]            bei OpenQA.Selenium.Remote.HttpCommandExecutor.Execute(Command commandToExecute)[xUnit.net 00:19:18.43]            bei OpenQA.Selenium.Remote.DriverServiceCommandExecutor.Execute(Command commandToExecute)[xUnit.net 00:19:18.43]            bei OpenQA.Selenium.Remote.RemoteWebDriver.Execute(String driverCommandToExecute, Dictionary`2 parameters)[xUnit.net 00:19:18.43]            bei OpenQA.Selenium.Remote.RemoteWebDriver.FindElement(String mechanism, String value)[xUnit.net 00:19:18.43]            bei OpenQA.Selenium.Remote.RemoteWebDriver.FindElementByXPath(String xpath)[xUnit.net 00:19:18.43]            bei OpenQA.Selenium.By.&lt;&gt;c__DisplayClass19_0.&lt;XPath&gt;b__0(ISearchContext context)[xUnit.net 00:19:18.43]            bei OpenQA.Selenium.By.FindElement(ISearchContext context)[xUnit.net 00:19:18.43]            bei OpenQA.Selenium.Remote.RemoteWebDriver.FindElement(By by)[xUnit.net 00:19:18.43]            bei SwissLife.F2c.FusionUITesting.Shared.Global.SelectContract(String userId, String contractId)[xUnit.net 00:19:18.43]            bei lambda_method(Closure , IContextManager , String , String )[xUnit.net 00:19:18.43]            bei TechTalk.SpecFlow.Bindings.BindingInvoker.InvokeBinding(IBinding binding, IContextManager contextManager, Object[] arguments, ITestTracer testTracer, TimeSpan&amp; duration)[xUnit.net 00:19:18.43]            bei TechTalk.SpecFlow.Infrastructure.TestExecutionEngine.ExecuteStepMatch(BindingMatch match, Object[] arguments)[xUnit.net 00:19:18.43]            bei TechTalk.SpecFlow.Infrastructure.TestExecutionEngine.ExecuteStep(IContextManager contextManager, StepInstance stepInstance)[xUnit.net 00:19:18.43]            bei TechTalk.SpecFlow.Infrastructure.TestExecutionEngine.OnAfterLastStep()[xUnit.net 00:19:18.43]            bei TechTalk.SpecFlow.TestRunner.CollectScenarioErrors()[xUnit.net 00:19:18.43]            bei SwissLife.F2c.FusionUITesting.Specs.KV.PlanPensionCardFeature.ScenarioCleanup()[xUnit.net 00:19:18.43]            bei SwissLife.F2c.FusionUITesting.Specs.KV.PlanPensionCardFeature.KV_PensionierungPlanenCard()[xUnit.net 00:19:18.43]         ----- Inner Stack Trace -----[xUnit.net 00:19:18.43]            bei System.Net.HttpWebRequest.GetResponse()[xUnit.net 00:19:18.43]            bei OpenQA.Selenium.Remote.HttpCommandExecutor.MakeHttpRequest(HttpRequestInfo requestInfo)[xUnit.net 00:21:25.19]       OpenQA.Selenium.WebDriverException : The HTTP request to the remote WebDriver server for URL http://localhost:55271/session/ab2e8f5e-54f9-4fde-9caf-c70e65371bcd/element timed out after 120 seconds.[xUnit.net 00:21:25.19]       ---- System.Net.WebException : Die Anfrage wurde abgebrochen: Timeout für Vorgang überschritten.[xUnit.net 00:21:25.19]       Stack Trace:[xUnit.net 00:21:25.19]            bei OpenQA.Selenium.Remote.HttpCommandExecutor.MakeHttpRequest(HttpRequestInfo requestInfo)[xUnit.net 00:21:25.19]            bei OpenQA.Selenium.Remote.HttpCommandExecutor.Execute(Command commandToExecute)[xUnit.net 00:21:25.19]            bei OpenQA.Selenium.Remote.DriverServiceCommandExecutor.Execute(Command commandToExecute)[xUnit.net 00:21:25.19]            bei OpenQA.Selenium.Remote.RemoteWebDriver.Execute(String driverCommandToExecute, Dictionary`2 parameters)[xUnit.net 00:21:25.19]            bei OpenQA.Selenium.Remote.RemoteWebDriver.FindElement(String mechanism, String value)[xUnit.net 00:21:25.19]            bei OpenQA.Selenium.Remote.RemoteWebDriver.FindElementByXPath(String xpath)[xUnit.net 00:21:25.19]            bei OpenQA.Selenium.By.&lt;&gt;c__DisplayClass19_0.&lt;XPath&gt;b__0(ISearchContext context)[xUnit.net 00:21:25.19]            bei OpenQA.Selenium.By.FindElement(ISearchContext context)[xUnit.net 00:21:25.19]            bei OpenQA.Selenium.Remote.RemoteWebDriver.FindElement(By by)[xUnit.net 00:21:25.19]            bei SwissLife.F2c.FusionUITesting.Shared.Global.SelectContract(String userId, String contractId)[xUnit.net 00:21:25.19]            bei lambda_method(Closure , IContextManager , String , String )[xUnit.net 00:21:25.19]            bei TechTalk.SpecFlow.Bindings.BindingInvoker.InvokeBinding(IBinding binding, IContextManager contextManager, Object[] arguments, ITestTracer testTracer, TimeSpan&amp; duration)[xUnit.net 00:21:25.19]            bei TechTalk.SpecFlow.Infrastructure.TestExecutionEngine.ExecuteStepMatch(BindingMatch match, Object[] arguments)[xUnit.net 00:21:25.19]            bei TechTalk.SpecFlow.Infrastructure.TestExecutionEngine.ExecuteStep(IContextManager contextManager, StepInstance stepInstance)[xUnit.net 00:21:25.19]            bei TechTalk.SpecFlow.Infrastructure.TestExecutionEngine.OnAfterLastStep()[xUnit.net 00:21:25.19]            bei TechTalk.SpecFlow.TestRunner.CollectScenarioErrors()[xUnit.net 00:21:25.19]            bei SwissLife.F2c.FusionUITesting.Specs.KV.PlanPensionCardFeature.ScenarioCleanup()[xUnit.net 00:21:25.19]            bei SwissLife.F2c.FusionUITesting.Specs.KV.PlanPensionCardFeature.KV_WordingAlleLeistungenImDetail()[xUnit.net 00:21:25.19]         ----- Inner Stack Trace -----[xUnit.net 00:21:25.19]            bei System.Net.HttpWebRequest.GetResponse()[xUnit.net 00:21:25.20]            bei OpenQA.Selenium.Remote.HttpCommandExecutor.MakeHttpRequest(HttpRequestInfo requestInfo)[xUnit.net 00:23:44.99]       OpenQA.Selenium.NoSuchElementException : Unable to locate element: //li[text()='630930170']/../..[xUnit.net 00:23:44.99]       Stack Trace:[xUnit.net 00:23:44.99]            bei OpenQA.Selenium.Remote.RemoteWebDriver.UnpackAndThrowOnError(Response errorResponse)[xUnit.net 00:23:44.99]            bei OpenQA.Selenium.Remote.RemoteWebDriver.Execute(String driverCommandToExecute, Dictionary`2 parameters)[xUnit.net 00:23:44.99]            bei OpenQA.Selenium.Remote.RemoteWebDriver.FindElement(String mechanism, String value)[xUnit.net 00:23:44.99]            bei OpenQA.Selenium.Remote.RemoteWebDriver.FindElementByXPath(String xpath)[xUnit.net 00:23:44.99]            bei OpenQA.Selenium.By.&lt;&gt;c__DisplayClass19_0.&lt;XPath&gt;b__0(ISearchContext context)[xUnit.net 00:23:44.99]            bei OpenQA.Selenium.By.FindElement(ISearchContext context)[xUnit.net 00:23:44.99]            bei OpenQA.Selenium.Remote.RemoteWebDriver.FindElement(By by)[xUnit.net 00:23:44.99]            bei SwissLife.F2c.FusionUITesting.Shared.Global.SelectContract(String userId, String contractId)[xUnit.net 00:23:44.99]            bei lambda_method(Closure , IContextManager , String , String )[xUnit.net 00:23:44.99]            bei TechTalk.SpecFlow.Bindings.BindingInvoker.InvokeBinding(IBinding binding, IContextManager contextManager, Object[] arguments, ITestTracer testTracer, TimeSpan&amp; duration)[xUnit.net 00:23:44.99]            bei TechTalk.SpecFlow.Infrastructure.TestExecutionEngine.ExecuteStepMatch(BindingMatch match, Object[] arguments)[xUnit.net 00:23:44.99]            bei TechTalk.SpecFlow.Infrastructure.TestExecutionEngine.ExecuteStep(IContextManager contextManager, StepInstance stepInstance)[xUnit.net 00:23:44.99]            bei TechTalk.SpecFlow.Infrastructure.TestExecutionEngine.OnAfterLastStep()[xUnit.net 00:23:44.99]            bei TechTalk.SpecFlow.TestRunner.CollectScenarioErrors()[xUnit.net 00:23:44.99]            bei SwissLife.F2c.FusionUITesting.Specs.KV.ProtectInvest_SeniorenplanFeature.ScenarioCleanup()[xUnit.net 00:23:44.99]            bei SwissLife.F2c.FusionUITesting.Specs.KV.ProtectInvest_SeniorenplanFeature.KV_SeniorenplanKachelIhreLeistungen_Invalidenleistungen()[xUnit.net 00:26:58.55]       OpenQA.Selenium.WebDriverException : The HTTP request to the remote WebDriver server for URL http://localhost:55470/session/18b5a175-c20c-4fa9-a980-1b48b45eed2b/element timed out after 120 seconds.[xUnit.net 00:26:58.55]       ---- System.Net.WebException : Die Anfrage wurde abgebrochen: Timeout für Vorgang überschritten.[xUnit.net 00:26:58.55]       Stack Trace:[xUnit.net 00:26:58.55]            bei OpenQA.Selenium.Remote.HttpCommandExecutor.MakeHttpRequest(HttpRequestInfo requestInfo)[xUnit.net 00:26:58.55]            bei OpenQA.Selenium.Remote.HttpCommandExecutor.Execute(Command commandToExecute)[xUnit.net 00:26:58.55]            bei OpenQA.Selenium.Remote.DriverServiceCommandExecutor.Execute(Command commandToExecute)[xUnit.net 00:26:58.55]            bei OpenQA.Selenium.Remote.RemoteWebDriver.Execute(String driverCommandToExecute, Dictionary`2 parameters)[xUnit.net 00:26:58.55]            bei OpenQA.Selenium.Remote.RemoteWebDriver.FindElement(String mechanism, String value)[xUnit.net 00:26:58.55]            bei OpenQA.Selenium.Remote.RemoteWebDriver.FindElementByXPath(String xpath)[xUnit.net 00:26:58.55]            bei OpenQA.Selenium.By.&lt;&gt;c__DisplayClass19_0.&lt;XPath&gt;b__0(ISearchContext context)[xUnit.net 00:26:58.55]            bei OpenQA.Selenium.By.FindElement(ISearchContext context)[xUnit.net 00:26:58.55]            bei OpenQA.Selenium.Remote.RemoteWebDriver.FindElement(By by)[xUnit.net 00:26:58.55]            bei SwissLife.F2c.FusionUITesting.Shared.Global.SelectContract(String userId, String contractId)[xUnit.net 00:26:58.55]            bei lambda_method(Closure , IContextManager , String , String )[xUnit.net 00:26:58.55]            bei TechTalk.SpecFlow.Bindings.BindingInvoker.InvokeBinding(IBinding binding, IContextManager contextManager, Object[] arguments, ITestTracer testTracer, TimeSpan&amp; duration)[xUnit.net 00:26:58.55]            bei TechTalk.SpecFlow.Infrastructure.TestExecutionEngine.ExecuteStepMatch(BindingMatch match, Object[] arguments)[xUnit.net 00:26:58.55]            bei TechTalk.SpecFlow.Infrastructure.TestExecutionEngine.ExecuteStep(IContextManager contextManager, StepInstance stepInstance)[xUnit.net 00:26:58.55]            bei TechTalk.SpecFlow.Infrastructure.TestExecutionEngine.OnAfterLastStep()[xUnit.net 00:26:58.55]            bei TechTalk.SpecFlow.TestRunner.CollectScenarioErrors()[xUnit.net 00:26:58.55]            bei SwissLife.F2c.FusionUITesting.Specs.KV.YourContractDataCardFeature.ScenarioCleanup()[xUnit.net 00:26:58.55]            bei SwissLife.F2c.FusionUITesting.Specs.KV.YourContractDataCardFeature.KV_IhreVertragsdaten_ImageComparison()[xUnit.net 00:26:58.55]         ----- Inner Stack Trace -----[xUnit.net 00:26:58.55]            bei System.Net.HttpWebRequest.GetResponse()[xUnit.net 00:26:58.55]            bei OpenQA.Selenium.Remote.HttpCommandExecutor.MakeHttpRequest(HttpRequestInfo requestInfo)[xUnit.net 00:29:05.40]       OpenQA.Selenium.WebDriverException : The HTTP request to the remote WebDriver server for URL http://localhost:55470/session/18b5a175-c20c-4fa9-a980-1b48b45eed2b/element timed out after 120 seconds.[xUnit.net 00:29:05.40]       ---- System.Net.WebException : Die Anfrage wurde abgebrochen: Timeout für Vorgang überschritten.[xUnit.net 00:29:05.40]       Stack Trace:[xUnit.net 00:29:05.40]            bei OpenQA.Selenium.Remote.HttpCommandExecutor.MakeHttpRequest(HttpRequestInfo requestInfo)[xUnit.net 00:29:05.40]            bei OpenQA.Selenium.Remote.HttpCommandExecutor.Execute(Command commandToExecute)[xUnit.net 00:29:05.40]            bei OpenQA.Selenium.Remote.DriverServiceCommandExecutor.Execute(Command commandToExecute)[xUnit.net 00:29:05.40]            bei OpenQA.Selenium.Remote.RemoteWebDriver.Execute(String driverCommandToExecute, Dictionary`2 parameters)[xUnit.net 00:29:05.40]            bei OpenQA.Selenium.Remote.RemoteWebDriver.FindElement(String mechanism, String value)[xUnit.net 00:29:05.40]            bei OpenQA.Selenium.Remote.RemoteWebDriver.FindElementByXPath(String xpath)[xUnit.net 00:29:05.40]            bei OpenQA.Selenium.By.&lt;&gt;c__DisplayClass19_0.&lt;XPath&gt;b__0(ISearchContext context)[xUnit.net 00:29:05.40]            bei OpenQA.Selenium.By.FindElement(ISearchContext context)[xUnit.net 00:29:05.40]            bei OpenQA.Selenium.Remote.RemoteWebDriver.FindElement(By by)[xUnit.net 00:29:05.40]            bei SwissLife.F2c.FusionUITesting.Shared.Global.SelectContract(String userId, String contractId)[xUnit.net 00:29:05.40]            bei lambda_method(Closure , IContextManager , String , String )[xUnit.net 00:29:05.40]            bei TechTalk.SpecFlow.Bindings.BindingInvoker.InvokeBinding(IBinding binding, IContextManager contextManager, Object[] arguments, ITestTracer testTracer, TimeSpan&amp; duration)[xUnit.net 00:29:05.40]            bei TechTalk.SpecFlow.Infrastructure.TestExecutionEngine.ExecuteStepMatch(BindingMatch match, Object[] arguments)[xUnit.net 00:29:05.40]            bei TechTalk.SpecFlow.Infrastructure.TestExecutionEngine.ExecuteStep(IContextManager contextManager, StepInstance stepInstance)[xUnit.net 00:29:05.40]            bei TechTalk.SpecFlow.Infrastructure.TestExecutionEngine.OnAfterLastStep()[xUnit.net 00:29:05.40]            bei TechTalk.SpecFlow.TestRunner.CollectScenarioErrors()[xUnit.net 00:29:05.40]            bei SwissLife.F2c.FusionUITesting.Specs.KV.YourContractDataCardFeature.ScenarioCleanup()[xUnit.net 00:29:05.40]            bei SwissLife.F2c.FusionUITesting.Specs.KV.YourContractDataCardFeature.KV_ProtectInvestInaktiveVersicherungVertragsdaten()[xUnit.net 00:29:05.40]         ----- Inner Stack Trace -----[xUnit.net 00:29:05.41]            bei System.Net.HttpWebRequest.GetResponse()[xUnit.net 00:29:05.41]            bei OpenQA.Selenium.Remote.HttpCommandExecutor.MakeHttpRequest(HttpRequestInfo requestInfo)[xUnit.net 00:31:12.17]       OpenQA.Selenium.WebDriverException : The HTTP request to the remote WebDriver server for URL http://localhost:55470/session/18b5a175-c20c-4fa9-a980-1b48b45eed2b/element timed out after 120 seconds.[xUnit.net 00:31:12.17]       ---- System.Net.WebException : Die Anfrage wurde abgebrochen: Timeout für Vorgang überschritten.[xUnit.net 00:31:12.17]       Stack Trace:[xUnit.net 00:31:12.17]            bei OpenQA.Selenium.Remote.HttpCommandExecutor.MakeHttpRequest(HttpRequestInfo requestInfo)[xUnit.net 00:31:12.17]            bei OpenQA.Selenium.Remote.HttpCommandExecutor.Execute(Command commandToExecute)[xUnit.net 00:31:12.17]            bei OpenQA.Selenium.Remote.DriverServiceCommandExecutor.Execute(Command commandToExecute)[xUnit.net 00:31:12.17]            bei OpenQA.Selenium.Remote.RemoteWebDriver.Execute(String driverCommandToExecute, Dictionary`2 parameters)[xUnit.net 00:31:12.17]            bei OpenQA.Selenium.Remote.RemoteWebDriver.FindElement(String mechanism, String value)[xUnit.net 00:31:12.17]            bei OpenQA.Selenium.Remote.RemoteWebDriver.FindElementByXPath(String xpath)[xUnit.net 00:31:12.17]            bei OpenQA.Selenium.By.&lt;&gt;c__DisplayClass19_0.&lt;XPath&gt;b__0(ISearchContext context)[xUnit.net 00:31:12.17]            bei OpenQA.Selenium.By.FindElement(ISearchContext context)[xUnit.net 00:31:12.17]            bei OpenQA.Selenium.Remote.RemoteWebDriver.FindElement(By by)[xUnit.net 00:31:12.17]            bei SwissLife.F2c.FusionUITesting.Shared.Global.SelectContract(String userId, String contractId)[xUnit.net 00:31:12.17]            bei lambda_method(Closure , IContextManager , String , String )[xUnit.net 00:31:12.17]            bei TechTalk.SpecFlow.Bindings.BindingInvoker.InvokeBinding(IBinding binding, IContextManager contextManager, Object[] arguments, ITestTracer testTracer, TimeSpan&amp; duration)[xUnit.net 00:31:12.17]            bei TechTalk.SpecFlow.Infrastructure.TestExecutionEngine.ExecuteStepMatch(BindingMatch match, Object[] arguments)[xUnit.net 00:31:12.17]            bei TechTalk.SpecFlow.Infrastructure.TestExecutionEngine.ExecuteStep(IContextManager contextManager, StepInstance stepInstance)[xUnit.net 00:31:12.17]            bei TechTalk.SpecFlow.Infrastructure.TestExecutionEngine.OnAfterLastStep()[xUnit.net 00:31:12.17]            bei TechTalk.SpecFlow.TestRunner.CollectScenarioErrors()[xUnit.net 00:31:12.17]            bei SwissLife.F2c.FusionUITesting.Specs.KV.YourContractDataCardFeature.ScenarioCleanup()[xUnit.net 00:31:12.17]            bei SwissLife.F2c.FusionUITesting.Specs.KV.YourContractDataCardFeature.KV_IhreVertragsdaten()[xUnit.net 00:31:12.17]         ----- Inner Stack Trace -----[xUnit.net 00:31:12.17]            bei System.Net.HttpWebRequest.GetResponse()[xUnit.net 00:31:12.17]            bei OpenQA.Selenium.Remote.HttpCommandExecutor.MakeHttpRequest(HttpRequestInfo requestInfo)[xUnit.net 00:33:35.01]       OpenQA.Selenium.WebDriverException : The HTTP request to the remote WebDriver server for URL http://localhost:55568/session/85cfa12a-b08b-4c10-8c49-238588faf903/element timed out after 120 seconds.[xUnit.net 00:33:35.01]       ---- System.Net.WebException : Die Anfrage wurde abgebrochen: Timeout für Vorgang überschritten.[xUnit.net 00:33:35.01]       Stack Trace:[xUnit.net 00:33:35.01]            bei OpenQA.Selenium.Remote.HttpCommandExecutor.MakeHttpRequest(HttpRequestInfo requestInfo)[xUnit.net 00:33:35.01]            bei OpenQA.Selenium.Remote.HttpCommandExecutor.Execute(Command commandToExecute)[xUnit.net 00:33:35.01]            bei OpenQA.Selenium.Remote.DriverServiceCommandExecutor.Execute(Command commandToExecute)[xUnit.net 00:33:35.01]            bei OpenQA.Selenium.Remote.RemoteWebDriver.Execute(String driverCommandToExecute, Dictionary`2 parameters)[xUnit.net 00:33:35.01]            bei OpenQA.Selenium.Remote.RemoteWebDriver.FindElement(String mechanism, String value)[xUnit.net 00:33:35.01]            bei OpenQA.Selenium.Remote.RemoteWebDriver.FindElementByXPath(String xpath)[xUnit.net 00:33:35.01]            bei OpenQA.Selenium.By.&lt;&gt;c__DisplayClass19_0.&lt;XPath&gt;b__0(ISearchContext context)[xUnit.net 00:33:35.01]            bei OpenQA.Selenium.By.FindElement(ISearchContext context)[xUnit.net 00:33:35.01]            bei OpenQA.Selenium.Remote.RemoteWebDriver.FindElement(By by)[xUnit.net 00:33:35.01]            bei SwissLife.F2c.FusionUITesting.Shared.Global.SelectContract(String userId, String contractId)[xUnit.net 00:33:35.01]            bei lambda_method(Closure , IContextManager , String , String )[xUnit.net 00:33:35.01]            bei TechTalk.SpecFlow.Bindings.BindingInvoker.InvokeBinding(IBinding binding, IContextManager contextManager, Object[] arguments, ITestTracer testTracer, TimeSpan&amp; duration)[xUnit.net 00:33:35.01]            bei TechTalk.SpecFlow.Infrastructure.TestExecutionEngine.ExecuteStepMatch(BindingMatch match, Object[] arguments)[xUnit.net 00:33:35.01]            bei TechTalk.SpecFlow.Infrastructure.TestExecutionEngine.ExecuteStep(IContextManager contextManager, StepInstance stepInstance)[xUnit.net 00:33:35.01]            bei TechTalk.SpecFlow.Infrastructure.TestExecutionEngine.OnAfterLastStep()[xUnit.net 00:33:35.01]            bei TechTalk.SpecFlow.TestRunner.CollectScenarioErrors()[xUnit.net 00:33:35.01]            bei SwissLife.F2c.FusionUITesting.Specs.KV.OverviewPageFeature.ScenarioCleanup()[xUnit.net 00:33:35.01]            bei SwissLife.F2c.FusionUITesting.Specs.KV.OverviewPageFeature.KVUbersichtInaktiveVersicherungen()[xUnit.net 00:33:35.01]         ----- Inner Stack Trace -----[xUnit.net 00:33:35.01]            bei System.Net.HttpWebRequest.GetResponse()[xUnit.net 00:33:35.01]            bei OpenQA.Selenium.Remote.HttpCommandExecutor.MakeHttpRequest(HttpRequestInfo requestInfo)[xUnit.net 00:36:17.58]       OpenQA.Selenium.WebDriverException : The HTTP request to the remote WebDriver server for URL http://localhost:55692/session/1905f310-21c7-4c9b-bbdc-d659c9879df8/element timed out after 120 seconds.[xUnit.net 00:36:17.58]       ---- System.Net.WebException : Die Anfrage wurde abgebrochen: Timeout für Vorgang überschritten.[xUnit.net 00:36:17.58]       Stack Trace:[xUnit.net 00:36:17.58]            bei OpenQA.Selenium.Remote.HttpCommandExecutor.MakeHttpRequest(HttpRequestInfo requestInfo)[xUnit.net 00:36:17.58]            bei OpenQA.Selenium.Remote.HttpCommandExecutor.Execute(Command commandToExecute)[xUnit.net 00:36:17.58]            bei OpenQA.Selenium.Remote.DriverServiceCommandExecutor.Execute(Command commandToExecute)[xUnit.net 00:36:17.58]            bei OpenQA.Selenium.Remote.RemoteWebDriver.Execute(String driverCommandToExecute, Dictionary`2 parameters)[xUnit.net 00:36:17.58]            bei OpenQA.Selenium.Remote.RemoteWebDriver.FindElement(String mechanism, String value)[xUnit.net 00:36:17.58]            bei OpenQA.Selenium.Remote.RemoteWebDriver.FindElementByXPath(String xpath)[xUnit.net 00:36:17.58]            bei OpenQA.Selenium.By.&lt;&gt;c__DisplayClass19_0.&lt;XPath&gt;b__0(ISearchContext context)[xUnit.net 00:36:17.58]            bei OpenQA.Selenium.By.FindElement(ISearchContext context)[xUnit.net 00:36:17.58]            bei OpenQA.Selenium.Remote.RemoteWebDriver.FindElement(By by)[xUnit.net 00:36:17.58]            bei SwissLife.F2c.FusionUITesting.Shared.Global.SelectContract(String userId, String contractId)[xUnit.net 00:36:17.58]            bei lambda_method(Closure , IContextManager , String , String )[xUnit.net 00:36:17.58]            bei TechTalk.SpecFlow.Bindings.BindingInvoker.InvokeBinding(IBinding binding, IContextManager contextManager, Object[] arguments, ITestTracer testTracer, TimeSpan&amp; duration)[xUnit.net 00:36:17.58]            bei TechTalk.SpecFlow.Infrastructure.TestExecutionEngine.ExecuteStepMatch(BindingMatch match, Object[] arguments)[xUnit.net 00:36:17.58]            bei TechTalk.SpecFlow.Infrastructure.TestExecutionEngine.ExecuteStep(IContextManager contextManager, StepInstance stepInstance)[xUnit.net 00:36:17.58]            bei TechTalk.SpecFlow.Infrastructure.TestExecutionEngine.OnAfterLastStep()[xUnit.net 00:36:17.59]            bei TechTalk.SpecFlow.TestRunner.CollectScenarioErrors()[xUnit.net 00:36:17.59]            bei SwissLife.F2c.FusionUITesting.Specs.KV.AllTransactionsOfKVContractFeature.ScenarioCleanup()[xUnit.net 00:36:17.59]            bei SwissLife.F2c.FusionUITesting.Specs.KV.AllTransactionsOfKVContractFeature.KV_AlleTransaktionen_FilterLetzte6Monate()[xUnit.net 00:36:17.59]         ----- Inner Stack Trace -----[xUnit.net 00:36:17.59]            bei System.Net.HttpWebRequest.GetResponse()[xUnit.net 00:36:17.59]            bei OpenQA.Selenium.Remote.HttpCommandExecutor.MakeHttpRequest(HttpRequestInfo requestInfo)[xUnit.net 00:38:23.31]       OpenQA.Selenium.NoSuchElementException : Unable to locate element: //li[text()='3800735791']/../..[xUnit.net 00:38:23.31]       Stack Trace:[xUnit.net 00:38:23.31]            bei OpenQA.Selenium.Remote.RemoteWebDriver.UnpackAndThrowOnError(Response errorResponse)[xUnit.net 00:38:23.31]            bei OpenQA.Selenium.Remote.RemoteWebDriver.Execute(String driverCommandToExecute, Dictionary`2 parameters)[xUnit.net 00:38:23.31]            bei OpenQA.Selenium.Remote.RemoteWebDriver.FindElement(String mechanism, String value)[xUnit.net 00:38:23.31]            bei OpenQA.Selenium.Remote.RemoteWebDriver.FindElementByXPath(String xpath)[xUnit.net 00:38:23.31]            bei OpenQA.Selenium.By.&lt;&gt;c__DisplayClass19_0.&lt;XPath&gt;b__0(ISearchContext context)[xUnit.net 00:38:23.31]            bei OpenQA.Selenium.By.FindElement(ISearchContext context)[xUnit.net 00:38:23.31]            bei OpenQA.Selenium.Remote.RemoteWebDriver.FindElement(By by)[xUnit.net 00:38:23.31]            bei SwissLife.F2c.FusionUITesting.Shared.Global.SelectContract(String userId, String contractId)[xUnit.net 00:38:23.31]            bei lambda_method(Closure , IContextManager , String , String )[xUnit.net 00:38:23.31]            bei TechTalk.SpecFlow.Bindings.BindingInvoker.InvokeBinding(IBinding binding, IContextManager contextManager, Object[] arguments, ITestTracer testTracer, TimeSpan&amp; duration)[xUnit.net 00:38:23.31]            bei TechTalk.SpecFlow.Infrastructure.TestExecutionEngine.ExecuteStepMatch(BindingMatch match, Object[] arguments)[xUnit.net 00:38:23.31]            bei TechTalk.SpecFlow.Infrastructure.TestExecutionEngine.ExecuteStep(IContextManager contextManager, StepInstance stepInstance)[xUnit.net 00:38:23.31]            bei TechTalk.SpecFlow.Infrastructure.TestExecutionEngine.OnAfterLastStep()[xUnit.net 00:38:23.31]            bei TechTalk.SpecFlow.TestRunner.CollectScenarioErrors()[xUnit.net 00:38:23.31]            bei SwissLife.F2c.FusionUITesting.Specs.KV.AllTransactionsOfKVContractFeature.ScenarioCleanup()[xUnit.net 00:38:23.31]            bei SwissLife.F2c.FusionUITesting.Specs.KV.AllTransactionsOfKVContractFeature.KV_AlleTransaktionen_ValidateTheTableContent()[xUnit.net 00:40:31.06]       OpenQA.Selenium.WebDriverException : The HTTP request to the remote WebDriver server for URL http://localhost:55692/session/1905f310-21c7-4c9b-bbdc-d659c9879df8/element timed out after 120 seconds.[xUnit.net 00:40:31.06]       ---- System.Net.WebException : Die Anfrage wurde abgebrochen: Timeout für Vorgang überschritten.[xUnit.net 00:40:31.06]       Stack Trace:[xUnit.net 00:40:31.06]            bei OpenQA.Selenium.Remote.HttpCommandExecutor.MakeHttpRequest(HttpRequestInfo requestInfo)[xUnit.net 00:40:31.06]            bei OpenQA.Selenium.Remote.HttpCommandExecutor.Execute(Command commandToExecute)[xUnit.net 00:40:31.06]            bei OpenQA.Selenium.Remote.DriverServiceCommandExecutor.Execute(Command commandToExecute)[xUnit.net 00:40:31.06]            bei OpenQA.Selenium.Remote.RemoteWebDriver.Execute(String driverCommandToExecute, Dictionary`2 parameters)[xUnit.net 00:40:31.06]            bei OpenQA.Selenium.Remote.RemoteWebDriver.FindElement(String mechanism, String value)[xUnit.net 00:40:31.06]            bei OpenQA.Selenium.Remote.RemoteWebDriver.FindElementByXPath(String xpath)[xUnit.net 00:40:31.06]            bei OpenQA.Selenium.By.&lt;&gt;c__DisplayClass19_0.&lt;XPath&gt;b__0(ISearchContext context)[xUnit.net 00:40:31.06]            bei OpenQA.Selenium.By.FindElement(ISearchContext context)[xUnit.net 00:40:31.06]            bei OpenQA.Selenium.Remote.RemoteWebDriver.FindElement(By by)[xUnit.net 00:40:31.06]            bei SwissLife.F2c.FusionUITesting.Shared.Global.SelectContract(String userId, String contractId)[xUnit.net 00:40:31.06]            bei lambda_method(Closure , IContextManager , String , String )[xUnit.net 00:40:31.06]            bei TechTalk.SpecFlow.Bindings.BindingInvoker.InvokeBinding(IBinding binding, IContextManager contextManager, Object[] arguments, ITestTracer testTracer, TimeSpan&amp; duration)[xUnit.net 00:40:31.06]            bei TechTalk.SpecFlow.Infrastructure.TestExecutionEngine.ExecuteStepMatch(BindingMatch match, Object[] arguments)[xUnit.net 00:40:31.06]            bei TechTalk.SpecFlow.Infrastructure.TestExecutionEngine.ExecuteStep(IContextManager contextManager, StepInstance stepInstance)[xUnit.net 00:40:31.06]            bei TechTalk.SpecFlow.Infrastructure.TestExecutionEngine.OnAfterLastStep()[xUnit.net 00:40:31.06]            bei TechTalk.SpecFlow.TestRunner.CollectScenarioErrors()[xUnit.net 00:40:31.06]            bei SwissLife.F2c.FusionUITesting.Specs.KV.AllTransactionsOfKVContractFeature.ScenarioCleanup()[xUnit.net 00:40:31.06]            bei SwissLife.F2c.FusionUITesting.Specs.KV.AllTransactionsOfKVContractFeature.KV_AlleTransaktionen_FilterVorletztesJahr()[xUnit.net 00:40:31.06]         ----- Inner Stack Trace -----[xUnit.net 00:40:31.06]            bei System.Net.HttpWebRequest.GetResponse()[xUnit.net 00:40:31.06]            bei OpenQA.Selenium.Remote.HttpCommandExecutor.MakeHttpRequest(HttpRequestInfo requestInfo)[xUnit.net 00:42:37.86]       OpenQA.Selenium.WebDriverException : The HTTP request to the remote WebDriver server for URL http://localhost:55692/session/1905f310-21c7-4c9b-bbdc-d659c9879df8/element timed out after 120 seconds.[xUnit.net 00:42:37.86]       ---- System.Net.WebException : Die Anfrage wurde abgebrochen: Timeout für Vorgang überschritten.[xUnit.net 00:42:37.86]       Stack Trace:[xUnit.net 00:42:37.86]            bei OpenQA.Selenium.Remote.HttpCommandExecutor.MakeHttpRequest(HttpRequestInfo requestInfo)[xUnit.net 00:42:37.86]            bei OpenQA.Selenium.Remote.HttpCommandExecutor.Execute(Command commandToExecute)[xUnit.net 00:42:37.86]            bei OpenQA.Selenium.Remote.DriverServiceCommandExecutor.Execute(Command commandToExecute)[xUnit.net 00:42:37.86]            bei OpenQA.Selenium.Remote.RemoteWebDriver.Execute(String driverCommandToExecute, Dictionary`2 parameters)[xUnit.net 00:42:37.86]            bei OpenQA.Selenium.Remote.RemoteWebDriver.FindElement(String mechanism, String value)[xUnit.net 00:42:37.86]            bei OpenQA.Selenium.Remote.RemoteWebDriver.FindElementByXPath(String xpath)[xUnit.net 00:42:37.86]            bei OpenQA.Selenium.By.&lt;&gt;c__DisplayClass19_0.&lt;XPath&gt;b__0(ISearchContext context)[xUnit.net 00:42:37.86]            bei OpenQA.Selenium.By.FindElement(ISearchContext context)[xUnit.net 00:42:37.86]            bei OpenQA.Selenium.Remote.RemoteWebDriver.FindElement(By by)[xUnit.net 00:42:37.86]            bei SwissLife.F2c.FusionUITesting.Shared.Global.SelectContract(String userId, String contractId)[xUnit.net 00:42:37.86]            bei lambda_method(Closure , IContextManager , String , String )[xUnit.net 00:42:37.86]            bei TechTalk.SpecFlow.Bindings.BindingInvoker.InvokeBinding(IBinding binding, IContextManager contextManager, Object[] arguments, ITestTracer testTracer, TimeSpan&amp; duration)[xUnit.net 00:42:37.86]            bei TechTalk.SpecFlow.Infrastructure.TestExecutionEngine.ExecuteStepMatch(BindingMatch match, Object[] arguments)[xUnit.net 00:42:37.86]            bei TechTalk.SpecFlow.Infrastructure.TestExecutionEngine.ExecuteStep(IContextManager contextManager, StepInstance stepInstance)[xUnit.net 00:42:37.86]            bei TechTalk.SpecFlow.Infrastructure.TestExecutionEngine.OnAfterLastStep()[xUnit.net 00:42:37.86]            bei TechTalk.SpecFlow.TestRunner.CollectScenarioErrors()[xUnit.net 00:42:37.86]            bei SwissLife.F2c.FusionUITesting.Specs.KV.AllTransactionsOfKVContractFeature.ScenarioCleanup()[xUnit.net 00:42:37.86]            bei SwissLife.F2c.FusionUITesting.Specs.KV.AllTransactionsOfKVContractFeature.KV_AlleTransaktionen_ValidateTheTableHeader()[xUnit.net 00:42:37.86]         ----- Inner Stack Trace -----[xUnit.net 00:42:37.87]            bei System.Net.HttpWebRequest.GetResponse()[xUnit.net 00:42:37.87]            bei OpenQA.Selenium.Remote.HttpCommandExecutor.MakeHttpRequest(HttpRequestInfo requestInfo)[xUnit.net 00:44:44.44]       OpenQA.Selenium.WebDriverException : The HTTP request to the remote WebDriver server for URL http://localhost:55692/session/1905f310-21c7-4c9b-bbdc-d659c9879df8/element timed out after 120 seconds.[xUnit.net 00:44:44.44]       ---- System.Net.WebException : Die Anfrage wurde abgebrochen: Timeout für Vorgang überschritten.[xUnit.net 00:44:44.44]       Stack Trace:[xUnit.net 00:44:44.44]            bei OpenQA.Selenium.Remote.HttpCommandExecutor.MakeHttpRequest(HttpRequestInfo requestInfo)[xUnit.net 00:44:44.44]            bei OpenQA.Selenium.Remote.HttpCommandExecutor.Execute(Command commandToExecute)[xUnit.net 00:44:44.44]            bei OpenQA.Selenium.Remote.DriverServiceCommandExecutor.Execute(Command commandToExecute)[xUnit.net 00:44:44.44]            bei OpenQA.Selenium.Remote.RemoteWebDriver.Execute(String driverCommandToExecute, Dictionary`2 parameters)[xUnit.net 00:44:44.44]            bei OpenQA.Selenium.Remote.RemoteWebDriver.FindElement(String mechanism, String value)[xUnit.net 00:44:44.44]            bei OpenQA.Selenium.Remote.RemoteWebDriver.FindElementByXPath(String xpath)[xUnit.net 00:44:44.44]            bei OpenQA.Selenium.By.&lt;&gt;c__DisplayClass19_0.&lt;XPath&gt;b__0(ISearchContext context)[xUnit.net 00:44:44.45]            bei OpenQA.Selenium.By.FindElement(ISearchContext context)[xUnit.net 00:44:44.45]            bei OpenQA.Selenium.Remote.RemoteWebDriver.FindElement(By by)[xUnit.net 00:44:44.45]            bei SwissLife.F2c.FusionUITesting.Shared.Global.SelectContract(String userId, String contractId)[xUnit.net 00:44:44.45]            bei lambda_method(Closure , IContextManager , String , String )[xUnit.net 00:44:44.45]            bei TechTalk.SpecFlow.Bindings.BindingInvoker.InvokeBinding(IBinding binding, IContextManager contextManager, Object[] arguments, ITestTracer testTracer, TimeSpan&amp; duration)[xUnit.net 00:44:44.45]            bei TechTalk.SpecFlow.Infrastructure.TestExecutionEngine.ExecuteStepMatch(BindingMatch match, Object[] arguments)[xUnit.net 00:44:44.45]            bei TechTalk.SpecFlow.Infrastructure.TestExecutionEngine.ExecuteStep(IContextManager contextManager, StepInstance stepInstance)[xUnit.net 00:44:44.45]            bei TechTalk.SpecFlow.Infrastructure.TestExecutionEngine.OnAfterLastStep()[xUnit.net 00:44:44.45]            bei TechTalk.SpecFlow.TestRunner.CollectScenarioErrors()[xUnit.net 00:44:44.45]            bei SwissLife.F2c.FusionUITesting.Specs.KV.AllTransactionsOfKVContractFeature.ScenarioCleanup()[xUnit.net 00:44:44.45]            bei SwissLife.F2c.FusionUITesting.Specs.KV.AllTransactionsOfKVContractFeature.KV_AlleTransaktionen_SortierungAbsteigend()[xUnit.net 00:44:44.45]         ----- Inner Stack Trace -----[xUnit.net 00:44:44.45]            bei System.Net.HttpWebRequest.GetResponse()[xUnit.net 00:44:44.45]            bei OpenQA.Selenium.Remote.HttpCommandExecutor.MakeHttpRequest(HttpRequestInfo requestInfo)[xUnit.net 00:46:51.09]       OpenQA.Selenium.WebDriverException : The HTTP request to the remote WebDriver server for URL http://localhost:55692/session/1905f310-21c7-4c9b-bbdc-d659c9879df8/element timed out after 120 seconds.[xUnit.net 00:46:51.09]       ---- System.Net.WebException : Die Anfrage wurde abgebrochen: Timeout für Vorgang überschritten.[xUnit.net 00:46:51.09]       Stack Trace:[xUnit.net 00:46:51.09]            bei OpenQA.Selenium.Remote.HttpCommandExecutor.MakeHttpRequest(HttpRequestInfo requestInfo)[xUnit.net 00:46:51.09]            bei OpenQA.Selenium.Remote.HttpCommandExecutor.Execute(Command commandToExecute)[xUnit.net 00:46:51.09]            bei OpenQA.Selenium.Remote.DriverServiceCommandExecutor.Execute(Command commandToExecute)[xUnit.net 00:46:51.09]            bei OpenQA.Selenium.Remote.RemoteWebDriver.Execute(String driverCommandToExecute, Dictionary`2 parameters)[xUnit.net 00:46:51.09]            bei OpenQA.Selenium.Remote.RemoteWebDriver.FindElement(String mechanism, String value)[xUnit.net 00:46:51.09]            bei OpenQA.Selenium.Remote.RemoteWebDriver.FindElementByXPath(String xpath)[xUnit.net 00:46:51.09]            bei OpenQA.Selenium.By.&lt;&gt;c__DisplayClass19_0.&lt;XPath&gt;b__0(ISearchContext context)[xUnit.net 00:46:51.09]            bei OpenQA.Selenium.By.FindElement(ISearchContext context)[xUnit.net 00:46:51.09]            bei OpenQA.Selenium.Remote.RemoteWebDriver.FindElement(By by)[xUnit.net 00:46:51.09]            bei SwissLife.F2c.FusionUITesting.Shared.Global.SelectContract(String userId, String contractId)[xUnit.net 00:46:51.09]            bei lambda_method(Closure , IContextManager , String , String )[xUnit.net 00:46:51.09]            bei TechTalk.SpecFlow.Bindings.BindingInvoker.InvokeBinding(IBinding binding, IContextManager contextManager, Object[] arguments, ITestTracer testTracer, TimeSpan&amp; duration)[xUnit.net 00:46:51.09]            bei TechTalk.SpecFlow.Infrastructure.TestExecutionEngine.ExecuteStepMatch(BindingMatch match, Object[] arguments)[xUnit.net 00:46:51.09]            bei TechTalk.SpecFlow.Infrastructure.TestExecutionEngine.ExecuteStep(IContextManager contextManager, StepInstance stepInstance)[xUnit.net 00:46:51.09]            bei TechTalk.SpecFlow.Infrastructure.TestExecutionEngine.OnAfterLastStep()[xUnit.net 00:46:51.09]            bei TechTalk.SpecFlow.TestRunner.CollectScenarioErrors()[xUnit.net 00:46:51.09]            bei SwissLife.F2c.FusionUITesting.Specs.KV.AllTransactionsOfKVContractFeature.ScenarioCleanup()[xUnit.net 00:46:51.09]            bei SwissLife.F2c.FusionUITesting.Specs.KV.AllTransactionsOfKVContractFeature.KV_AlleTransaktionen_FilterDiesesJahr()[xUnit.net 00:46:51.09]         ----- Inner Stack Trace -----[xUnit.net 00:46:51.09]            bei System.Net.HttpWebRequest.GetResponse()[xUnit.net 00:46:51.09]            bei OpenQA.Selenium.Remote.HttpCommandExecutor.MakeHttpRequest(HttpRequestInfo requestInfo)[xUnit.net 00:48:56.68]       OpenQA.Selenium.NoSuchElementException : Unable to locate element: //li[text()='3800735791']/../..[xUnit.net 00:48:56.68]       Stack Trace:[xUnit.net 00:48:56.68]            bei OpenQA.Selenium.Remote.RemoteWebDriver.UnpackAndThrowOnError(Response errorResponse)[xUnit.net 00:48:56.68]            bei OpenQA.Selenium.Remote.RemoteWebDriver.Execute(String driverCommandToExecute, Dictionary`2 parameters)[xUnit.net 00:48:56.68]            bei OpenQA.Selenium.Remote.RemoteWebDriver.FindElement(String mechanism, String value)[xUnit.net 00:48:56.68]            bei OpenQA.Selenium.Remote.RemoteWebDriver.FindElementByXPath(String xpath)[xUnit.net 00:48:56.68]            bei OpenQA.Selenium.By.&lt;&gt;c__DisplayClass19_0.&lt;XPath&gt;b__0(ISearchContext context)[xUnit.net 00:48:56.68]            bei OpenQA.Selenium.By.FindElement(ISearchContext context)[xUnit.net 00:48:56.68]            bei OpenQA.Selenium.Remote.RemoteWebDriver.FindElement(By by)[xUnit.net 00:48:56.68]            bei SwissLife.F2c.FusionUITesting.Shared.Global.SelectContract(String userId, String contractId)[xUnit.net 00:48:56.68]            bei lambda_method(Closure , IContextManager , String , String )[xUnit.net 00:48:56.68]            bei TechTalk.SpecFlow.Bindings.BindingInvoker.InvokeBinding(IBinding binding, IContextManager contextManager, Object[] arguments, ITestTracer testTracer, TimeSpan&amp; duration)[xUnit.net 00:48:56.68]            bei TechTalk.SpecFlow.Infrastructure.TestExecutionEngine.ExecuteStepMatch(BindingMatch match, Object[] arguments)[xUnit.net 00:48:56.68]            bei TechTalk.SpecFlow.Infrastructure.TestExecutionEngine.ExecuteStep(IContextManager contextManager, StepInstance stepInstance)[xUnit.net 00:48:56.68]            bei TechTalk.SpecFlow.Infrastructure.TestExecutionEngine.OnAfterLastStep()[xUnit.net 00:48:56.69]            bei TechTalk.SpecFlow.TestRunner.CollectScenarioErrors()[xUnit.net 00:48:56.69]            bei SwissLife.F2c.FusionUITesting.Specs.KV.AllTransactionsOfKVContractFeature.ScenarioCleanup()[xUnit.net 00:48:56.69]            bei SwissLife.F2c.FusionUITesting.Specs.KV.AllTransactionsOfKVContractFeature.KV_AlleTransaktionen_FilterLetztesJahr()[xUnit.net 00:51:03.32]       OpenQA.Selenium.NoSuchElementException : Unable to locate element: //li[text()='3800735791']/../..[xUnit.net 00:51:03.32]       Stack Trace:[xUnit.net 00:51:03.32]            bei OpenQA.Selenium.Remote.RemoteWebDriver.UnpackAndThrowOnError(Response errorResponse)[xUnit.net 00:51:03.32]            bei OpenQA.Selenium.Remote.RemoteWebDriver.Execute(String driverCommandToExecute, Dictionary`2 parameters)[xUnit.net 00:51:03.32]            bei OpenQA.Selenium.Remote.RemoteWebDriver.FindElement(String mechanism, String value)[xUnit.net 00:51:03.32]            bei OpenQA.Selenium.Remote.RemoteWebDriver.FindElementByXPath(String xpath)[xUnit.net 00:51:03.32]            bei OpenQA.Selenium.By.&lt;&gt;c__DisplayClass19_0.&lt;XPath&gt;b__0(ISearchContext context)[xUnit.net 00:51:03.32]            bei OpenQA.Selenium.By.FindElement(ISearchContext context)[xUnit.net 00:51:03.32]            bei OpenQA.Selenium.Remote.RemoteWebDriver.FindElement(By by)[xUnit.net 00:51:03.32]            bei SwissLife.F2c.FusionUITesting.Shared.Global.SelectContract(String userId, String contractId)[xUnit.net 00:51:03.32]            bei lambda_method(Closure , IContextManager , String , String )[xUnit.net 00:51:03.32]            bei TechTalk.SpecFlow.Bindings.BindingInvoker.InvokeBinding(IBinding binding, IContextManager contextManager, Object[] arguments, ITestTracer testTracer, TimeSpan&amp; duration)[xUnit.net 00:51:03.32]            bei TechTalk.SpecFlow.Infrastructure.TestExecutionEngine.ExecuteStepMatch(BindingMatch match, Object[] arguments)[xUnit.net 00:51:03.32]            bei TechTalk.SpecFlow.Infrastructure.TestExecutionEngine.ExecuteStep(IContextManager contextManager, StepInstance stepInstance)[xUnit.net 00:51:03.32]            bei TechTalk.SpecFlow.Infrastructure.TestExecutionEngine.OnAfterLastStep()[xUnit.net 00:51:03.32]            bei TechTalk.SpecFlow.TestRunner.CollectScenarioErrors()[xUnit.net 00:51:03.32]            bei SwissLife.F2c.FusionUITesting.Specs.KV.AllTransactionsOfKVContractFeature.ScenarioCleanup()[xUnit.net 00:51:03.32]            bei SwissLife.F2c.FusionUITesting.Specs.KV.AllTransactionsOfKVContractFeature.KV_AlleTransaktionen_SortierungAufsteigen()[xUnit.net 00:53:09.84]       OpenQA.Selenium.WebDriverException : The HTTP request to the remote WebDriver server for URL http://localhost:55692/session/1905f310-21c7-4c9b-bbdc-d659c9879df8/element timed out after 120 seconds.[xUnit.net 00:53:09.84]       ---- System.Net.WebException : Die Anfrage wurde abgebrochen: Timeout für Vorgang überschritten.[xUnit.net 00:53:09.84]       Stack Trace:[xUnit.net 00:53:09.84]            bei OpenQA.Selenium.Remote.HttpCommandExecutor.MakeHttpRequest(HttpRequestInfo requestInfo)[xUnit.net 00:53:09.84]            bei OpenQA.Selenium.Remote.HttpCommandExecutor.Execute(Command commandToExecute)[xUnit.net 00:53:09.84]            bei OpenQA.Selenium.Remote.DriverServiceCommandExecutor.Execute(Command commandToExecute)[xUnit.net 00:53:09.85]            bei OpenQA.Selenium.Remote.RemoteWebDriver.Execute(String driverCommandToExecute, Dictionary`2 parameters)[xUnit.net 00:53:09.85]            bei OpenQA.Selenium.Remote.RemoteWebDriver.FindElement(String mechanism, String value)[xUnit.net 00:53:09.85]            bei OpenQA.Selenium.Remote.RemoteWebDriver.FindElementByXPath(String xpath)[xUnit.net 00:53:09.85]            bei OpenQA.Selenium.By.&lt;&gt;c__DisplayClass19_0.&lt;XPath&gt;b__0(ISearchContext context)[xUnit.net 00:53:09.85]            bei OpenQA.Selenium.By.FindElement(ISearchContext context)[xUnit.net 00:53:09.85]            bei OpenQA.Selenium.Remote.RemoteWebDriver.FindElement(By by)[xUnit.net 00:53:09.85]            bei SwissLife.F2c.FusionUITesting.Shared.Global.SelectContract(String userId, String contractId)[xUnit.net 00:53:09.85]            bei lambda_method(Closure , IContextManager , String , String )[xUnit.net 00:53:09.85]            bei TechTalk.SpecFlow.Bindings.BindingInvoker.InvokeBinding(IBinding binding, IContextManager contextManager, Object[] arguments, ITestTracer testTracer, TimeSpan&amp; duration)[xUnit.net 00:53:09.85]            bei TechTalk.SpecFlow.Infrastructure.TestExecutionEngine.ExecuteStepMatch(BindingMatch match, Object[] arguments)[xUnit.net 00:53:09.85]            bei TechTalk.SpecFlow.Infrastructure.TestExecutionEngine.ExecuteStep(IContextManager contextManager, StepInstance stepInstance)[xUnit.net 00:53:09.85]            bei TechTalk.SpecFlow.Infrastructure.TestExecutionEngine.OnAfterLastStep()[xUnit.net 00:53:09.85]            bei TechTalk.SpecFlow.TestRunner.CollectScenarioErrors()[xUnit.net 00:53:09.85]            bei SwissLife.F2c.FusionUITesting.Specs.KV.AllTransactionsOfKVContractFeature.ScenarioCleanup()[xUnit.net 00:53:09.85]            bei SwissLife.F2c.FusionUITesting.Specs.KV.AllTransactionsOfKVContractFeature.KV_AlleTransaktionen_FilterAlterAlsVorletztesJahr()[xUnit.net 00:53:09.85]         ----- Inner Stack Trace -----[xUnit.net 00:53:09.85]            bei System.Net.HttpWebRequest.GetResponse()[xUnit.net 00:53:09.85]            bei OpenQA.Selenium.Remote.HttpCommandExecutor.MakeHttpRequest(HttpRequestInfo requestInfo)[xUnit.net 00:55:16.37]       OpenQA.Selenium.WebDriverException : The HTTP request to the remote WebDriver server for URL http://localhost:55692/session/1905f310-21c7-4c9b-bbdc-d659c9879df8/element timed out after 120 seconds.[xUnit.net 00:55:16.37]       ---- System.Net.WebException : Die Anfrage wurde abgebrochen: Timeout für Vorgang überschritten.[xUnit.net 00:55:16.37]       Stack Trace:[xUnit.net 00:55:16.37]            bei OpenQA.Selenium.Remote.HttpCommandExecutor.MakeHttpRequest(HttpRequestInfo requestInfo)[xUnit.net 00:55:16.37]            bei OpenQA.Selenium.Remote.HttpCommandExecutor.Execute(Command commandToExecute)[xUnit.net 00:55:16.37]            bei OpenQA.Selenium.Remote.DriverServiceCommandExecutor.Execute(Command commandToExecute)[xUnit.net 00:55:16.37]            bei OpenQA.Selenium.Remote.RemoteWebDriver.Execute(String driverCommandToExecute, Dictionary`2 parameters)[xUnit.net 00:55:16.37]            bei OpenQA.Selenium.Remote.RemoteWebDriver.FindElement(String mechanism, String value)[xUnit.net 00:55:16.37]            bei OpenQA.Selenium.Remote.RemoteWebDriver.FindElementByXPath(String xpath)[xUnit.net 00:55:16.37]            bei OpenQA.Selenium.By.&lt;&gt;c__DisplayClass19_0.&lt;XPath&gt;b__0(ISearchContext context)[xUnit.net 00:55:16.37]            bei OpenQA.Selenium.By.FindElement(ISearchContext context)[xUnit.net 00:55:16.37]            bei OpenQA.Selenium.Remote.RemoteWebDriver.FindElement(By by)[xUnit.net 00:55:16.37]            bei SwissLife.F2c.FusionUITesting.Shared.Global.SelectContract(String userId, String contractId)[xUnit.net 00:55:16.37]            bei lambda_method(Closure , IContextManager , String , String )[xUnit.net 00:55:16.37]            bei TechTalk.SpecFlow.Bindings.BindingInvoker.InvokeBinding(IBinding binding, IContextManager contextManager, Object[] arguments, ITestTracer testTracer, TimeSpan&amp; duration)[xUnit.net 00:55:16.37]            bei TechTalk.SpecFlow.Infrastructure.TestExecutionEngine.ExecuteStepMatch(BindingMatch match, Object[] arguments)[xUnit.net 00:55:16.37]            bei TechTalk.SpecFlow.Infrastructure.TestExecutionEngine.ExecuteStep(IContextManager contextManager, StepInstance stepInstance)[xUnit.net 00:55:16.37]            bei TechTalk.SpecFlow.Infrastructure.TestExecutionEngine.OnAfterLastStep()[xUnit.net 00:55:16.37]            bei TechTalk.SpecFlow.TestRunner.CollectScenarioErrors()[xUnit.net 00:55:16.37]            bei SwissLife.F2c.FusionUITesting.Specs.KV.AllTransactionsOfKVContractFeature.ScenarioCleanup()[xUnit.net 00:55:16.37]            bei SwissLife.F2c.FusionUITesting.Specs.KV.AllTransactionsOfKVContractFeature.KV_AlleTransaktionen_ValidateTheTitleOfTheWidget()[xUnit.net 00:55:16.37]         ----- Inner Stack Trace -----[xUnit.net 00:55:16.37]            bei System.Net.HttpWebRequest.GetResponse()[xUnit.net 00:55:16.37]            bei OpenQA.Selenium.Remote.HttpCommandExecutor.MakeHttpRequest(HttpRequestInfo requestInfo)[xUnit.net 00:58:18.01]       OpenQA.Selenium.WebDriverException : The HTTP request to the remote WebDriver server for URL http://localhost:55943/session/c70be017-3820-419c-981d-76046844ed02/element timed out after 120 seconds.[xUnit.net 00:58:18.02]       ---- System.Net.WebException : Die Anfrage wurde abgebrochen: Timeout für Vorgang überschritten.[xUnit.net 00:58:18.02]       Stack Trace:[xUnit.net 00:58:18.02]            bei OpenQA.Selenium.Remote.HttpCommandExecutor.MakeHttpRequest(HttpRequestInfo requestInfo)[xUnit.net 00:58:18.02]            bei OpenQA.Selenium.Remote.HttpCommandExecutor.Execute(Command commandToExecute)[xUnit.net 00:58:18.02]            bei OpenQA.Selenium.Remote.DriverServiceCommandExecutor.Execute(Command commandToExecute)[xUnit.net 00:58:18.02]            bei OpenQA.Selenium.Remote.RemoteWebDriver.Execute(String driverCommandToExecute, Dictionary`2 parameters)[xUnit.net 00:58:18.02]            bei OpenQA.Selenium.Remote.RemoteWebDriver.FindElement(String mechanism, String value)[xUnit.net 00:58:18.02]            bei OpenQA.Selenium.Remote.RemoteWebDriver.FindElementByCssSelector(String cssSelector)[xUnit.net 00:58:18.02]            bei OpenQA.Selenium.By.&lt;&gt;c__DisplayClass23_0.&lt;CssSelector&gt;b__0(ISearchContext context)[xUnit.net 00:58:18.02]            bei OpenQA.Selenium.By.FindElement(ISearchContext context)[xUnit.net 00:58:18.02]            bei OpenQA.Selenium.Remote.RemoteWebDriver.FindElement(By by)[xUnit.net 00:58:18.02]            bei SwissLife.F2c.FusionUITesting.Shared.Global.OpenInfodesk(String url, String username, String password)[xUnit.net 00:58:18.02]            bei SwissLife.F2c.FusionUITesting.Shared.Hooks.IchOeffneDasKundenportal()[xUnit.net 00:58:18.02]            bei lambda_method(Closure , IContextManager )[xUnit.net 00:58:18.02]            bei TechTalk.SpecFlow.Bindings.BindingInvoker.InvokeBinding(IBinding binding, IContextManager contextManager, Object[] arguments, ITestTracer testTracer, TimeSpan&amp; duration)[xUnit.net 00:58:18.02]            bei TechTalk.SpecFlow.Infrastructure.TestExecutionEngine.ExecuteStepMatch(BindingMatch match, Object[] arguments)[xUnit.net 00:58:18.02]            bei TechTalk.SpecFlow.Infrastructure.TestExecutionEngine.ExecuteStep(IContextManager contextManager, StepInstance stepInstance)[xUnit.net 00:58:18.02]            bei TechTalk.SpecFlow.Infrastructure.TestExecutionEngine.OnAfterLastStep()[xUnit.net 00:58:18.02]            bei TechTalk.SpecFlow.TestRunner.CollectScenarioErrors()[xUnit.net 00:58:18.02]            bei SwissLife.F2c.FusionUITesting.Specs.KV.PurchaseCardFeature.ScenarioCleanup()[xUnit.net 00:58:18.02]            bei SwissLife.F2c.FusionUITesting.Specs.KV.PurchaseCardFeature.KV_ProtectInvestSenioren_AnpassungKachelEinkauf()[xUnit.net 00:58:18.02]         ----- Inner Stack Trace -----[xUnit.net 00:58:18.02]            bei System.Net.HttpWebRequest.GetResponse()[xUnit.net 00:58:18.02]            bei OpenQA.Selenium.Remote.HttpCommandExecutor.MakeHttpRequest(HttpRequestInfo requestInfo)[xUnit.net 01:00:20.77]       OpenQA.Selenium.WebDriverException : The HTTP request to the remote WebDriver server for URL http://localhost:55943/session/c70be017-3820-419c-981d-76046844ed02/element timed out after 120 seconds.[xUnit.net 01:00:20.77]       ---- System.Net.WebException : Die Anfrage wurde abgebrochen: Timeout für Vorgang überschritten.[xUnit.net 01:00:20.77]       Stack Trace:[xUnit.net 01:00:20.77]            bei OpenQA.Selenium.Remote.HttpCommandExecutor.MakeHttpRequest(HttpRequestInfo requestInfo)[xUnit.net 01:00:20.77]            bei OpenQA.Selenium.Remote.HttpCommandExecutor.Execute(Command commandToExecute)[xUnit.net 01:00:20.77]            bei OpenQA.Selenium.Remote.DriverServiceCommandExecutor.Execute(Command commandToExecute)[xUnit.net 01:00:20.77]            bei OpenQA.Selenium.Remote.RemoteWebDriver.Execute(String driverCommandToExecute, Dictionary`2 parameters)[xUnit.net 01:00:20.77]            bei OpenQA.Selenium.Remote.RemoteWebDriver.FindElement(String mechanism, String value)[xUnit.net 01:00:20.77]            bei OpenQA.Selenium.Remote.RemoteWebDriver.FindElementByXPath(String xpath)[xUnit.net 01:00:20.77]            bei OpenQA.Selenium.By.&lt;&gt;c__DisplayClass19_0.&lt;XPath&gt;b__0(ISearchContext context)[xUnit.net 01:00:20.77]            bei OpenQA.Selenium.By.FindElement(ISearchContext context)[xUnit.net 01:00:20.77]            bei OpenQA.Selenium.Remote.RemoteWebDriver.FindElement(By by)[xUnit.net 01:00:20.77]            bei SwissLife.F2c.FusionUITesting.Shared.Global.OpenInfodesk(String url, String username, String password)[xUnit.net 01:00:20.77]            bei SwissLife.F2c.FusionUITesting.Shared.Hooks.IchOeffneDasKundenportal()[xUnit.net 01:00:20.77]            bei lambda_method(Closure , IContextManager )[xUnit.net 01:00:20.77]            bei TechTalk.SpecFlow.Bindings.BindingInvoker.InvokeBinding(IBinding binding, IContextManager contextManager, Object[] arguments, ITestTracer testTracer, TimeSpan&amp; duration)[xUnit.net 01:00:20.77]            bei TechTalk.SpecFlow.Infrastructure.TestExecutionEngine.ExecuteStepMatch(BindingMatch match, Object[] arguments)[xUnit.net 01:00:20.77]            bei TechTalk.SpecFlow.Infrastructure.TestExecutionEngine.ExecuteStep(IContextManager contextManager, StepInstance stepInstance)[xUnit.net 01:00:20.77]            bei TechTalk.SpecFlow.Infrastructure.TestExecutionEngine.OnAfterLastStep()[xUnit.net 01:00:20.77]            bei TechTalk.SpecFlow.TestRunner.CollectScenarioErrors()[xUnit.net 01:00:20.77]            bei SwissLife.F2c.FusionUITesting.Specs.KV.PurchaseCardFeature.ScenarioCleanup()[xUnit.net 01:00:20.77]            bei SwissLife.F2c.FusionUITesting.Specs.KV.PurchaseCardFeature.KV_EinkaufInDiePensionskasse()[xUnit.net 01:00:20.77]         ----- Inner Stack Trace -----[xUnit.net 01:00:20.77]            bei System.Net.HttpWebRequest.GetResponse()[xUnit.net 01:00:20.77]            bei OpenQA.Selenium.Remote.HttpCommandExecutor.MakeHttpRequest(HttpRequestInfo requestInfo)[xUnit.net 01:02:41.84]       OpenQA.Selenium.WebDriverException : The HTTP request to the remote WebDriver server for URL http://localhost:56011/session/1c9e61a9-d68e-4031-906f-3c066433e31f/element timed out after 120 seconds.[xUnit.net 01:02:41.84]       ---- System.Net.WebException : Die Anfrage wurde abgebrochen: Timeout für Vorgang überschritten.[xUnit.net 01:02:41.84]       Stack Trace:[xUnit.net 01:02:41.84]            bei OpenQA.Selenium.Remote.HttpCommandExecutor.MakeHttpRequest(HttpRequestInfo requestInfo)[xUnit.net 01:02:41.84]            bei OpenQA.Selenium.Remote.HttpCommandExecutor.Execute(Command commandToExecute)[xUnit.net 01:02:41.84]            bei OpenQA.Selenium.Remote.DriverServiceCommandExecutor.Execute(Command commandToExecute)[xUnit.net 01:02:41.84]            bei OpenQA.Selenium.Remote.RemoteWebDriver.Execute(String driverCommandToExecute, Dictionary`2 parameters)[xUnit.net 01:02:41.84]            bei OpenQA.Selenium.Remote.RemoteWebDriver.FindElement(String mechanism, String value)[xUnit.net 01:02:41.84]            bei OpenQA.Selenium.Remote.RemoteWebDriver.FindElementByXPath(String xpath)[xUnit.net 01:02:41.84]            bei OpenQA.Selenium.By.&lt;&gt;c__DisplayClass19_0.&lt;XPath&gt;b__0(ISearchContext context)[xUnit.net 01:02:41.84]            bei OpenQA.Selenium.By.FindElement(ISearchContext context)[xUnit.net 01:02:41.84]            bei OpenQA.Selenium.Remote.RemoteWebDriver.FindElement(By by)[xUnit.net 01:02:41.84]            bei SwissLife.F2c.FusionUITesting.Shared.Global.SelectContract(String userId, String contractId)[xUnit.net 01:02:41.84]            bei lambda_method(Closure , IContextManager , String , String )[xUnit.net 01:02:41.84]            bei TechTalk.SpecFlow.Bindings.BindingInvoker.InvokeBinding(IBinding binding, IContextManager contextManager, Object[] arguments, ITestTracer testTracer, TimeSpan&amp; duration)[xUnit.net 01:02:41.84]            bei TechTalk.SpecFlow.Infrastructure.TestExecutionEngine.ExecuteStepMatch(BindingMatch match, Object[] arguments)[xUnit.net 01:02:41.84]            bei TechTalk.SpecFlow.Infrastructure.TestExecutionEngine.ExecuteStep(IContextManager contextManager, StepInstance stepInstance)[xUnit.net 01:02:41.84]            bei TechTalk.SpecFlow.Infrastructure.TestExecutionEngine.OnAfterLastStep()[xUnit.net 01:02:41.84]            bei TechTalk.SpecFlow.TestRunner.CollectScenarioErrors()[xUnit.net 01:02:41.84]            bei SwissLife.F2c.FusionUITesting.Specs.KV.WithdrawalCapitalCardFeature.ScenarioCleanup()[xUnit.net 01:02:41.85]            bei SwissLife.F2c.FusionUITesting.Specs.KV.WithdrawalCapitalCardFeature.KV_WithdrawalCapitalCard_ImageComparison()[xUnit.net 01:02:41.85]         ----- Inner Stack Trace -----[xUnit.net 01:02:41.85]            bei System.Net.HttpWebRequest.GetResponse()[xUnit.net 01:02:41.85]            bei OpenQA.Selenium.Remote.HttpCommandExecutor.MakeHttpRequest(HttpRequestInfo requestInfo)[xUnit.net 01:04:48.57]       OpenQA.Selenium.WebDriverException : The HTTP request to the remote WebDriver server for URL http://localhost:56011/session/1c9e61a9-d68e-4031-906f-3c066433e31f/element timed out after 120 seconds.[xUnit.net 01:04:48.57]       ---- System.Net.WebException : Die Anfrage wurde abgebrochen: Timeout für Vorgang überschritten.[xUnit.net 01:04:48.57]       Stack Trace:[xUnit.net 01:04:48.57]            bei OpenQA.Selenium.Remote.HttpCommandExecutor.MakeHttpRequest(HttpRequestInfo requestInfo)[xUnit.net 01:04:48.57]            bei OpenQA.Selenium.Remote.HttpCommandExecutor.Execute(Command commandToExecute)[xUnit.net 01:04:48.57]            bei OpenQA.Selenium.Remote.DriverServiceCommandExecutor.Execute(Command commandToExecute)[xUnit.net 01:04:48.57]            bei OpenQA.Selenium.Remote.RemoteWebDriver.Execute(String driverCommandToExecute, Dictionary`2 parameters)[xUnit.net 01:04:48.57]            bei OpenQA.Selenium.Remote.RemoteWebDriver.FindElement(String mechanism, String value)[xUnit.net 01:04:48.57]            bei OpenQA.Selenium.Remote.RemoteWebDriver.FindElementByXPath(String xpath)[xUnit.net 01:04:48.57]            bei OpenQA.Selenium.By.&lt;&gt;c__DisplayClass19_0.&lt;XPath&gt;b__0(ISearchContext context)[xUnit.net 01:04:48.57]            bei OpenQA.Selenium.By.FindElement(ISearchContext context)[xUnit.net 01:04:48.57]            bei OpenQA.Selenium.Remote.RemoteWebDriver.FindElement(By by)[xUnit.net 01:04:48.57]            bei SwissLife.F2c.FusionUITesting.Shared.Global.SelectContract(String userId, String contractId)[xUnit.net 01:04:48.57]            bei lambda_method(Closure , IContextManager , String , String )[xUnit.net 01:04:48.58]            bei TechTalk.SpecFlow.Bindings.BindingInvoker.InvokeBinding(IBinding binding, IContextManager contextManager, Object[] arguments, ITestTracer testTracer, TimeSpan&amp; duration)[xUnit.net 01:04:48.58]            bei TechTalk.SpecFlow.Infrastructure.TestExecutionEngine.ExecuteStepMatch(BindingMatch match, Object[] arguments)[xUnit.net 01:04:48.58]            bei TechTalk.SpecFlow.Infrastructure.TestExecutionEngine.ExecuteStep(IContextManager contextManager, StepInstance stepInstance)[xUnit.net 01:04:48.58]            bei TechTalk.SpecFlow.Infrastructure.TestExecutionEngine.OnAfterLastStep()[xUnit.net 01:04:48.58]            bei TechTalk.SpecFlow.TestRunner.CollectScenarioErrors()[xUnit.net 01:04:48.58]            bei SwissLife.F2c.FusionUITesting.Specs.KV.WithdrawalCapitalCardFeature.ScenarioCleanup()[xUnit.net 01:04:48.58]            bei SwissLife.F2c.FusionUITesting.Specs.KV.WithdrawalCapitalCardFeature.KV_WithdrawalCapitalCard_WerteValidieren()[xUnit.net 01:04:48.58]         ----- Inner Stack Trace -----[xUnit.net 01:04:48.58]            bei System.Net.HttpWebRequest.GetResponse()[xUnit.net 01:04:48.58]            bei OpenQA.Selenium.Remote.HttpCommandExecutor.MakeHttpRequest(HttpRequestInfo requestInfo)[xUnit.net 01:08:22.76]       OpenQA.Selenium.WebDriverException : The HTTP request to the remote WebDriver server for URL http://localhost:56261/session/07a51659-d35f-46dd-96cd-4062f48e6ee7/element timed out after 120 seconds.[xUnit.net 01:08:22.76]       ---- System.Net.WebException : Die Anfrage wurde abgebrochen: Timeout für Vorgang überschritten.[xUnit.net 01:08:22.76]       Stack Trace:[xUnit.net 01:08:22.76]            bei OpenQA.Selenium.Remote.HttpCommandExecutor.MakeHttpRequest(HttpRequestInfo requestInfo)[xUnit.net 01:08:22.76]            bei OpenQA.Selenium.Remote.HttpCommandExecutor.Execute(Command commandToExecute)[xUnit.net 01:08:22.76]            bei OpenQA.Selenium.Remote.DriverServiceCommandExecutor.Execute(Command commandToExecute)[xUnit.net 01:08:22.76]            bei OpenQA.Selenium.Remote.RemoteWebDriver.Execute(String driverCommandToExecute, Dictionary`2 parameters)[xUnit.net 01:08:22.76]            bei OpenQA.Selenium.Remote.RemoteWebDriver.FindElement(String mechanism, String value)[xUnit.net 01:08:22.76]            bei OpenQA.Selenium.Remote.RemoteWebDriver.FindElementByXPath(String xpath)[xUnit.net 01:08:22.76]            bei OpenQA.Selenium.By.&lt;&gt;c__DisplayClass19_0.&lt;XPath&gt;b__0(ISearchContext context)[xUnit.net 01:08:22.76]            bei OpenQA.Selenium.By.FindElement(ISearchContext context)[xUnit.net 01:08:22.76]            bei OpenQA.Selenium.Remote.RemoteWebDriver.FindElement(By by)[xUnit.net 01:08:22.76]            bei SwissLife.F2c.FusionUITesting.Shared.Global.SelectContract(String userId, String contractId)[xUnit.net 01:08:22.76]            bei lambda_method(Closure , IContextManager , String , String )[xUnit.net 01:08:22.76]            bei TechTalk.SpecFlow.Bindings.BindingInvoker.InvokeBinding(IBinding binding, IContextManager contextManager, Object[] arguments, ITestTracer testTracer, TimeSpan&amp; duration)[xUnit.net 01:08:22.76]            bei TechTalk.SpecFlow.Infrastructure.TestExecutionEngine.ExecuteStepMatch(BindingMatch match, Object[] arguments)[xUnit.net 01:08:22.76]            bei TechTalk.SpecFlow.Infrastructure.TestExecutionEngine.ExecuteStep(IContextManager contextManager, StepInstance stepInstance)[xUnit.net 01:08:22.76]            bei TechTalk.SpecFlow.Infrastructure.TestExecutionEngine.OnAfterLastStep()[xUnit.net 01:08:22.76]            bei TechTalk.SpecFlow.TestRunner.CollectScenarioErrors()[xUnit.net 01:08:22.76]            bei SwissLife.F2c.FusionUITesting.Specs.KV.CurrentTransactionsCardFeature.ScenarioCleanup()[xUnit.net 01:08:22.76]            bei SwissLife.F2c.FusionUITesting.Specs.KV.CurrentTransactionsCardFeature.KV_AktuelleTransaktionen_Tabelle()[xUnit.net 01:08:22.76]         ----- Inner Stack Trace -----[xUnit.net 01:08:22.76]            bei System.Net.HttpWebRequest.GetResponse()[xUnit.net 01:08:22.76]            bei OpenQA.Selenium.Remote.HttpCommandExecutor.MakeHttpRequest(HttpRequestInfo requestInfo)[xUnit.net 01:10:29.48]       OpenQA.Selenium.WebDriverException : The HTTP request to the remote WebDriver server for URL http://localhost:56261/session/07a51659-d35f-46dd-96cd-4062f48e6ee7/element timed out after 120 seconds.[xUnit.net 01:10:29.48]       ---- System.Net.WebException : Die Anfrage wurde abgebrochen: Timeout für Vorgang überschritten.[xUnit.net 01:10:29.48]       Stack Trace:[xUnit.net 01:10:29.48]            bei OpenQA.Selenium.Remote.HttpCommandExecutor.MakeHttpRequest(HttpRequestInfo requestInfo)[xUnit.net 01:10:29.48]            bei OpenQA.Selenium.Remote.HttpCommandExecutor.Execute(Command commandToExecute)[xUnit.net 01:10:29.48]            bei OpenQA.Selenium.Remote.DriverServiceCommandExecutor.Execute(Command commandToExecute)[xUnit.net 01:10:29.48]            bei OpenQA.Selenium.Remote.RemoteWebDriver.Execute(String driverCommandToExecute, Dictionary`2 parameters)[xUnit.net 01:10:29.48]            bei OpenQA.Selenium.Remote.RemoteWebDriver.FindElement(String mechanism, String value)[xUnit.net 01:10:29.48]            bei OpenQA.Selenium.Remote.RemoteWebDriver.FindElementByXPath(String xpath)[xUnit.net 01:10:29.48]            bei OpenQA.Selenium.By.&lt;&gt;c__DisplayClass19_0.&lt;XPath&gt;b__0(ISearchContext context)[xUnit.net 01:10:29.48]            bei OpenQA.Selenium.By.FindElement(ISearchContext context)[xUnit.net 01:10:29.48]            bei OpenQA.Selenium.Remote.RemoteWebDriver.FindElement(By by)[xUnit.net 01:10:29.48]            bei SwissLife.F2c.FusionUITesting.Shared.Global.SelectContract(String userId, String contractId)[xUnit.net 01:10:29.48]            bei lambda_method(Closure , IContextManager , String , String )[xUnit.net 01:10:29.48]            bei TechTalk.SpecFlow.Bindings.BindingInvoker.InvokeBinding(IBinding binding, IContextManager contextManager, Object[] arguments, ITestTracer testTracer, TimeSpan&amp; duration)[xUnit.net 01:10:29.48]            bei TechTalk.SpecFlow.Infrastructure.TestExecutionEngine.ExecuteStepMatch(BindingMatch match, Object[] arguments)[xUnit.net 01:10:29.48]            bei TechTalk.SpecFlow.Infrastructure.TestExecutionEngine.ExecuteStep(IContextManager contextManager, StepInstance stepInstance)[xUnit.net 01:10:29.48]            bei TechTalk.SpecFlow.Infrastructure.TestExecutionEngine.OnAfterLastStep()[xUnit.net 01:10:29.48]            bei TechTalk.SpecFlow.TestRunner.CollectScenarioErrors()[xUnit.net 01:10:29.48]            bei SwissLife.F2c.FusionUITesting.Specs.KV.CurrentTransactionsCardFeature.ScenarioCleanup()[xUnit.net 01:10:29.48]            bei SwissLife.F2c.FusionUITesting.Specs.KV.CurrentTransactionsCardFeature.KV_AktuelleTransaktionen_Link()[xUnit.net 01:10:29.48]         ----- Inner Stack Trace -----[xUnit.net 01:10:29.48]            bei System.Net.HttpWebRequest.GetResponse()[xUnit.net 01:10:29.48]            bei OpenQA.Selenium.Remote.HttpCommandExecutor.MakeHttpRequest(HttpRequestInfo requestInfo)[xUnit.net 01:10:34.37]   Finished:    SwissLife.F2c.FusionUITesting</StdOut></Output><RunInfos><RunInfo computerName="spc-a-testagent" outcome="Error" timestamp="2019-05-17T05:27:22.5300997+02:00"><Text>[xUnit.net 00:02:40.75]     KV - Test Aktuelle Werte [FAIL]</Text></RunInfo><RunInfo computerName="spc-a-testagent" outcome="Error" timestamp="2019-05-17T05:29:43.3685863+02:00"><Text>[xUnit.net 00:05:01.59]     KV - Alle Leistungen - Card "Leistungen im Todesfall" [FAIL]</Text></RunInfo><RunInfo computerName="spc-a-testagent" outcome="Error" timestamp="2019-05-17T05:31:50.0781384+02:00"><Text>[xUnit.net 00:07:08.29]     KV - Alle Leistungen - Card "Leistungen bei Invalidität" [FAIL]</Text></RunInfo><RunInfo computerName="spc-a-testagent" outcome="Error" timestamp="2019-05-17T05:33:56.7567623+02:00"><Text>[xUnit.net 00:09:14.96]     KV - Alle Leistungen - Card "Leistungen im Alter" [FAIL]</Text></RunInfo><RunInfo computerName="spc-a-testagent" outcome="Error" timestamp="2019-05-17T05:36:03.6727420+02:00"><Text>[xUnit.net 00:11:21.88]     KV - Alle Leistungen - Reihenfolge validieren [FAIL]</Text></RunInfo><RunInfo computerName="spc-a-testagent" outcome="Error" timestamp="2019-05-17T05:39:06.1188392+02:00"><Text>[xUnit.net 00:14:24.32]     KV - Protect / Invest: Inaktive Versicherung: Wichtigste Werte [FAIL]</Text></RunInfo><RunInfo computerName="spc-a-testagent" outcome="Error" timestamp="2019-05-17T05:41:12.8173754+02:00"><Text>[xUnit.net 00:16:31.01]     KV - Test der Texte [FAIL]</Text></RunInfo><RunInfo computerName="spc-a-testagent" outcome="Error" timestamp="2019-05-17T05:44:00.2409553+02:00"><Text>[xUnit.net 00:19:18.42]     KV - Pensionierung planen Card [FAIL]</Text></RunInfo><RunInfo computerName="spc-a-testagent" outcome="Error" timestamp="2019-05-17T05:46:07.0089308+02:00"><Text>[xUnit.net 00:21:25.19]     KV - Wording "Alle Leistungen im Detail" [FAIL]</Text></RunInfo><RunInfo computerName="spc-a-testagent" outcome="Error" timestamp="2019-05-17T05:48:26.8094622+02:00"><Text>[xUnit.net 00:23:44.98]     KV - Seniorenplan: Kachel Ihre Leistungen - Invalidenleistungen [FAIL]</Text></RunInfo><RunInfo computerName="spc-a-testagent" outcome="Error" timestamp="2019-05-17T05:51:40.3755178+02:00"><Text>[xUnit.net 00:26:58.55]     KV - Ihre Vertragsdaten - Image Comparison [FAIL]</Text></RunInfo><RunInfo computerName="spc-a-testagent" outcome="Error" timestamp="2019-05-17T05:53:47.2376934+02:00"><Text>[xUnit.net 00:29:05.40]     KV - Protect / Invest: Inaktive Versicherung: Vertragsdaten [FAIL]</Text></RunInfo><RunInfo computerName="spc-a-testagent" outcome="Error" timestamp="2019-05-17T05:55:54.0108062+02:00"><Text>[xUnit.net 00:31:12.17]     KV - Ihre Vertragsdaten [FAIL]</Text></RunInfo><RunInfo computerName="spc-a-testagent" outcome="Error" timestamp="2019-05-17T05:58:16.8547228+02:00"><Text>[xUnit.net 00:33:35.01]     KV: Übersicht inaktive Versicherungen [FAIL]</Text></RunInfo><RunInfo computerName="spc-a-testagent" outcome="Error" timestamp="2019-05-17T06:00:59.4359034+02:00"><Text>[xUnit.net 00:36:17.58]     KV - Alle Transaktionen - Filter letzte 6 Monate [FAIL]</Text></RunInfo><RunInfo computerName="spc-a-testagent" outcome="Error" timestamp="2019-05-17T06:03:05.1650490+02:00"><Text>[xUnit.net 00:38:23.31]     KV - Alle Transaktionen - Validate the table content [FAIL]</Text></RunInfo><RunInfo computerName="spc-a-testagent" outcome="Error" timestamp="2019-05-17T06:05:12.9231231+02:00"><Text>[xUnit.net 00:40:31.06]     KV - Alle Transaktionen - Filter vorletztes Jahr [FAIL]</Text></RunInfo><RunInfo computerName="spc-a-testagent" outcome="Error" timestamp="2019-05-17T06:07:19.7288013+02:00"><Text>[xUnit.net 00:42:37.86]     KV - Alle Transaktionen - Validate the table header [FAIL]</Text></RunInfo><RunInfo computerName="spc-a-testagent" outcome="Error" timestamp="2019-05-17T06:09:26.3158323+02:00"><Text>[xUnit.net 00:44:44.44]     KV - Alle Transaktionen - Sortierung absteigend [FAIL]</Text></RunInfo><RunInfo computerName="spc-a-testagent" outcome="Error" timestamp="2019-05-17T06:11:32.9654744+02:00"><Text>[xUnit.net 00:46:51.09]     KV - Alle Transaktionen - Filter dieses Jahr [FAIL]</Text></RunInfo><RunInfo computerName="spc-a-testagent" outcome="Error" timestamp="2019-05-17T06:13:38.5591484+02:00"><Text>[xUnit.net 00:48:56.68]     KV - Alle Transaktionen - Filter letztes Jahr [FAIL]</Text></RunInfo><RunInfo computerName="spc-a-testagent" outcome="Error" timestamp="2019-05-17T06:15:45.1980752+02:00"><Text>[xUnit.net 00:51:03.31]     KV - Alle Transaktionen - Sortierung aufsteigen [FAIL]</Text></RunInfo><RunInfo computerName="spc-a-testagent" outcome="Error" timestamp="2019-05-17T06:17:51.7349088+02:00"><Text>[xUnit.net 00:53:09.84]     KV - Alle Transaktionen - Filter älter als vorletztes Jahr [FAIL]</Text></RunInfo><RunInfo computerName="spc-a-testagent" outcome="Error" timestamp="2019-05-17T06:19:58.2673299+02:00"><Text>[xUnit.net 00:55:16.37]     KV - Alle Transaktionen - Validate the title of the widget [FAIL]</Text></RunInfo><RunInfo computerName="spc-a-testagent" outcome="Error" timestamp="2019-05-17T06:22:59.9215054+02:00"><Text>[xUnit.net 00:58:18.01]     KV - Protect / Invest: Senioren - Anpassung Kachel Einkauf [FAIL]</Text></RunInfo><RunInfo computerName="spc-a-testagent" outcome="Error" timestamp="2019-05-17T06:25:02.6699244+02:00"><Text>[xUnit.net 01:00:20.76]     KV - Einkauf in die Pensionskasse [FAIL]</Text></RunInfo><RunInfo computerName="spc-a-testagent" outcome="Error" timestamp="2019-05-17T06:27:23.7589262+02:00"><Text>[xUnit.net 01:02:41.84]     KV - Withdrawal Capital Card - Image Comparison [FAIL]</Text></RunInfo><RunInfo computerName="spc-a-testagent" outcome="Error" timestamp="2019-05-17T06:29:30.4923869+02:00"><Text>[xUnit.net 01:04:48.57]     KV - Withdrawal Capital Card - Werte validieren [FAIL]</Text></RunInfo><RunInfo computerName="spc-a-testagent" outcome="Error" timestamp="2019-05-17T06:33:04.6901998+02:00"><Text>[xUnit.net 01:08:22.76]     KV - Aktuelle Transaktionen - Tabelle [FAIL]</Text></RunInfo><RunInfo computerName="spc-a-testagent" outcome="Error" timestamp="2019-05-17T06:35:11.4100512+02:00"><Text>[xUnit.net 01:10:29.48]     KV - Aktuelle Transaktionen - Link [FAIL]</Text></RunInfo></RunInfos></ResultSummary></TestRun>