<?xml version="1.0" encoding="utf-8"?><TestRun id="78af3daf-aeef-49c6-be1b-06469863e921" name="buildadmin@spc-a-testagent 2019-05-17 05:20:38" runUser="spc-a-testagent\buildadmin" xmlns="http://microsoft.com/schemas/VisualStudio/TeamTest/2010"><Times creation="2019-05-17T05:20:38.0757148+02:00" queuing="2019-05-17T05:20:38.0757333+02:00" start="2019-05-17T05:17:13.3918551+02:00" finish="2019-05-17T05:20:39.0903805+02:00" /><TestSettings name="default" id="60eeefe6-2dfa-40e3-91c0-4203788fab1f"><Deployment runDeploymentRoot="buildadmin_spc-a-testagent_2019-05-17_05_20_38" /></TestSettings><Results><UnitTestResult executionId="1a0361ea-9195-4465-b009-39c960a30a35" testId="342e7521-f6ab-4e9d-afed-11dd00c3c8bb" testName="Check whether all components are covered with tests" computerName="spc-a-testagent" duration="00:03:09.5620000" startTime="2019-05-17T05:20:37.2406766+02:00" endTime="2019-05-17T05:20:37.2406766+02:00" testType="13cdc9d9-ddb5-4fa4-a97d-d965ccfc6d4b" outcome="Passed" testListId="8c84fa94-04c1-424b-9868-57a2d4851a1d" relativeResultsDirectory="1a0361ea-9195-4465-b009-39c960a30a35" /></Results><TestDefinitions><UnitTest name="Check whether all components are covered with tests" storage="c:\b\1\4\s\src\fusion-styleguidetesting\bin\release\net461\swisslife.f2c.fusion.styleguidetesting.exe" id="342e7521-f6ab-4e9d-afed-11dd00c3c8bb"><Execution id="1a0361ea-9195-4465-b009-39c960a30a35" /><TestMethod codeBase="C:\B\1\4\s\src\Fusion-StyleGuideTesting\bin\Release\net461\SwissLife.F2c.Fusion.StyleGuideTesting.exe" adapterTypeName="executor://xunit/VsTestRunner2/net" className="SwissLife.F2c.Fusion.StyleGuideTesting.GherkinSpecs.BaseCoverageTestFeature" name="Check whether all components are covered with tests" /></UnitTest></TestDefinitions><TestEntries><TestEntry testId="342e7521-f6ab-4e9d-afed-11dd00c3c8bb" executionId="1a0361ea-9195-4465-b009-39c960a30a35" testListId="8c84fa94-04c1-424b-9868-57a2d4851a1d" /></TestEntries><TestLists><TestList name="Results Not in a List" id="8c84fa94-04c1-424b-9868-57a2d4851a1d" /><TestList name="All Loaded Results" id="19431567-8539-422a-85d7-44ee4e166bda" /></TestLists><ResultSummary outcome="Completed"><Counters total="1" executed="1" passed="1" failed="0" error="0" timeout="0" aborted="0" inconclusive="0" passedButRunAborted="0" notRunnable="0" notExecuted="0" disconnected="0" warning="0" completed="0" inProgress="0" pending="0" /><Output><StdOut>[xUnit.net 00:00:00.00] xUnit.net VSTest Adapter v2.4.1 (32-bit Desktop .NET 4.0.30319.42000)[xUnit.net 00:00:04.27]   Discovering: SwissLife.F2c.Fusion.StyleGuideTesting[xUnit.net 00:00:04.74]   Discovered:  SwissLife.F2c.Fusion.StyleGuideTesting[xUnit.net 00:00:04.77]   Starting:    SwissLife.F2c.Fusion.StyleGuideTesting[xUnit.net 00:03:24.19]   Finished:    SwissLife.F2c.Fusion.StyleGuideTesting</StdOut></Output></ResultSummary></TestRun>